2012-03-21 - 01:15:01 Cfg2Html -AIX- Version 2.72
2012-03-21 - 01:15:01 User...: root
2012-03-21 - 01:15:01 ProcID.: 1855724
2012-03-21 - 01:15:01 TERM...: dumb
2012-03-21 - 01:15:01 MYSELF.: /infra/opt/cfg2html/bin/cfg2html
2012-03-21 - 01:15:01 PLUGINS: /infra/opt/cfg2html/bin/plugins
2012-03-21 - 01:15:02 OSLEVEL_R=5200-10
2012-03-21 - 01:15:02 You are at TECHNOLOGY  LEVEL 10
2012-03-21 - 01:15:03 Node...: webftwp01b
2012-03-21 - 01:15:03 C2H020I ulimit -d is set to 'unlimited'. No action required.
2012-03-21 - 01:15:03 C2H021I ulimit -c is 2097151
2012-03-21 - 01:15:03 C2H021I ulimit -f is unlimited
2012-03-21 - 01:15:03 C2H021I ulimit -m is unlimited
2012-03-21 - 01:15:03 C2H021I ulimit -n is 2000
2012-03-21 - 01:15:03 C2H021I ulimit -s is 32768
2012-03-21 - 01:15:04 C2H021I ulimit -t is unlimited
2012-03-21 - 01:15:04 DT-0 2012-03-21 - 01:15:04
2012-03-21 - 01:15:04 : PROC_Type=PowerPC_POWER5
2012-03-21 - 01:15:04 : POWER5=YES
2012-03-21 - 01:15:04 : POWER6=NO
2012-03-21 - 01:15:07 : SysModel=IBM,9113-550
2012-03-21 - 01:15:10 : PROC_Type2=PowerPC_POWER5
2012-03-21 - 01:15:11 : CPU_Type=64-bit
2012-03-21 - 01:15:11 : KERNEL_Type=64-bit
2012-03-21 - 01:15:11 : 64BIT=YES
2012-03-21 - 01:15:11 DT-1 2012-03-21 - 01:15:11
2012-03-21 - 01:15:11 C2H100I RSCT installed: 2.3.11.0
2012-03-21 - 01:15:11 C2H101W CSM NOT installed RC=1
2012-03-21 - 01:15:11 DT-2 2012-03-21 - 01:15:11
========================================================================================================================
stderr output from "prtconf":
    0516-010 : Volume group must be varied on; use varyonvg command.
    0516-010 : Volume group must be varied on; use varyonvg command.
 
2012-03-21 - 01:15:23 %%% multiproc %%%%%%%%%
2012-03-21 - 01:15:23 %%% multiproc %%%%%%%%%
2012-03-21 - 01:15:25 %%% w ; sar %%%%%%%%%
2012-03-21 - 01:15:27 %%% w ; sar %%%%%%%%%
2012-03-21 - 01:15:28 C2H201I SUMA NOT available
2012-03-21 - 01:15:29 : vmtune **
2012-03-21 - 01:15:29 C2H903I package for cmd 'vmtune' not set.
2012-03-21 - 01:15:29 C2H904I lslpp shows 'bos.adt.samples'.
========================================================================================================================
stderr output from "lspv | grep -v none | awk '{print }' | while read hd ;       do lspv $hd; echo $SEP90; done | uniq | sed '$d'":
    0516-010 : Volume group must be varied on; use varyonvg command.
    0516-010 : Volume group must be varied on; use varyonvg command.
    0516-010 : Volume group must be varied on; use varyonvg command.
    0516-010 : Volume group must be varied on; use varyonvg command.
    0516-010 : Volume group must be varied on; use varyonvg command.
    0516-010 : Volume group must be varied on; use varyonvg command.
 
========================================================================================================================
stderr output from "lspv | grep -v none | awk '{print }' | while read hd ;       do lspv -p $hd; echo $SEP100; done | uniq | sed '$d'":
    0516-010 : Volume group must be varied on; use varyonvg command.
    0516-010 : Volume group must be varied on; use varyonvg command.
    0516-010 : Volume group must be varied on; use varyonvg command.
    0516-010 : Volume group must be varied on; use varyonvg command.
    0516-010 : Volume group must be varied on; use varyonvg command.
    0516-010 : Volume group must be varied on; use varyonvg command.
 
========================================================================================================================
stderr output from "lsvg | while read i; do      lsvg -l $i; echo $SEP80; done | uniq | sed '$d'":
    0516-010 : Volume group must be varied on; use varyonvg command.
    0516-010 : Volume group must be varied on; use varyonvg command.
 
========================================================================================================================
stderr output from "PrtLayout":
    expr: 0402-046 A specified operator requires numeric parameters.
    cat: 0652-050 Cannot open /tmp/c2h/PV_1.
    cat: 0652-050 Cannot open /tmp/c2h/PV_2.
    cat: 0652-050 Cannot open /tmp/c2h/PV_3.
    expr: 0402-046 A specified operator requires numeric parameters.
    cat: 0652-050 Cannot open /tmp/c2h/PV_1.
    cat: 0652-050 Cannot open /tmp/c2h/PV_2.
    cat: 0652-050 Cannot open /tmp/c2h/PV_3.
 
========================================================================================================================
stderr output from "PrintLVM":
    0516-010 : Volume group must be varied on; use varyonvg command.
    0516-010 : Volume group must be varied on; use varyonvg command.
 
========================================================================================================================
stderr output from "nfso -a":
    RPC: 1832-011 Program unavailable: nfso: cannot contact local lockd.
    RPC: 1832-011 Program unavailable: nfso: cannot contact local statd.
    RPC: 1832-011 Program unavailable: nfso: cannot contact local statd.
 
2012-03-21 - 01:17:13 C2H101W NIS n/a or not configured!
2012-03-21 - 01:17:18 C2H260W File 'dsm.sys' NOT Found.
========================================================================================================================
stderr output from "ls -al /var/log/*":
    ls: 0653-341 The file /var/log/* does not exist.
 
2012-03-21 - 01:17:41 C2H221I This system is a NIM Client
2012-03-21 - 01:17:41 C2H101W i4cfg NOT FOUND
2012-03-21 - 01:17:42 %%% APACHE %%%%%%%%%
2012-03-21 - 01:17:42 %%% APACHE %%%%%%%%%
2012-03-21 - 01:17:42 %%% SAMBA %%%%%%%%%
2012-03-21 - 01:17:42 %%% SAMBA %%%%%%%%%
2012-03-21 - 01:17:42 C2H080I file "/etc/oratab" found. Looks like you are using Oracle.
2012-03-21 - 01:17:42 :---------------------------------------
2012-03-21 - 01:17:42 EXP 001
2012-03-21 - 01:17:42 :---------------------------------------
2012-03-21 - 01:17:42 : EXPERIMENTAL
2012-03-21 - 01:17:42 C2H704I Plugin 'c2h_plugin_0' has EXECUTE Bit ON.
2012-03-21 - 01:17:42 C2H706I START Plugin 'c2h_plugin_0'.
2012-03-21 - 01:17:43 C2H903I package for cmd 'c2h_plugin_0' not set.
2012-03-21 - 01:17:43 C2H904I lslpp shows ''.
2012-03-21 - 01:17:45 C2H707I END   Plugin 'c2h_plugin_0'.
2012-03-21 - 01:17:49 C2H903I package for cmd 'aioo' not set.
2012-03-21 - 01:17:49 C2H904I lslpp shows 'bos.rte.aio'.
2012-03-21 - 01:17:51 C2H101W HOSTATTACHMENT NOT installed RC=1
2012-03-21 - 01:17:51 C2H253I neither SDD nor SDDPCM installed
2012-03-21 - 01:17:51 ...checking for IBM ESS
2012-03-21 - 01:17:52 ...checking for FAStT
2012-03-21 - 01:17:53 ...checking for EMC/Powerpath
2012-03-21 - 01:17:53 ...checking for Veritas
2012-03-21 - 01:17:53 C2H103I Veritas - Don't know how to check ! Please help.
2012-03-21 - 01:17:53 ...checking for HACMP
2012-03-21 - 01:17:54 C2H903I package for cmd 'cltopinfo' not set.
2012-03-21 - 01:17:54 C2H904I lslpp shows 'cluster.es.server.utils'.
2012-03-21 - 01:17:54 C2H903I package for cmd 'cldump' not set.
2012-03-21 - 01:17:54 C2H904I lslpp shows 'cluster.es.server.utils'.
2012-03-21 - 01:17:56 %%% gcc %%%%%%%%%
2012-03-21 - 01:17:56 : gcc not found wx=
2012-03-21 - 01:17:56 %%% gcc %%%%%%%%%
2012-03-21 - 01:17:56 EXP 994
2012-03-21 - 01:17:57 EXP 995
2012-03-21 - 01:17:58 C2H040I CMD 'pmcycles' not found in path.
2012-03-21 - 01:17:58 C2H041I You need to install package 'bos.pmapi.tools' to use cmd 'pmcycles'
2012-03-21 - 01:17:58 C2H043I CMD 'pmcycles' NOT EXECUTED!
2012-03-21 - 01:17:59 EXP 996
2012-03-21 - 01:17:59 AWINFO=<
2012-03-21 - 01:17:59 AWINFO=DUMMY<
2012-03-21 - 01:17:59 File DUMMY NOT Found<
2012-03-21 - 01:18:00 EXP 997
2012-03-21 - 01:18:01 EXP 998
2012-03-21 - 01:18:01 :---------------------------------------
2012-03-21 - 01:18:01 EXP 999
2012-03-21 - 01:18:01 C2H101W HP OpenView not installed.
2012-03-21 - 01:18:01 :---------------------------------------
2012-03-21 - 01:18:01 JAVA 001
2012-03-21 - 01:18:01 :---------------------------------------
2012-03-21 - 01:18:01 : JAVA
2012-03-21 - 01:18:02 FIX=IY96843 RC=0 TXT=Java 1.4.2 32-Bit Update 1.4.2.150 SR8
2012-03-21 - 01:18:02 J5_32=<
2012-03-21 - 01:18:02 J5_64=5.0.0.75<
2012-03-21 - 01:18:03 : JAVA_131_32=NO => UNSUPPORTED
2012-03-21 - 01:18:03 : JAVA_131_64=NO => UNSUPPORTED
2012-03-21 - 01:18:04 : JAVA_141_32=NO => UNSUPPORTED
2012-03-21 - 01:18:04 : JAVA_142_32=YES               
2012-03-21 - 01:18:04 : JAVA_142_64=NO               
2012-03-21 - 01:18:04 : JAVA_500_32=NO               
2012-03-21 - 01:18:04 : JAVA_500_64=YES               
2012-03-21 - 01:18:04 : JAVA_600_32=NO               
2012-03-21 - 01:18:04 : JAVA_600_64=NO               
2012-03-21 - 01:18:04 JAVA 998
2012-03-21 - 01:18:04 :---------------------------------------
2012-03-21 - 01:18:04 JAVA 999
========================================================================================================================
C2H950I now performing cleanup...(1)
ps -ef
ls -la /tmp/c2h/awaw_1855724
C2H090I Duration in seconds: 184
C2H091I Runtime 00:03:04
20120321 running run_cfg2html
package FTR_cfg2html-8.13-8 is already installed
Retrieving http://138.83.10.169/tools/FTR_cfg2html.rpm
No output file found, will run config script
Running /infra/opt/cfg2html/cfg2html -o /var/tmp 
Starting up Cfg2Html -AIX- Version 2.72

  >> Use option '[-x]' for 'Extended' output <<

2012-03-21 - 01:15:01 AW000I OUTDIR=/var/tmp
2012-03-21 - 01:15:01 AW000I OUTDIR_ENV=
2012-03-21 - 01:15:01 AW000I TERM=dumb
2012-03-21 - 01:15:01 AW000I LANG=en_US
2012-03-21 - 01:15:01 AW000I DISPLAY=
AWTRACE: CBR 003  (run-once) MYSELF=/infra/opt/cfg2html/bin/cfg2html 0=/infra/opt/cfg2html/bin/cfg2html B= P=1855724
    root 1855724  712880   2 01:15:01      -  0:00 /bin/ksh93 /infra/opt/cfg2html/bin/cfg2html -o /var/tmp -e 
AWTRACE: CBR 004 B= P=1855724
C2H070I aquired lock; continuing
AWTRACE: CBR 005  1855724
AWTRACE: CCC 001 ls
AWTRACE: CCC 002 rm
AWTRACE: CCC 003 xx
2012-03-21 - 01:15:01 Cfg2Html -AIX- Version 2.72

C2H034W ATTENTION: Version 2.72 of this script is the last to support AIX 5.2 !

C2H035I Note: This Version of AIX has NOT been testet with this version of the script !

WARNING NOT TESTESD ON AIX 5.2
AWTRACE: CBR 999
2012-03-21 - 01:15:07 : PRTCONF1
2012-03-21 - 01:15:10 : PRTCONF2
lslpp: 0504-132  Fileset csm.core not installed.
--=[ http://cfg2html.sourceforge.net ]=------------------------------------------------
Starting........: Cfg2Html -AIX- Version 2.72 on an AIX box
Path to Cfg2Html: /infra/opt/cfg2html/bin/cfg2html
Path to plugins.: /infra/opt/cfg2html/bin/plugins
Node............: webftwp01b
SysModel........: IBM,9113-550
OSLevel.........: 5200-10
ServicePac......: 5200-10-07-0902
User............: root
ProcessID.......: 1855724
HTML Output File: ///var/tmp/webftwp01b.html
Text Output File: ///var/tmp/webftwp01b.txt
Errors logged to: ///var/tmp/webftwp01b.err
Started at......: 2012-03-21 - 01:15:01
Commandline used: -o /var/tmp -e
Problem         : If Cfg2Html hangs on Hardware, press twice ENTER
                  or Ctrl-D. Then check or update your Diagnostics!
WARNING.........: USE AT YOUR OWN RISK!!! :-))
License.........: Freeware
--=[ http://cfg2html.sourceforge.net ]=------------------------------------------------

-=[ Run-Collection ]=-


Collecting: AIX/System .....................................
Collecting: Kernel .................
Collecting: Hardware ....
Collecting: Filesystems, Dump- and Paging-configuration ..................
Collecting: Devices .......0516-010 : Volume group must be varied on; use varyonvg command.
..0516-010 : Volume group must be varied on; use varyonvg command.
....
Collecting: LVM ......0516-010 : Volume group must be varied on; use varyonvg command.
0516-010 : Volume group must be varied on; use varyonvg command.
.
Collecting: Users & Groups ..........
Collecting: Network Settings ....................
Collecting: Disk Quota .
Collecting: Current Fragmentation State .
Collecting: Cron and At .....
Collecting: Password and Group .
Collecting: Software .......
Collecting: Files ....................................................
Collecting: NIM - Network Installation Management .
Collecting: LUM - License Use Manager ...
Collecting: APPLICATIONS .
Collecting: EXPERIMENTAL .
== PLUGIN 0 ==
.
== lsslot ==
...
== aio ==
.....
== SDD/SDDPCM ==
..
== IBM ESS ==
...
== FAStT ==

== EMC PowerPath ==
.
== HACMP ==
..
== gcc ==
.......
== AWINFO-v ==

== AWINFO-n ==
....
Collecting: HP OpenView .
Collecting: JAVA .
== JAVA ==

== Java 1.4.2 32-Bit==
C2H803W Note: You are running a 64-Bit Kernel but your Java is 32-Bit
C2H809I Consider installing 64-Bit Version of Java 1.4.2

== check Fixes for Java 1.4.2 32-Bit ==
Instfix RC=249 ==> FIX (IZ23124) NOT Installed ! (TXT=Java 1.4.2 32-Bit Update 1.4.2.225 SR11)
Instfix RC=249 ==> FIX (IZ14148) NOT Installed ! (TXT=Java 1.4.2 32-Bit Update 1.4.2.200 SR10)
Instfix RC=249 ==> FIX (IZ01176) NOT Installed ! (TXT=Java 1.4.2 32-Bit Update 1.4.2.175 SR9)

== Java 1.4.2 64-Bit==

== Java 5.0.0 32-Bit==

== Java 5.0.0 64-Bit==

== check Fixes for Java 5.0.0 64-Bit ==
Instfix RC=249 ==> FIX (IZ18003) NOT Installed ! (TXT=Java 5.0.0 64-Bit Update 5.0.0.175 SR7)
Instfix RC=249 ==> FIX (IZ07646) NOT Installed ! (TXT=Java 5.0.0 64-Bit Update 5.0.0.160 SR6)
Instfix RC=249 ==> FIX (IZ02875) NOT Installed ! (TXT=Java 5.0.0 64-Bit Update 5.0.0.130 SR5a)
Instfix RC=249 ==> FIX (IY98586) NOT Installed ! (TXT=Java 5.0.0 64-Bit Update 5.0.0.125 SR5)
Instfix RC=249 ==> FIX (IY94335) NOT Installed ! (TXT=Java 5.0.0 64-Bit Update 5.0.0.100 SR4)
Instfix RC=249 ==> FIX (IY90295) NOT Installed ! (TXT=Java 5.0.0 64-Bit Update 5.0.0.75 SR3)
Instfix RC=249 ==> FIX (IY84055) NOT Installed ! (TXT=Java 5.0.0 64-Bit Update 5.0.0.50 SR2)
Instfix RC=249 ==> FIX (IY82254) NOT Installed ! (TXT=Java 5.0.0 64-Bit Update 5.0.0.25 SR1)
Instfix RC=249 ==> FIX (IY80650) NOT Installed ! (TXT=Java 5.0.0 64-Bit Update 5.0.0.10 n/a)

== Java 32/64-Bit==

== Java version==
..

--=[ http://cfg2html.sourceforge.net ]=------------------------------------------------
C2H950I now performing cleanup...(1)
2012-03-21 - 01:18:04 PROCID=1855724
    root 1855724  712880  78 01:15:01      -  0:29 /bin/ksh93 /infra/opt/cfg2html/bin/cfg2html -o /var/tmp -e 
======
======
ls -la /tmp/c2h/awaw_1855724
C2H090I Duration in seconds: 184
C2H091I Runtime 00:03:04
Finished Cfg2Html -AIX- Version 2.72 at 2012-03-21 - 01:18:05. RC=0
Completed
