which: no hwinfo in (/infra/opt/cfg2html/bin:/sbin:/bin:/usr/sbin:/usr/bin:/sbin:/bin:/usr/sbin:/opt/omni/bin:/opt/omni/sbin)
which: no lsdev in (/infra/opt/cfg2html/bin:/sbin:/bin:/usr/sbin:/usr/bin:/sbin:/bin:/usr/sbin:/opt/omni/bin:/opt/omni/sbin)

sfdisk: ERROR: sector 0 does not have an msdos signature
 /dev/sdd: unrecognized partition table type
No partitions found
Disk /dev/sdd doesn't contain a valid partition table
":
    -l: unknown option
stderr output from "PartitionDump":
    Disk /dev/sdd doesn't contain a valid partition table
stderr output from "/sbin/fdisk -l|sed 's/8e \ Unknown/8e \ LVM/g'":
    Disk /dev/sdd doesn't contain a valid partition table
stderr output from "cat /var/lib/multipath/bindings":
    cat: /var/lib/multipath/bindings: No such file or directory
stderr output from "lvm version":
    File descriptor 3 (socket:[737548]) leaked on lvm invocation. Parent PID 32338: /bin/bash
stderr output from "vgdisplay -v | awk -F' +' '/PV Name/ {print $4}'":
    File descriptor 3 (socket:[737548]) leaked on vgdisplay invocation. Parent PID 32352: /bin/bash
        Finding all volume groups
        Finding volume group "vgapp"
        Finding volume group "bvgroot"
        Finding volume group "vgroot"
stderr output from "vgdisplay -s | awk -F\" '{print $2}'":
    File descriptor 3 (socket:[737548]) leaked on vgdisplay invocation. Parent PID 32363: /bin/bash
stderr output from "vgdisplay -v | awk -F' +' '/LV Name/ {print $4}'":
    File descriptor 3 (socket:[737548]) leaked on vgdisplay invocation. Parent PID 32374: /bin/bash
        Finding all volume groups
        Finding volume group "vgapp"
        Finding volume group "bvgroot"
        Finding volume group "vgroot"
stderr output from "vgdisplay -v":
    File descriptor 3 (socket:[737548]) leaked on vgdisplay invocation. Parent PID 32386: /bin/bash
        Finding all volume groups
        Finding volume group "vgapp"
        Finding volume group "bvgroot"
        Finding volume group "vgroot"
stderr output from "PVDisplay":
    File descriptor 3 (socket:[737548]) leaked on pvdisplay invocation. Parent PID 32396: /bin/bash
        Using physical volume(s) on command line
    File descriptor 3 (socket:[737548]) leaked on pvdisplay invocation. Parent PID 32396: /bin/bash
        Using physical volume(s) on command line
    File descriptor 3 (socket:[737548]) leaked on pvdisplay invocation. Parent PID 32396: /bin/bash
        Using physical volume(s) on command line
    File descriptor 3 (socket:[737548]) leaked on pvdisplay invocation. Parent PID 32396: /bin/bash
        Using physical volume(s) on command line
stderr output from "if grep -q '' /etc/sysconfig/network-scripts/route-*; then for RouteCfgFile in /etc/sysconfig/network-scripts/route-*; do printf "\n\n$(basename ${RouteCfgFile}):\n\n"; cat ${RouteCfgFile}; done; fi":
    grep: /etc/sysconfig/network-scripts/route-*: No such file or directory
stderr output from "/sbin/mii-diag -a":
    Using the default interface 'eth0'.
stderr output from "cfg2html_plugin":
    which: no pkginfo in (/infra/opt/cfg2html/bin:/sbin:/bin:/usr/sbin:/usr/bin:/sbin:/bin:/usr/sbin:/opt/omni/bin:/opt/omni/sbin)
    /etc/cfg2html/plugindir/package_plugin.sh: line 12: -x: command not found


--=[ http://come.to/cfg2html ]=-----------------------------------------------
Starting          cfg2html-linux version 1.74-2010-03-11  
Path to Cfg2Html  /usr/bin/cfg2html-linux
HTML Output File  /var/tmp/lnxfwi01.html
Text Output File  /var/tmp/lnxfwi01.txt
Partitions        /var/tmp/lnxfwi01.partitions.save
Errors logged to  /var/tmp/lnxfwi01.err
Started at        2011-04-26 04:05:31
WARNING           USE AT YOUR OWN RISK!!! :-))

--=[ http://come.to/cfg2html ]=-----------------------------------------------

Collecting:  Linux System Red Hat Enterprise Linux Server release 5.3 (Tikanga)  ..............................
Collecting:  Cron and At  .............
Collecting:  Hardware  .................
Collecting:  Software  ....
Collecting:  Filesystems, Dump- and Swapconfiguration  ...........
Collecting:  Multipath Configuration  ........
Collecting:  LVM  ........
Collecting:  Network Settings  ..................................
Collecting:  Kernel, Modules and Libraries  ...............
Collecting:  System Enhancements  .
Collecting:  Applications and Subsystems  ......
Collecting:  Custom plugins  .............
Collecting:  Local files  ............

--=[ http://come.to/cfg2html ]=-----------------------------------------------


--=[ http://come.to/cfg2html ]=-----------------------------------------------
Starting          cfg2html-linux version 1.74-2010-03-11  
Path to Cfg2Html  /usr/bin/cfg2html-linux
HTML Output File  /var/tmp/lnxfwi01.html
Text Output File  /var/tmp/lnxfwi01.txt
Partitions        /var/tmp/lnxfwi01.partitions.save
Errors logged to  /var/tmp/lnxfwi01.err
Started at        2011-04-26 10:26:01
WARNING           USE AT YOUR OWN RISK!!! :-))

--=[ http://come.to/cfg2html ]=-----------------------------------------------

Collecting:  Linux System Red Hat Enterprise Linux Server release 5.3 (Tikanga)  ..............................
Collecting:  Cron and At  .............
Collecting:  Hardware  .................
Collecting:  Software  ....
Collecting:  Filesystems, Dump- and Swapconfiguration  ...........
Collecting:  Multipath Configuration  ........
Collecting:  LVM  ........
Collecting:  Network Settings  ..................................
Collecting:  Kernel, Modules and Libraries  ...............
Collecting:  System Enhancements  .
Collecting:  Applications and Subsystems  ......
Collecting:  Custom plugins  .............
Collecting:  Local files  ............

--=[ http://come.to/cfg2html ]=-----------------------------------------------


--=[ http://come.to/cfg2html ]=-----------------------------------------------
Starting          cfg2html-linux version 1.74-2010-03-11  
Path to Cfg2Html  /usr/bin/cfg2html-linux
HTML Output File  /var/tmp/lnxfwi01.html
Text Output File  /var/tmp/lnxfwi01.txt
Partitions        /var/tmp/lnxfwi01.partitions.save
Errors logged to  /var/tmp/lnxfwi01.err
Started at        2011-05-01 04:06:48
WARNING           USE AT YOUR OWN RISK!!! :-))

--=[ http://come.to/cfg2html ]=-----------------------------------------------

Collecting:  Linux System Red Hat Enterprise Linux Server release 5.3 (Tikanga)  ..............................
Collecting:  Cron and At  .............
Collecting:  Hardware  .................
Collecting:  Software  ....
Collecting:  Filesystems, Dump- and Swapconfiguration  ...........
Collecting:  Multipath Configuration  ........
Collecting:  LVM  ........
Collecting:  Network Settings  ..................................
Collecting:  Kernel, Modules and Libraries  ...............
Collecting:  System Enhancements  .
Collecting:  Applications and Subsystems  ......
Collecting:  Custom plugins  .............
Collecting:  Local files  ............

--=[ http://come.to/cfg2html ]=-----------------------------------------------


--=[ http://come.to/cfg2html ]=-----------------------------------------------
Starting          cfg2html-linux version 1.74-2010-03-11  
Path to Cfg2Html  /usr/bin/cfg2html-linux
HTML Output File  /var/tmp/lnxfwi01.html
Text Output File  /var/tmp/lnxfwi01.txt
Partitions        /var/tmp/lnxfwi01.partitions.save
Errors logged to  /var/tmp/lnxfwi01.err
Started at        2011-06-01 04:06:57
WARNING           USE AT YOUR OWN RISK!!! :-))

--=[ http://come.to/cfg2html ]=-----------------------------------------------

Collecting:  Linux System Red Hat Enterprise Linux Server release 5.3 (Tikanga)  ..............................
Collecting:  Cron and At  .............
Collecting:  Hardware  .................
Collecting:  Software  ....
Collecting:  Filesystems, Dump- and Swapconfiguration  ...........
Collecting:  Multipath Configuration  ........
Collecting:  LVM  ........
Collecting:  Network Settings  ..................................
Collecting:  Kernel, Modules and Libraries  ...............
Collecting:  System Enhancements  .
Collecting:  Applications and Subsystems  ......
Collecting:  Custom plugins  .............
Collecting:  Local files  ............

--=[ http://come.to/cfg2html ]=-----------------------------------------------


--=[ http://come.to/cfg2html ]=-----------------------------------------------
Starting          cfg2html-linux version 1.74-2010-03-11  
Path to Cfg2Html  /usr/bin/cfg2html-linux
HTML Output File  /var/tmp/lnxfwi01.html
Text Output File  /var/tmp/lnxfwi01.txt
Partitions        /var/tmp/lnxfwi01.partitions.save
Errors logged to  /var/tmp/lnxfwi01.err
Started at        2011-07-01 04:03:55
WARNING           USE AT YOUR OWN RISK!!! :-))

--=[ http://come.to/cfg2html ]=-----------------------------------------------

Collecting:  Linux System Red Hat Enterprise Linux Server release 5.3 (Tikanga)  ..............................
Collecting:  Cron and At  .............
Collecting:  Hardware  .................
Collecting:  Software  ....
Collecting:  Filesystems, Dump- and Swapconfiguration  ...........
Collecting:  Multipath Configuration  ........
Collecting:  LVM  ........
Collecting:  Network Settings  ..................................
Collecting:  Kernel, Modules and Libraries  ...............
Collecting:  System Enhancements  .
Collecting:  Applications and Subsystems  ......
Collecting:  Custom plugins  .............
Collecting:  Local files  ............

--=[ http://come.to/cfg2html ]=-----------------------------------------------


--=[ http://come.to/cfg2html ]=-----------------------------------------------
Starting          cfg2html-linux version 1.74-2010-03-11  
Path to Cfg2Html  /usr/bin/cfg2html-linux
HTML Output File  /var/tmp/lnxfwi01.html
Text Output File  /var/tmp/lnxfwi01.txt
Partitions        /var/tmp/lnxfwi01.partitions.save
Errors logged to  /var/tmp/lnxfwi01.err
Started at        2011-08-01 04:02:55
WARNING           USE AT YOUR OWN RISK!!! :-))

--=[ http://come.to/cfg2html ]=-----------------------------------------------

Collecting:  Linux System Red Hat Enterprise Linux Server release 5.3 (Tikanga)  ..............................
Collecting:  Cron and At  .............
Collecting:  Hardware  .................
Collecting:  Software  ....
Collecting:  Filesystems, Dump- and Swapconfiguration  ...........
Collecting:  Multipath Configuration  ........
Collecting:  LVM  ........
Collecting:  Network Settings  ..................................
Collecting:  Kernel, Modules and Libraries  ...............
Collecting:  System Enhancements  .
Collecting:  Applications and Subsystems  ......
Collecting:  Custom plugins  .............
Collecting:  Local files  ............

--=[ http://come.to/cfg2html ]=-----------------------------------------------
