/opt/cfg2html/plugins/get_ministat.sh[47]: 8478 Memory fault(coredump)
olrad:ERROR:Command only for internal use
ess Resource Manager is not configured
stderr output from "/opt/cfg2html/plugins/getpwd.hppa":
    exec_command[8]: 8830 Memory fault(coredump)
stderr output from "/opt/cfg2html/plugins/getpwd.hppa -g":
    exec_command[8]: 8839 Memory fault(coredump)
stderr output from "echo Total Memory:  GB;echo '';/opt/cfg2html/plugins/meminfo.hppa":
    exec_command[8]: 8860 Memory fault(coredump)
stderr output from "/usr/bin/mpsched -s ":
    System Configuration:
    =====================
    Locality Domain Count: 1
    Processor Count: 2
    Domain    Processors
    ------    ----------
       0        0   1 
stderr output from "/opt/sfm/bin/sfmconfig -w -q":
    /opt/sfm/bin/sfmconfig: illegal option -- w
stderr output from "/usr/sbin/icapmanage -sv":
    CIM_ERR_INVALID_CLASS: HP_GiCAPManager
stderr output from "olrad -q":
    olrad:ERROR:Command only for internal use
stderr output from "/opt/cfg2html/plugins/dumplvmtab.hppa":
    exec_command[8]: 12943 Memory fault(coredump)
stderr output from "vgdisplay -v |grep Name | /opt/cfg2html/plugins/pvgfilter.hppa":
    exec_command[8]: 12969 Memory fault(coredump)
stderr output from "lvlnboot -v vg00":
    lvlnboot: Volume group "/dev/vg00" does not exist in the "/etc/lvmtab" file.
stderr output from "praliases":
    praliases: /etc/mail/aliases: open: Berkeley DB file is an old version, recreate it
stderr output from "rpcinfo -u 127.0.0.1 100003":
    rpcinfo: RPC: Program not registered
stderr output from "showmount -a":
    showmount: xrmfwp06: RPC: Program not registered
stderr output from "/usr/sbin/setoncenv -l nfs":
    setoncenv variable_name value
    	 variable_name
    		 AUTOFS 
    		 AUTOMOUNT 
    		 NFS_CLIENT 
    		 NFS_SERVER 
    		 NISPLUS_CLIENT 
    		 NISPLUS_SERVER 
    		 NIS_CLIENT 
    		 NIS_MASTER_SERVER 
    		 NIS_SLAVE_SERVER 
    		 PCNFS_SERVER 
    		 START_MOUNTD 
    
    	 value (i.e.) 
    		 1 
    		 0 
    
stderr output from "/opt/samba/bin/findsmb":
    exec_command[8]: /opt/samba/bin/findsmb:  not found
stderr output from "/opt/samba/bin/testparm -s":
    Load smb config files from /etc/opt/samba/smb.conf
    Processing section "[homes]"
    Processing section "[tmp]"
    Loaded services file OK.
    Server role: ROLE_DOMAIN_MEMBER
stderr output from "/usr/sbin/vxlicrep -e":
    exec_command[8]: /usr/sbin/vxlicrep:  not found
stderr output from "su - informix -c "echo Informix Home="":
    ttytype: couldn't open /dev/tty for reading
    stty: : Not a typewriter
    Not a terminal
    stty: : Not a typewriter
    stty: : Not a typewriter
    ${HOME:-.}/.profile[22]: TERM: parameter not set
stderr output from "su - informix -c "onstat -d"":
    ttytype: couldn't open /dev/tty for reading
    stty: : Not a typewriter
    Not a terminal
    stty: : Not a typewriter
    stty: : Not a typewriter
    ${HOME:-.}/.profile[22]: TERM: parameter not set
    ksh: onstat:  not found
20120301 running run_cfg2html.ksh
ERROR:   "cxfwgp01:/apps/opt/depots/hp/11xx/tools":  You do not have
         permission for this operation.  The depot owner, system
         administrator, or alternate root owner may need to use the
         "swreg" or "swacl" command to give you permission.  Or, to
         manage applications designed and packaged for nonprivileged
         mode, see the "run_as_superuser" option in the "sd" man page.
WARNING: More information may be found in the daemon logfile on this
         target (default location is
         cxfwgp01:/var/adm/sw/swagentd.log).
No output file for this month, will run config script
Running /infra/opt/cfg2html/cfg2html -o /var/tmp 


--=[ http://come.to/cfg2html ]=---------------------------------------------
Starting          cfg2html/HP-UX version 5.13 on a 9000/800/rp3440 box
Path to cfg2Html  /opt/cfg2html/cfg2html_hpux.sh
Path to plug-ins  /opt/cfg2html/plugins Arch=hppa
HTML Output File  /var/tmp/xrmfwp06.html
Text Output File  /var/tmp/xrmfwp06.txt
Errors logged to  /var/tmp/xrmfwp06.err
Started at        2012-03-01 01:15:06
Command line used -o /var/tmp -P
Problem           If cfg2html hangs on Hardware, press twice ENTER, Ctrl-D or
                  Crtl-\. Then check your Diagnostics (A.42++ and PHKL_29798)!
--=[ http://come.to/cfg2html ]=---------------------------------------------
USE AT YOUR OWN RISK! (for details read /opt/cfg2html/doc/cfg2html.html)
Online help: run cfg2html_hpux.sh -h for help or look at the ~/doc directory
--=[ http://come.to/cfg2html ]=---------------------------------------------

Collecting:  HP-UX/System  ........................
Collecting:  Hardware  .....Diag...............................................
Collecting:  Software  .........
Collecting:  Filesystems, Dump and Swap Configuration  ........
Collecting:  LVM  ...............
Collecting:  Network Settings/Network Interface Cards  ..........
Collecting:  Network Subsystems  .............................
Collecting:  Fibre Channel  ......
Collecting:  Kernel  ..........
Collecting:  System Enhancements  .....
Collecting:  Applications And Subsystems  .............
Collecting:  Symantec Licenses/Symantec Volume Manager (VxVM)  ...
Collecting:  Oracle  ..
Collecting:  Informix  ...
Collecting:  Custom plugins  ..................

--=[ http://come.to/cfg2html ]=---------------------------------------------
Completed
