[HP ARIES32]: Core file for 32-bit PA-RISC application
[HP ARIES32]: 	/opt/cfg2html/plugins/syssmall.hppa saved to /vzenghpux/core.syssmall.hppa.
/opt/cfg2html/plugins/get_ministat.sh[47]: 261 Memory fault(coredump)
[HP ARIES32]: Core file for 32-bit PA-RISC application
[HP ARIES32]: 	/opt/cfg2html/plugins/syssmall.hppa saved to /vzenghpux/core.syssmall.hppa.
Error         : Capability not implemented; Could not obtain the number of OLA/R capable slots

d.hppa saved to /vzenghpux/core.getpwd.hppa.
    exec_command[8]: 617 Memory fault(coredump)
stderr output from "/opt/cfg2html/plugins/getpwd.hppa -g":
    [HP ARIES32]: Core file for 32-bit PA-RISC application
    [HP ARIES32]: 	/opt/cfg2html/plugins/getpwd.hppa saved to /vzenghpux/core.getpwd.hppa.
    exec_command[8]: 628 Memory fault(coredump)
stderr output from "echo Total Memory:  GB;echo '';/opt/cfg2html/plugins/meminfo.hppa":
    [HP ARIES32]: Core file for 32-bit PA-RISC application
    [HP ARIES32]: 	/opt/cfg2html/plugins/meminfo.hppa saved to /vzenghpux/core.meminfo.hppa.
    exec_command[8]: 1644 Memory fault(coredump)
stderr output from "/opt/hpsmh/bin/smhassist":
    IO object version 1.22 does not match bootstrap parameter 1.23 at /opt/perl_32/lib/5.8.8/IA64.ARCHREV_0-thread-multi/DynaLoader.pm line 252.
    Compilation failed in require at /opt/perl_32/lib/5.8.8/IA64.ARCHREV_0-thread-multi/IO/Handle.pm line 263.
    BEGIN failed--compilation aborted at /opt/perl_32/lib/5.8.8/IA64.ARCHREV_0-thread-multi/IO/Handle.pm line 263.
    Compilation failed in require at /opt/perl_32/lib/5.8.8/IA64.ARCHREV_0-thread-multi/IO/Seekable.pm line 101.
    BEGIN failed--compilation aborted at /opt/perl_32/lib/5.8.8/IA64.ARCHREV_0-thread-multi/IO/Seekable.pm line 101.
    Compilation failed in require at /opt/perl_32/lib/5.8.8/IA64.ARCHREV_0-thread-multi/IO/File.pm line 133.
    BEGIN failed--compilation aborted at /opt/perl_32/lib/5.8.8/IA64.ARCHREV_0-thread-multi/IO/File.pm line 133.
    Compilation failed in require at -e line 352.
stderr output from "/opt/propplus/bin/cprop -summary -a":
    <ERROR> "[Component]: FRU Information", "[Class]: HP_FRU": PGS00414: Connection timed out.
    <ERROR> "[Component]: Boot Device Configuration", "[Class]: HPUX_BootSourceSetting": CIM_ERR_INVALID_CLASS: HPUX_BootSourceSetting
    <ERROR> "[Component]: Boot Device Configuration", "[Class]: HPUX_BootConfigSetting": CIM_ERR_INVALID_CLASS: HPUX_BootConfigSetting
    <ERROR> "[Component]: Boot Device Configuration", "[Class]: HPUX_BootSettingData": CIM_ERR_INVALID_CLASS: HPUX_BootSettingData
    <ERROR> "[Component]: Crash Dump Configuration", "[Class]: HPUX_CrashDumpPageClass": CIM_ERR_INVALID_CLASS: HPUX_CrashDumpPageClass
    <ERROR> "[Component]: Crash Dump Configuration", "[Class]: HPUX_CrashDumpSetting": CIM_ERR_INVALID_CLASS: HPUX_CrashDumpSetting
    <ERROR> "[Component]: Crash Dump Configuration", "[Class]: HPUX_CrashDumpDevice": CIM_ERR_INVALID_CLASS: HPUX_CrashDumpDevice
    <ERROR> "[Component]: Crash Dump Configuration", "[Class]: HPUX_PersistentCrashDumpDevice": CIM_ERR_INVALID_CLASS: HPUX_PersistentCrashDumpDevice
stderr output from "/usr/sbin/icapmanage -sv":
    CIM_ERR_INVALID_CLASS
    CIM_ERR_INVALID_CLASS: HP_GiCAPManager
stderr output from "olrad -q":
    Error         : Capability not implemented; Could not obtain information of all slots
    
stderr output from "/opt/cfg2html/plugins/dumplvmtab.hppa":
    [HP ARIES32]: Core file for 32-bit PA-RISC application
    [HP ARIES32]: 	/opt/cfg2html/plugins/dumplvmtab.hppa saved to /vzenghpux/core.dumplvmtab.hppa.
    exec_command[8]: 29446 Memory fault(coredump)
stderr output from "vgdisplay -v |grep Name | /opt/cfg2html/plugins/pvgfilter.ia64":
    /usr/lib/hpux32/dld.so: Unsatisfied data symbol '__iob' in load module '/opt/cfg2html/plugins/pvgfilter.ia64'.
    /usr/lib/hpux32/dld.so: Unsatisfied data symbol '__iob' in load module '/opt/cfg2html/plugins/pvgfilter.ia64'.
    exec_command[8]: 29475 Killed
stderr output from "lvlnboot -v vg00":
    lvlnboot: Volume group "/dev/vg00" does not exist in the "/etc/lvmtab" file.
    lvlnboot: Volume group "/dev/vg00" does not exist in the "/etc/lvmtab_p" file.
stderr output from "rpcinfo -u 127.0.0.1 100003":
    rpcinfo: RPC: Rpcbind failure - RPC: Unable to receive
stderr output from "showmount -a":
    showmount: aavfwp01: RPC: Rpcbind failure - RPC: Unable to receive
stderr output from "rpcinfo -p ":
    rpcinfo: can't contact portmapper: RPC: Rpcbind failure - RPC: Failed (unspecified error)
20120301 running run_cfg2html.ksh
ERROR:   "cxfwgp01:/apps/opt/depots/hp/11xx/tools":  You do not have
         permission for this operation.  The depot owner, system
         administrator, or alternate root owner may need to use the
         "swreg" or "swacl" command to give you permission.  Or, to
         manage applications designed and packaged for nonprivileged
         mode, see the "run_as_superuser" option in the "sd" man page.
WARNING: More information may be found in the daemon logfile on this
         target (default location is
         cxfwgp01:/var/adm/sw/swagentd.log).
No output file for this month, will run config script
Running /infra/opt/cfg2html/cfg2html -o /var/tmp 


--=[ http://come.to/cfg2html ]=---------------------------------------------
Starting          cfg2html/HP-UX version 5.13 on a ia64 hp server BL870c box
Path to cfg2Html  /opt/cfg2html/cfg2html_hpux.sh
Path to plug-ins  /opt/cfg2html/plugins Arch=ia64
HTML Output File  /var/tmp/aavfwp01.html
Text Output File  /var/tmp/aavfwp01.txt
Errors logged to  /var/tmp/aavfwp01.err
Started at        2012-03-01 01:15:04
Command line used -o /var/tmp -P
Problem           If cfg2html hangs on Hardware, press twice ENTER, Ctrl-D or
                  Crtl-\. Then check your Diagnostics (A.42++ and PHKL_29798)!
--=[ http://come.to/cfg2html ]=---------------------------------------------
USE AT YOUR OWN RISK! (for details read /opt/cfg2html/doc/cfg2html.html)
Online help: run cfg2html_hpux.sh -h for help or look at the ~/doc directory
--=[ http://come.to/cfg2html ]=---------------------------------------------

Collecting:  HP-UX/System  .......................
Collecting:  Hardware  ............Diag...........................................
Collecting:  Software  .........
Collecting:  Filesystems, Dump and Swap Configuration  .......
Collecting:  LVM  ..................
Collecting:  Network Settings/Network Interface Cards  .........
Collecting:  Network Subsystems  ........................
Collecting:  Fibre Channel  .....
Collecting:  Kernel  ..............
Collecting:  System Enhancements  ......
Collecting:  Applications And Subsystems  ........
Collecting:  Symantec Licenses/Symantec Volume Manager (VxVM)  .....
Collecting:  Oracle  ..
Collecting:  Serviceguard (A.11.19.00)  .........
Collecting:  Custom plugins  ..................

--=[ http://come.to/cfg2html ]=---------------------------------------------
Completed
