which: no hwinfo in (/infra/opt/cfg2html/bin:/sbin:/bin:/usr/sbin:/usr/bin:/sbin:/bin:/usr/sbin:/opt/omni/bin:/opt/omni/sbin)
which: no lsdev in (/infra/opt/cfg2html/bin:/sbin:/bin:/usr/sbin:/usr/bin:/sbin:/bin:/usr/sbin:/opt/omni/bin:/opt/omni/sbin)

sfdisk: ERROR: sector 0 does not have an msdos signature

sfdisk: ERROR: sector 0 does not have an msdos signature

sfdisk: ERROR: sector 0 does not have an msdos signature

sfdisk: ERROR: sector 0 does not have an msdos signature

sfdisk: ERROR: sector 0 does not have an msdos signature

sfdisk: ERROR: sector 0 does not have an msdos signature

sfdisk: ERROR: sector 0 does not have an msdos signature

sfdisk: ERROR: sector 0 does not have an msdos signature

sfdisk: ERROR: sector 0 does not have an msdos signature

sfdisk: ERROR: sector 0 does not have an msdos signature

sfdisk: ERROR: sector 0 does not have an msdos signature

sfdisk: ERROR: sector 0 does not have an msdos signature

sfdisk: ERROR: sector 0 does not have an msdos signature

sfdisk: ERROR: sector 0 does not have an msdos signature

sfdisk: ERROR: sector 0 does not have an msdos signature

sfdisk: ERROR: sector 0 does not have an msdos signature

sfdisk: ERROR: sector 0 does not have an msdos signature

sfdisk: ERROR: sector 0 does not have an msdos signature
Disk /dev/sdd doesn't contain a valid partition table
Disk /dev/sde doesn't contain a valid partition table
Disk /dev/sdf doesn't contain a valid partition table
Disk /dev/sdg doesn't contain a valid partition table
Disk /dev/sdh doesn't contain a valid partition table
Disk /dev/sdi doesn't contain a valid partition table
Disk /dev/sdj doesn't contain a valid partition table
Disk /dev/sdk doesn't contain a valid partition table
Disk /dev/dm-9 doesn't contain a valid partition table
Disk /dev/dm-10 doesn't contain a valid partition table
Disk /dev/dm-11 doesn't contain a valid partition table
Disk /dev/dm-21 doesn't contain a valid partition table
Disk /dev/dm-22 doesn't contain a valid partition table
Disk /dev/dm-23 doesn't contain a valid partition table
Disk /dev/dm-24 doesn't contain a valid partition table
Disk /dev/dm-25 doesn't contain a valid partition table
Disk /dev/dm-26 doesn't contain a valid partition table
Disk /dev/dm-27 doesn't contain a valid partition table
/usr/bin/cfg2html-linux: line 1989: [: missing `]'
ain a valid partition table
    Disk /dev/dm-23 doesn't contain a valid partition table
    Disk /dev/dm-24 doesn't contain a valid partition table
    Disk /dev/dm-25 doesn't contain a valid partition table
    Disk /dev/dm-26 doesn't contain a valid partition table
    Disk /dev/dm-27 doesn't contain a valid partition table
stderr output from "/sbin/fdisk -l|sed 's/8e \ Unknown/8e \ LVM/g'":
    Disk /dev/sdd doesn't contain a valid partition table
    Disk /dev/sde doesn't contain a valid partition table
    Disk /dev/sdf doesn't contain a valid partition table
    Disk /dev/sdg doesn't contain a valid partition table
    Disk /dev/sdh doesn't contain a valid partition table
    Disk /dev/sdi doesn't contain a valid partition table
    Disk /dev/sdj doesn't contain a valid partition table
    Disk /dev/sdk doesn't contain a valid partition table
    Disk /dev/dm-9 doesn't contain a valid partition table
    Disk /dev/dm-10 doesn't contain a valid partition table
    Disk /dev/dm-11 doesn't contain a valid partition table
    Disk /dev/dm-21 doesn't contain a valid partition table
    Disk /dev/dm-22 doesn't contain a valid partition table
    Disk /dev/dm-23 doesn't contain a valid partition table
    Disk /dev/dm-24 doesn't contain a valid partition table
    Disk /dev/dm-25 doesn't contain a valid partition table
    Disk /dev/dm-26 doesn't contain a valid partition table
    Disk /dev/dm-27 doesn't contain a valid partition table
stderr output from "cat /var/lib/multipath/bindings":
    cat: /var/lib/multipath/bindings: No such file or directory
stderr output from "vgdisplay -v | awk -F' +' '/PV Name/ {print $4}'":
        Finding all volume groups
        Finding volume group "bvgroot"
        Finding volume group "vgdata"
        Finding volume group "vgroot"
stderr output from "vgdisplay -v | awk -F' +' '/LV Name/ {print $4}'":
        Finding all volume groups
        Finding volume group "bvgroot"
        Finding volume group "vgdata"
        Finding volume group "vgroot"
stderr output from "vgdisplay -v":
        Finding all volume groups
        Finding volume group "bvgroot"
        Finding volume group "vgdata"
        Finding volume group "vgroot"
stderr output from "PVDisplay":
        Using physical volume(s) on command line
        Using physical volume(s) on command line
        Using physical volume(s) on command line
        Using physical volume(s) on command line
        Using physical volume(s) on command line
stderr output from "/sbin/mii-tool -v":
    SIOCGMIIPHY on 'eth1' failed: Resource temporarily unavailable
stderr output from "/sbin/ldconfig -vN":
    /sbin/ldconfig: Cannot stat /usr/X11R6/lib/libGLU.so: No such file or directory
    /sbin/ldconfig: Cannot stat /usr/lib/libGLU.so: No such file or directory
stderr output from "for NetBuServer in  ebuftwspa01 etttvpcm01 ebuftwspa01-ebu ebuftwspa11-ebu ebuftwspa12-ebu ebuftwspa21b adxfwp01 ebuftwspa01 ebuftwspa11 ebuftwspa12 ebuftwspa21; do ping -c 3 ${NetBuServer} && echo ""; done":
    ping: unknown host etttvpcm01
stderr output from "/usr/openv/netbackup/bin/bpclntcmd -pn":
    expecting response from server ebuftwspa01
stderr output from "cfg2html_plugin":
    /usr/bin/cfg2html-linux: line 453: cfg2html_plugin: command not found
stderr output from "cfg2html_plugin":
    which: no pkginfo in (/infra/opt/cfg2html/bin:/sbin:/bin:/usr/sbin:/usr/bin:/sbin:/bin:/usr/sbin:/opt/omni/bin:/opt/omni/sbin)
    /etc/cfg2html/plugindir/package_plugin.sh: line 12: -x: command not found
