2012-03-21 - 01:16:19 Cfg2Html -AIX- Version 2.72
2012-03-21 - 01:16:19 User...: root
2012-03-21 - 01:16:19 ProcID.: 62250
2012-03-21 - 01:16:19 TERM...: dumb
2012-03-21 - 01:16:19 MYSELF.: /infra/opt/cfg2html/bin/cfg2html
2012-03-21 - 01:16:19 PLUGINS: /infra/opt/cfg2html/bin/plugins
2012-03-21 - 01:16:21 OSLEVEL_R=5200-05
2012-03-21 - 01:16:21 You are at MAINTENANCE LEVEL 05
2012-03-21 - 01:16:21 Node...: rcfwsp05
2012-03-21 - 01:16:22 C2H020I ulimit -d was 131072 now set to 524288
2012-03-21 - 01:16:22 C2H021I ulimit -c is 2048
2012-03-21 - 01:16:22 C2H021I ulimit -f is unlimited
2012-03-21 - 01:16:22 C2H021I ulimit -m is 32768
2012-03-21 - 01:16:22 C2H021I ulimit -n is 2000
2012-03-21 - 01:16:22 C2H021I ulimit -s is 32768
2012-03-21 - 01:16:23 C2H021I ulimit -t is unlimited
2012-03-21 - 01:16:23 DT-0 2012-03-21 - 01:16:23
2012-03-21 - 01:16:25 : PROC_Type=PowerPC_RS64-II
2012-03-21 - 01:16:25 : POWER5=NO
2012-03-21 - 01:16:25 : POWER6=NO
2012-03-21 - 01:16:33 : SysModel=IBM,7026-H70
2012-03-21 - 01:16:40 : PROC_Type2=PowerPC_RS64-II
2012-03-21 - 01:16:42 : CPU_Type=64-bit
2012-03-21 - 01:16:44 : KERNEL_Type=32-bit
2012-03-21 - 01:16:44 : 64BIT=NO

C2H051W Warning ! You are running a 32-bit-Kernel on a 64-bit-CPU !
2012-03-21 - 01:16:44 DT-1 2012-03-21 - 01:16:44
2012-03-21 - 01:16:44 C2H100I RSCT installed: 2.3.5.0
2012-03-21 - 01:16:45 C2H100I CSM installed: 1.4.0.13
2012-03-21 - 01:16:45 DT-2 2012-03-21 - 01:16:45
2012-03-21 - 01:17:06 %%% multiproc %%%%%%%%%
2012-03-21 - 01:17:07 %%% multiproc %%%%%%%%%
2012-03-21 - 01:17:14 %%% w ; sar %%%%%%%%%
2012-03-21 - 01:17:16 %%% w ; sar %%%%%%%%%
2012-03-21 - 01:17:20 C2H201I SUMA NOT available
2012-03-21 - 01:17:23 
C2H005W CMD 'vmtune' not found.
2012-03-21 - 01:17:23 C2H043I CMD '/usr/samples/kernel/vmtune' NOT EXECUTED!
========================================================================================================================
stderr output from "lsrsrc":
    2610-601 A severe library or system error occurred in ../../../../../src/rsct/rmc/rmcapi/mc_i18n.c, 1.6, at line 185.
 
========================================================================================================================
stderr output from "lsps -a":
    0516-310 : Unable to find attribute state in the Device
    	Configuration Database. Execute synclvodm to attempt to
    	correct the database.
    0516-010 : Volume group must be varied on; use varyonvg command.
 
========================================================================================================================
stderr output from "lspv | grep -v none | awk '{print }' | while read hd ;       do lspv $hd; echo $SEP90; done | uniq | sed '$d'":
    0516-320 : Physical volume hdisk0 is not assigned to
    	a volume group.
    0516-320 : Physical volume hdisk2 is not assigned to
    	a volume group.
    0516-320 : Physical volume hdisk3 is not assigned to
    	a volume group.
    0516-320 : Physical volume hdisk5 is not assigned to
    	a volume group.
 
========================================================================================================================
stderr output from "lspv | grep -v none | awk '{print }' | while read hd ;       do lspv -p $hd; echo $SEP100; done | uniq | sed '$d'":
    0516-320 : Physical volume 000f971d69334d960000000000000000 is not assigned to
    	a volume group.
    0516-320 : Physical volume 000f971d108107750000000000000000 is not assigned to
    	a volume group.
    0516-320 : Physical volume 000f971d0c5fed570000000000000000 is not assigned to
    	a volume group.
    0516-320 : Physical volume 000d920d06ea29000000000000000000 is not assigned to
    	a volume group.
 
========================================================================================================================
stderr output from "PrtLayout":
    0516-310 : Unable to find attribute state in the Device
    	Configuration Database. Execute synclvodm to attempt to
    	correct the database.
    0516-010 : Volume group must be varied on; use varyonvg command.
    0516-310 : Unable to find attribute state in the Device
    	Configuration Database. Execute synclvodm to attempt to
    	correct the database.
    0516-010 : Volume group must be varied on; use varyonvg command.
    expr: 0402-046 A specified operator requires numeric parameters.
    cat: 0652-050 Cannot open /tmp/c2h/PV_1.
    cat: 0652-050 Cannot open /tmp/c2h/PV_2.
    cat: 0652-050 Cannot open /tmp/c2h/PV_3.
    expr: 0402-046 A specified operator requires numeric parameters.
    cat: 0652-050 Cannot open /tmp/c2h/PV_1.
    cat: 0652-050 Cannot open /tmp/c2h/PV_2.
    cat: 0652-050 Cannot open /tmp/c2h/PV_3.
 
========================================================================================================================
stderr output from "nfso -a":
    RPC: 1832-011 Program unavailable: nfso: cannot contact local lockd.
    RPC: 1832-011 Program unavailable: nfso: cannot contact local statd.
    RPC: 1832-011 Program unavailable: nfso: cannot contact local statd.
 
2012-03-21 - 01:31:16 C2H101W NIS n/a or not configured!
2012-03-21 - 01:31:33 C2H260W File 'dsm.sys' NOT Found.
2012-03-21 - 01:32:39 C2H221I This system is a NIM Client
2012-03-21 - 01:32:43 C2H101W i4cfg NOT FOUND
2012-03-21 - 01:32:46 %%% APACHE %%%%%%%%%
2012-03-21 - 01:32:46 %%% APACHE %%%%%%%%%
2012-03-21 - 01:32:46 %%% SAMBA %%%%%%%%%
2012-03-21 - 01:32:47 %%% SAMBA %%%%%%%%%
2012-03-21 - 01:32:47 C2H080I file "/etc/oratab" found. Looks like you are using Oracle.
2012-03-21 - 01:32:47 :---------------------------------------
2012-03-21 - 01:32:47 EXP 001
2012-03-21 - 01:32:47 :---------------------------------------
2012-03-21 - 01:32:47 : EXPERIMENTAL
2012-03-21 - 01:32:47 C2H704I Plugin 'c2h_plugin_0' has EXECUTE Bit ON.
2012-03-21 - 01:32:48 C2H706I START Plugin 'c2h_plugin_0'.
2012-03-21 - 01:32:49 C2H903I package for cmd 'c2h_plugin_0' not set.
2012-03-21 - 01:32:49 C2H904I lslpp shows ''.
2012-03-21 - 01:32:59 C2H707I END   Plugin 'c2h_plugin_0'.
2012-03-21 - 01:33:08 C2H903I package for cmd 'aioo' not set.
2012-03-21 - 01:33:08 C2H904I lslpp shows 'bos.rte.aio'.
2012-03-21 - 01:33:15 C2H101W HOSTATTACHMENT NOT installed RC=1
2012-03-21 - 01:33:15 C2H253I neither SDD nor SDDPCM installed
2012-03-21 - 01:33:15 ...checking for IBM ESS
2012-03-21 - 01:33:20 ...checking for FAStT
2012-03-21 - 01:33:20 ...checking for EMC/Powerpath
2012-03-21 - 01:33:22 ...checking for Veritas
2012-03-21 - 01:33:22 C2H103I Veritas - Don't know how to check ! Please help.
2012-03-21 - 01:33:22 ...checking for HACMP
2012-03-21 - 01:33:22 C2H101W HACMP cltopinfo Not Found !
2012-03-21 - 01:33:22 %%% gcc %%%%%%%%%
2012-03-21 - 01:33:23 : gcc not found wx=
2012-03-21 - 01:33:23 %%% gcc %%%%%%%%%
2012-03-21 - 01:33:23 EXP 994
2012-03-21 - 01:33:26 EXP 995
2012-03-21 - 01:33:31 C2H040I CMD 'pmcycles' not found in path.
2012-03-21 - 01:33:31 C2H041I You need to install package 'bos.pmapi.tools' to use cmd 'pmcycles'
2012-03-21 - 01:33:31 C2H043I CMD 'pmcycles' NOT EXECUTED!
2012-03-21 - 01:33:32 EXP 996
2012-03-21 - 01:33:32 AWINFO=<
2012-03-21 - 01:33:33 AWINFO=DUMMY<
2012-03-21 - 01:33:33 File DUMMY NOT Found<
2012-03-21 - 01:33:34 EXP 997
2012-03-21 - 01:33:38 EXP 998
2012-03-21 - 01:33:38 :---------------------------------------
2012-03-21 - 01:33:38 EXP 999
2012-03-21 - 01:33:39 C2H101W HP OpenView not installed.
2012-03-21 - 01:33:39 :---------------------------------------
2012-03-21 - 01:33:39 JAVA 001
2012-03-21 - 01:33:39 :---------------------------------------
2012-03-21 - 01:33:39 : JAVA
2012-03-21 - 01:33:42 J5_32=<
2012-03-21 - 01:33:42 J5_64=<
2012-03-21 - 01:33:44 C2H040I CMD 'java' not found in path.
2012-03-21 - 01:33:44 C2H041I You need to install package '*java' to use cmd 'java'
2012-03-21 - 01:33:44 C2H043I CMD 'java' NOT EXECUTED!
2012-03-21 - 01:33:45 C2H040I CMD 'java' not found in path.
2012-03-21 - 01:33:45 C2H041I You need to install package '*java' to use cmd 'java'
2012-03-21 - 01:33:45 C2H043I CMD 'java' NOT EXECUTED!
2012-03-21 - 01:33:46 : JAVA_131_32=NO => UNSUPPORTED
2012-03-21 - 01:33:46 : JAVA_131_64=NO => UNSUPPORTED
2012-03-21 - 01:33:46 : JAVA_141_32=NO => UNSUPPORTED
2012-03-21 - 01:33:46 : JAVA_142_32=YES               
2012-03-21 - 01:33:46 : JAVA_142_64=NO               
2012-03-21 - 01:33:46 : JAVA_500_32=NO               
2012-03-21 - 01:33:47 : JAVA_500_64=NO               
2012-03-21 - 01:33:47 : JAVA_600_32=NO               
2012-03-21 - 01:33:47 : JAVA_600_64=NO               
2012-03-21 - 01:33:47 JAVA 998
2012-03-21 - 01:33:47 :---------------------------------------
2012-03-21 - 01:33:47 JAVA 999
========================================================================================================================
C2H950I now performing cleanup...(1)
ps -ef
ls -la /tmp/c2h/awaw_62250
C2H090I Duration in seconds: 1053
C2H091I Runtime 00:17:33
20120321 running run_cfg2html.ksh
error: skipping http://138.83.10.169/tools/FTR_cfg2html.rpm - transfer failed - Unknown or unexpected error
Retrieving http://138.83.10.169/tools/FTR_cfg2html.rpm
No output file found, will run config script
Running /infra/opt/cfg2html/cfg2html -o /var/tmp 
Starting up Cfg2Html -AIX- Version 2.72

  >> Use option '[-x]' for 'Extended' output <<

2012-03-21 - 01:16:18 AW000I OUTDIR=/var/tmp
2012-03-21 - 01:16:18 AW000I OUTDIR_ENV=
2012-03-21 - 01:16:19 AW000I TERM=dumb
2012-03-21 - 01:16:19 AW000I LANG=en_US
2012-03-21 - 01:16:19 AW000I DISPLAY=
AWTRACE: CBR 003  (run-once) MYSELF=/infra/opt/cfg2html/bin/cfg2html 0=/infra/opt/cfg2html/bin/cfg2html B= P=62250
    root 62250 55464   5 01:16:15      -  0:00 /bin/ksh93 /infra/opt/cfg2html/bin/cfg2html -o /var/tmp -e 
AWTRACE: CBR 004 B= P=62250
C2H070I aquired lock; continuing
AWTRACE: CBR 005  62250
AWTRACE: CCC 001 ls
AWTRACE: CCC 002 rm
AWTRACE: CCC 003 xx
2012-03-21 - 01:16:19 Cfg2Html -AIX- Version 2.72

C2H034W ATTENTION: Version 2.72 of this script is the last to support AIX 5.2 !

C2H035I Note: This Version of AIX has NOT been testet with this version of the script !

WARNING NOT TESTESD ON AIX 5.2
AWTRACE: CBR 999
2012-03-21 - 01:16:33 : PRTCONF1
2012-03-21 - 01:16:40 : PRTCONF2

C2H051W Warning ! You are running a 32-bit-Kernel on a 64-bit-CPU !
--=[ http://cfg2html.sourceforge.net ]=------------------------------------------------
Starting........: Cfg2Html -AIX- Version 2.72 on an AIX box
Path to Cfg2Html: /infra/opt/cfg2html/bin/cfg2html
Path to plugins.: /infra/opt/cfg2html/bin/plugins
Node............: rcfwsp05
SysModel........: IBM,7026-H70
OSLevel.........: 5200-05
User............: root
ProcessID.......: 62250
HTML Output File: ///var/tmp/rcfwsp05.html
Text Output File: ///var/tmp/rcfwsp05.txt
Errors logged to: ///var/tmp/rcfwsp05.err
Started at......: 2012-03-21 - 01:16:16
Commandline used: -o /var/tmp -e
Problem         : If Cfg2Html hangs on Hardware, press twice ENTER
                  or Ctrl-D. Then check or update your Diagnostics!
WARNING.........: USE AT YOUR OWN RISK!!! :-))
License.........: Freeware
--=[ http://cfg2html.sourceforge.net ]=------------------------------------------------

-=[ Run-Collection ]=-


Collecting: AIX/System ..................................
Collecting: Kernel ................
Collecting: Hardware ....
Collecting: Filesystems, Dump- and Paging-configuration ..................
Collecting: Devices ..............
Collecting: LVM .......
Collecting: Users & Groups ..........
Collecting: Network Settings ....................
Collecting: Disk Quota .
Collecting: Current Fragmentation State .
Collecting: Cron and At .....
Collecting: Password and Group .
Collecting: Software .......
Collecting: Files ....................................................
Collecting: NIM - Network Installation Management .
Collecting: LUM - License Use Manager ......
Collecting: APPLICATIONS .
Collecting: EXPERIMENTAL .
== PLUGIN 0 ==
.
== lsslot ==
...
== aio ==
.....
== SDD/SDDPCM ==
..
== IBM ESS ==
...
== FAStT ==

== EMC PowerPath ==
.
== HACMP ==

== gcc ==
.......
== AWINFO-v ==

== AWINFO-n ==
....
Collecting: HP OpenView .
Collecting: JAVA .
== JAVA ==

== Java 1.4.2 32-Bit==

== check Fixes for Java 1.4.2 32-Bit ==
Instfix RC=249 ==> FIX (IZ23124) NOT Installed ! (TXT=Java 1.4.2 32-Bit Update 1.4.2.225 SR11)
Instfix RC=249 ==> FIX (IZ14148) NOT Installed ! (TXT=Java 1.4.2 32-Bit Update 1.4.2.200 SR10)
Instfix RC=249 ==> FIX (IZ01176) NOT Installed ! (TXT=Java 1.4.2 32-Bit Update 1.4.2.175 SR9)
Instfix RC=249 ==> FIX (IY96843) NOT Installed ! (TXT=Java 1.4.2 32-Bit Update 1.4.2.150 SR8)
Instfix RC=249 ==> FIX (IY91756) NOT Installed ! (TXT=Java 1.4.2 32-Bit Update 1.4.2.125 SR7)
Instfix RC=249 ==> FIX (IY88395) NOT Installed ! (TXT=Java 1.4.2 32-Bit Update 1.4.2.100 SR6)
Instfix RC=249 ==> FIX (IY84053) NOT Installed ! (TXT=Java 1.4.2 32-Bit Update SR5)
Instfix RC=249 ==> FIX (IY81443) NOT Installed ! (TXT=Java 1.4.2 32-Bit Update SR4 (REPACKAGED !!))
Instfix RC=249 ==> FIX (IY77460) NOT Installed ! (TXT=Java 1.4.2 32-Bit Update SR4 (BAD !!))
Instfix RC=249 ==> FIX (IY75003) NOT Installed ! (TXT=Java 1.4.2 32-Bit Update SR3)
Instfix RC=249 ==> FIX (IY72469) NOT Installed ! (TXT=Java 1.4.2 32-Bit Update SR2)
Instfix RC=249 ==> FIX (IY70052) NOT Installed ! (TXT=Java 1.4.2 32-Bit Update)
Instfix RC=249 ==> FIX (IY54663) NOT Installed ! (TXT=Java 1.4.2 32-Bit Base)

== Java 1.4.2 64-Bit==

== Java 5.0.0 32-Bit==

== Java 5.0.0 64-Bit==

== Java 32/64-Bit==

== Java version==
..

--=[ http://cfg2html.sourceforge.net ]=------------------------------------------------
C2H950I now performing cleanup...(1)
2012-03-21 - 01:33:48 PROCID=62250
    root 62250 55464  75 01:16:15      -  1:34 /bin/ksh93 /infra/opt/cfg2html/bin/cfg2html -o /var/tmp -e 
======
======
ls -la /tmp/c2h/awaw_62250
C2H090I Duration in seconds: 1053
C2H091I Runtime 00:17:33
Finished Cfg2Html -AIX- Version 2.72 at 2012-03-21 - 01:33:49. RC=0
Completed
