stderr output from "/infra/opt/cfg2html/bin/plugins/get_sys_info.sh":
    /infra/opt/cfg2html/bin/plugins/get_sys_info.sh[91]: The: unknown test operator
    /infra/opt/cfg2html/bin/plugins/get_sys_info.sh[92]: The: unknown test operator
    printf: The
    The expected numeric value
    printf: processor expected numeric value
    printf: processor expected numeric value
stderr output from "egrep -v '^[#;]|^[ 	]*$' scsi_vhci.conf":
    egrep: can't open scsi_vhci.conf
stderr output from "metastat -c":
    metastat: illegal option -- c
    usage:	metastat [-s setname] [-B][-r][-i][-p] [-t] [metadevice...]
stderr output from "dfshares":
    nfs dfshares:nyrofcsol29: RPC: Program not registered
stderr output from "dfmounts":
    nfs dfmounts: can't contact server: nyrofcsol29: RPC: Program not registered
stderr output from "/infra/opt/cfg2html/bin/plugins/crontab_collect.sh":
    crontab: you are not a valid user (no entry in /etc/passwd).
stderr output from "projects -l":
    projects: illegal option -- l
    Usage: projects [-dv] [user]
stderr output from "cfg2html_plugin":
    Unable to run inq -nodots: No such file or directory
20120301 running run_cfg2html
No update available
No output file for this month, will run config script
Running /infra/opt/cfg2html/cfg2html -o /var/tmp 
-------------------------------------------------
Starting          cfg2html_solaris version 1.6.4 on a SunOS 5.9 SUNW,Sun-Fire-V240
Path to cfg2html  /infra/opt/cfg2html/bin/cfg2html_solaris
Path to plugins   /infra/opt/cfg2html/bin/plugins
HTML Output File  /var/tmp/nyrofcsol29_cfg.html
Text Output File  /var/tmp/nyrofcsol29_cfg.txt
Errors logged to  /var/tmp/nyrofcsol29_cfg.err
Started at        2012-03-01 01:15:00
-------------------------------------------------

-------------------------------------------------

Collecting:  System Hardware and Operating System Summary  ....
Collecting:  Disk Device Listing  ..
Collecting:  MPxIO Configuration  ..
Collecting:  Solaris Volume Manager (SVM)  ......
Collecting:  Local File Systems and Swap  ......
Collecting:  NFS Configuration  .....
Collecting:  Network Settings  .........
Collecting:  EEPROM  ....
Collecting:  Printers  ....
Collecting:  Cron  ...
Collecting:  System Log  ..
Collecting:  Password and Group files  ....
Collecting:  Software  ...
Collecting:  Resource Limits  .....
Collecting:  Services  ...............................................................................................
Collecting:  Custom  ...
-------------------------------------------------


Completed
