which: no hwinfo in (/usr/bin:/bin:/usr/local/bin:/usr/local/sbin:/apps/support/bin:/sbin:/bin:/usr/sbin:/opt/omni/bin:/opt/omni/sbin)
which: no lshw in (/usr/bin:/bin:/usr/local/bin:/usr/local/sbin:/apps/support/bin:/sbin:/bin:/usr/sbin:/opt/omni/bin:/opt/omni/sbin)
which: no lsdev in (/usr/bin:/bin:/usr/local/bin:/usr/local/sbin:/apps/support/bin:/sbin:/bin:/usr/sbin:/opt/omni/bin:/opt/omni/sbin)

sfdisk: ERROR: sector 0 does not have an msdos signature

sfdisk: ERROR: sector 0 does not have an msdos signature

sfdisk: ERROR: sector 0 does not have an msdos signature

sfdisk: ERROR: sector 0 does not have an msdos signature

sfdisk: ERROR: sector 0 does not have an msdos signature

sfdisk: ERROR: sector 0 does not have an msdos signature

sfdisk: ERROR: sector 0 does not have an msdos signature

sfdisk: ERROR: sector 0 does not have an msdos signature

sfdisk: ERROR: sector 0 does not have an msdos signature

sfdisk: ERROR: sector 0 does not have an msdos signature

sfdisk: ERROR: sector 0 does not have an msdos signature

sfdisk: ERROR: sector 0 does not have an msdos signature
Disk /dev/sda doesn't contain a valid partition table
Disk /dev/sdb doesn't contain a valid partition table
Disk /dev/sdc doesn't contain a valid partition table
Disk /dev/sdd doesn't contain a valid partition table
Disk /dev/sde doesn't contain a valid partition table
Disk /dev/sdf doesn't contain a valid partition table
Disk /dev/sdg doesn't contain a valid partition table
Disk /dev/sdh doesn't contain a valid partition table
Disk /dev/dm-4 doesn't contain a valid partition table
Disk /dev/dm-5 doesn't contain a valid partition table
Disk /dev/dm-6 doesn't contain a valid partition table
Disk /dev/dm-7 doesn't contain a valid partition table
/usr/bin/cfg2html-linux: line 1989: [: missing `]'
n't contain a valid partition table
    Disk /dev/sdh doesn't contain a valid partition table
    Disk /dev/dm-4 doesn't contain a valid partition table
    Disk /dev/dm-5 doesn't contain a valid partition table
    Disk /dev/dm-6 doesn't contain a valid partition table
    Disk /dev/dm-7 doesn't contain a valid partition table
stderr output from "/sbin/fdisk -l|sed 's/8e \ Unknown/8e \ LVM/g'":
    Disk /dev/sda doesn't contain a valid partition table
    Disk /dev/sdb doesn't contain a valid partition table
    Disk /dev/sdc doesn't contain a valid partition table
    Disk /dev/sdd doesn't contain a valid partition table
    Disk /dev/sde doesn't contain a valid partition table
    Disk /dev/sdf doesn't contain a valid partition table
    Disk /dev/sdg doesn't contain a valid partition table
    Disk /dev/sdh doesn't contain a valid partition table
    Disk /dev/dm-4 doesn't contain a valid partition table
    Disk /dev/dm-5 doesn't contain a valid partition table
    Disk /dev/dm-6 doesn't contain a valid partition table
    Disk /dev/dm-7 doesn't contain a valid partition table
stderr output from "cat /var/lib/multipath/bindings":
    cat: /var/lib/multipath/bindings: No such file or directory
stderr output from "vgdisplay -v | awk -F' +' '/PV Name/ {print $4}'":
        Finding all volume groups
        Finding volume group "AppVol00"
        Finding volume group "VolGroup00"
stderr output from "vgdisplay -v | awk -F' +' '/LV Name/ {print $4}'":
        Finding all volume groups
        Finding volume group "AppVol00"
        Finding volume group "VolGroup00"
stderr output from "vgdisplay -v":
        Finding all volume groups
        Finding volume group "AppVol00"
        Finding volume group "VolGroup00"
stderr output from "PVDisplay":
        Using physical volume(s) on command line
        Using physical volume(s) on command line
        Using physical volume(s) on command line
stderr output from "/sbin/ldconfig -vN":
    /sbin/ldconfig: Path `/usr/lib/mysql' given more than once
    /sbin/ldconfig: Can't stat /opt/app/netegrity/webagent/bin: No such file or directory
    /sbin/ldconfig: /opt/app/oracle/client/11.1.0/lib/libexpat.so.0 is not a symbolic link
    
    /sbin/ldconfig: /usr/lib/libcpqlsptransport.so.0 is not a symbolic link
    
stderr output from "/usr/openv/netbackup/bin/bpclntcmd -pn":
    expecting response from server ebuftwspa01
stderr output from "cfg2html_plugin":
    which: no pkginfo in (/usr/bin:/bin:/usr/local/bin:/usr/local/sbin:/apps/support/bin:/sbin:/bin:/usr/sbin:/opt/omni/bin:/opt/omni/sbin)
    /etc/cfg2html/plugindir/package_plugin.sh: line 12: -x: command not found
