./JADIS
./JADIS/doc
./JADIS/doc/HP_9000_rp3410_rp3440.pdf
./JADIS/doc/HP_9000_rp8420_user.pdf
./JADIS/doc/rx7620_User_Guide.pdf
./JADIS/doc/K-Class_owner.pdf
./JADIS/doc/HP_Visualize_J_Class_owner_guide.pdf
./JADIS/doc/HP_9000_rp5400_series_L_Class.pdf
./JADIS/doc/HP_Visualize_J6700_tech_ref.pdf
./JADIS/doc/rx6600_User_Guide.pdf
./JADIS/doc/rx3600_User_Guide.pdf
./JADIS/doc/rp7400_N-Class_customer.pdf
./JADIS/doc/rx7620_user.pdf
./JADIS/doc/rx1600_OpMaint.pdf
./JADIS/doc/HP3000_99x_T-Class_oper.pdf
./JADIS/doc/rp8400_Install.pdf
./JADIS/doc/rx7640_rp7440_User_Guide.pdf
./JADIS/doc/HP_9000_rp4410_rp4440.pdf
./JADIS/doc/rp5400_User_Guide.pdf
./JADIS/doc/rx8620_User_Guide.pdf
./JADIS/doc/Superdome_sx2000_HP9000_user.pdf
./JADIS/doc/cx2600_user.pdf
./JADIS/doc/HP_9000_rp8400_install.pdf
./JADIS/doc/rx8640_rp8440_User_Guide.pdf
./JADIS/doc/C160_C180_C200_C240_C360_owner.pdf
./JADIS/doc/rx2620_User_Guide.pdf
./JADIS/doc/Superdome_9000_user.pdf
./JADIS/doc/rp24xx_A400_A500_customer.pdf
./JADIS/doc/HP_9000_rp7640_rp7440_user.pdf
./JADIS/doc/HP_9000_rp7420_install.pdf
./JADIS/doc/HP_9000_rp7405_rp7410.pdf
./JADIS/doc/BL870c_User_Guide.pdf
./JADIS/doc/HP_9000_rx8640_rp8440_user.pdf
./JADIS/doc/HP9000_D-Class_R-Class_oper.pdf
./JADIS/lists
./JADIS/bin
./JADIS/bin/fix_seos_links
./JADIS/bin/gen_summary.ksh
./JADIS/bin/test_seos
./JADIS/bin/gather_hmc.ksh
./JADIS/bin/auto_update.ECC
./JADIS/bin/cleanup_SysInfo.ksh
./JADIS/bin/chk_san.sh
./JADIS/bin/auto_update.ORIG
./JADIS/bin/get_diskspace
./JADIS/bin/gather_data.ksh
./JADIS/bin/JADIS_install.ksh
./JADIS/bin/xlt_team_xls.pl
./JADIS/bin/decom_host.ksh
./JADIS/bin/SAVE
./JADIS/bin/get_ITI.ksh
./JADIS/icons
./JADIS/icons/sign_divider.gif
./JADIS/icons/bg_head_middle.png
./JADIS/icons/form_bg.png
./JADIS/icons/v_1w100.gif
./JADIS/icons/spin_logo.gif
./JADIS/icons/findusonfacebook.jpg
./JADIS/icons/main_nav_button_bkg_light.png
./JADIS/icons/bg_head_bottom_nav_light.png
./JADIS/icons/spin_secondary.gif
./JADIS/icons/btn_default.gif
./JADIS/icons/sortable.gif
./JADIS/icons/sorted_up.gif
./JADIS/icons/sorted_dn.gif
./JADIS/icons/InsideFrontier_banner_sized.png
./JADIS/icons/frontier-welcome-logo.gif
./JADIS/icons/btn_custom.gif
./JADIS/icons/frontierLogo.gif
./JADIS/icons/frontierLogo_RGB.gif
./JADIS/icons/btn_search.gif
./JADIS/icons/btn_summary.gif
./JADIS/icons/divider_nav.gif
./JADIS/icons/followusontwitter.jpg
./JADIS/icons/Frontier_banner_sized.png
./JADIS/icons/color_map_SpinCo2Frontier.txt
./JADIS/icons/frontier-logo-edit.gif
./JADIS/icons/logo_secondary.gif
./JADIS/icons/grad_bg.jpg
./JADIS/Issues.txt
./JADIS/summary_files
./JADIS/cgi-bin
./JADIS/cgi-bin/compare_csv.pl
./JADIS/cgi-bin/gen_data.pl
./JADIS/cgi-bin/gen_req.pl
./JADIS/cgi-bin/plugins
./JADIS/cgi-bin/plugins/parse_patch.pl
./JADIS/cgi-bin/plugins/convr_patch.pl
./JADIS/cgi-bin/plugins/CPU_Speed.pl
./JADIS/cgi-bin/plugins/aix_oslevel.pl
./JADIS/cgi-bin/plugins/diskspace_plugin.sh
./JADIS/cgi-bin/plugins/get_diskspace.pl
./JADIS/cgi-bin/SAVE
./JADIS/cgi-bin/gen_req2.pl
./JADIS/ToDo.txt
./JADIS/logs
./JADIS/data
./JADIS/data/cfg2html
./JADIS/data/CFG_Log
./JADIS/etc
./JADIS/etc/update_files
./JADIS/etc/update_files/run_sysinfo.ORIG
./JADIS/etc/update_files/sysinfo.ksh
./JADIS/etc/update_files/fix_ECC_HP-UX.sh
./JADIS/etc/JADIS.init
./JADIS/etc/sysinfo.key
./JADIS/etc/source.lis.ORIG
./JADIS/etc/default_house.css
./JADIS/etc/source.Legacy.lis
./JADIS/etc/ie7.css
./JADIS/etc/frontier_summary.css
./JADIS/etc/remote.lis.ORIG
./JADIS/etc/verizon_form.css
./JADIS/etc/JADIS_sys.Legacy.init
./JADIS/etc/ie6.css
./JADIS/etc/cfg2html.key
./JADIS/etc/Tandem_cfg2html.key
./JADIS/etc/JADIS.init.ORIG
./JADIS/etc/HP-UX_cfg2html.key
./JADIS/etc/default_form.css
./JADIS/etc/JADIS.lis
./JADIS/etc/linux_cfg2html.key
./JADIS/etc/ncdc_summary.css
./JADIS/etc/source.lis
./JADIS/etc/new_frontier_house.css
./JADIS/etc/Model.lis
./JADIS/etc/ncdc_form.css
./JADIS/etc/HMC_cfg2html.key
./JADIS/etc/AIX_cfg2html.key
./JADIS/etc/default_summary.css
./JADIS/etc/frontier_form.css
./JADIS/etc/verizon_summary.css
./JADIS/etc/remote.lis
./JADIS/etc/ncdc_house.css
./JADIS/etc/table.js
./JADIS/etc/frontier_house.css
./JADIS/etc/verizon_house.css
./JADIS/etc/SAVE
./JADIS/etc/table.js.ORIG
./JADIS/etc/key_list
./JADIS/tmp
./JADIS/index.html.TOP
./JADIS/Change_History.txt
