^^A4.* rp24xx_A400_A500_customer.pdf
^^A5.* rp24xx_A400_A500_customer.pdf
^^BL87.* BL870c_User_Guide.pdf
^^C160.* C160_C180_C200_C240_C360_owner.pdf
^^C180.* C160_C180_C200_C240_C360_owner.pdf
^^C200.* C160_C180_C200_C240_C360_owner.pdf
^^C240.* C160_C180_C200_C240_C360_owner.pdf
^^C360.* C160_C180_C200_C240_C360_owner.pdf
^^D2.* HP9000_D-Class_R-Class_oper.pdf
^^D3.* HP9000_D-Class_R-Class_oper.pdf
^^R3.* HP9000_D-Class_R-Class_oper.pdf
^^J5.* HP_Visualize_J_Class_owner_guide.pdf
^^J6.* HP_Visualize_J6700_tech_ref.pdf
^^J7.* HP_Visualize_J_Class_owner_guide.pdf
^^K.* K-Class_owner.pdf
^^L.* rp5400_User_Guide.pdf
^^N4000-.* rp7400_N-Class_customer.pdf
^^RP24.*  rp24xx_A400_A500_customer.pdf
^^RP34.*  HP_9000_rp3410_rp3440.pdf
^^RP44.*  HP_9000_rp4410_rp4440.pdf
^^RP54.*  rp5400_User_Guide.pdf
^^RP740.* rp7400_N-Class_customer.pdf
^^RP741.* HP_9000_rp7405_rp7410.pdf
^^RP742.* HP_9000_rp7420_install.pdf
^^RP744.* rx7640_rp7440_User_Guide.pdf
^^RP842.* HP_9000_rp8420_user.pdf
^^RP844.* rx8640_rp8440_User_Guide.pdf
^^RX16.*  rx1600_OpMaint.pdf
^^RX262.* rx2620_User_Guide.pdf
^^RX36.*  rx3600_User_Guide.pdf
^^RX660.* rx6600_User_Guide.pdf
^^RX762.* rx7620_User_Guide.pdf
^^RX764.* rx7640_rp7440_User_Guide.pdf
^^RX862.* rx8620_User_Guide.pdf
^^RX864.* rx8640_rp8440_User_Guide.pdf
^^SD.* Superdome_sx2000_HP9000_user.pdf
^^S16K.* rp8400_Install.pdf
^^T.* HP3000_99x_T-Class_oper.pdf
