#Param,Width,DBOR
Access,10,Status
AccessHost,10,ITI
Address,10,Status
Admin,10,Teamsite
ApplID,10,ITI
cfg2html,10,cfg2html
CFGver,10,cfg2html
Cluster,10,cfg2html
Comments,10,Teamsite
Contract,10,Teamsite
CPU_bits,10,cfg2html
CPU_cores,10,cfg2html
CPU_Rev,10,cfg2html
CPU_Speed,10,cfg2html
CPU_Type,10,cfg2html
Critical,10,ITI
DAS_Tot,10,cfg2html
DB,10,cfg2html
DNS1,10,cfg2html
DNS2,10,cfg2html
DNS3,10,cfg2html
DNSSuffix,10,ITI
Enclosure,10,ITI
Env,10,ITI
ExternalSerial#,10,cfg2html
FTR_cfg_rev,10,cfg2html
FWRev,10,cfg2html
Gateway,10,ITI
Grid,10,ITI
Group,10,Teamsite
ID_Admin,10,Teamsite
IP,10,Status
MASK,10,ITI
Memory,10,cfg2html
Model#,10,cfg2html
Monitoring,10,cfg2html
NetWrk,10,cfg2html
Oracle_Cluster?,10,cfg2html
OS,10,Status
OS_bits,10,cfg2html
OSVer,10,cfg2html
Partitioned,10,cfg2html
Patch,10,cfg2html
Patrol,10,cfg2html
Portfolio,10,ITI
REMOTE_CONSOLE,10,ITI
RemoteConsoleType,10,ITI
RemoteHost,10,ITI
RemoteIP,10,ITI
RemotePort,10,ITI
RemoteUser,10,ITI
Root_owner,10,ITI
Root_shared,10,Teamsite
SAN_Tot,10,cfg2html
SAN_Vend,10,cfg2html
SeOS,10,cfg2html
ServerAccessMethodType,10,ITI
ServerStatus,10,ITI
Site,10,ITI
SSH,10,cfg2html
TEAM,10,cfg2html
TZ,10,cfg2html
UPTIME,10,cfg2html
Vendor,10,cfg2html
Virtual,10,cfg2html
WEB,10,cfg2html
