## Starting gen_data.pl ver 6.00.00
## Loading CSV File /infra/opt/jadis_dev/JADIS/summary_files/sysinfo_latest.csv 
## Output Header
## Process List
Working on /infra/opt/jadis_dev/JADIS/lists/sys.all

Host:a7app01
 1 of 28
Use of uninitialized value in concatenation (.) or string at /infra/opt/jadis_dev/JADIS/cgi-bin/gen_data.pl line 756, <HOST_LIST> line 28.
Use of uninitialized value in concatenation (.) or string at /infra/opt/jadis_dev/JADIS/cgi-bin/gen_data.pl line 756, <HOST_LIST> line 28.
Use of uninitialized value in concatenation (.) or string at /infra/opt/jadis_dev/JADIS/cgi-bin/gen_data.pl line 756, <HOST_LIST> line 28.
Use of uninitialized value in concatenation (.) or string at /infra/opt/jadis_dev/JADIS/cgi-bin/gen_data.pl line 756, <HOST_LIST> line 28.
Use of uninitialized value in concatenation (.) or string at /infra/opt/jadis_dev/JADIS/cgi-bin/gen_data.pl line 756, <HOST_LIST> line 28.
Use of uninitialized value in concatenation (.) or string at /infra/opt/jadis_dev/JADIS/cgi-bin/gen_data.pl line 756, <HOST_LIST> line 28.
Use of uninitialized value in concatenation (.) or string at /infra/opt/jadis_dev/JADIS/cgi-bin/gen_data.pl line 756, <HOST_LIST> line 28.
Use of uninitialized value in concatenation (.) or string at /infra/opt/jadis_dev/JADIS/cgi-bin/gen_data.pl line 756, <HOST_LIST> line 28.
Use of uninitialized value in concatenation (.) or string at /infra/opt/jadis_dev/JADIS/cgi-bin/gen_data.pl line 756, <HOST_LIST> line 28.
Use of uninitialized value in concatenation (.) or string at /infra/opt/jadis_dev/JADIS/cgi-bin/gen_data.pl line 756, <HOST_LIST> line 28.
Use of uninitialized value in concatenation (.) or string at /infra/opt/jadis_dev/JADIS/cgi-bin/gen_data.pl line 756, <HOST_LIST> line 28.
Use of uninitialized value in concatenation (.) or string at /infra/opt/jadis_dev/JADIS/cgi-bin/gen_data.pl line 756, <HOST_LIST> line 28.

Host:a7server
 2 of 28
Use of uninitialized value in concatenation (.) or string at /infra/opt/jadis_dev/JADIS/cgi-bin/gen_data.pl line 756, <HOST_LIST> line 28.
Use of uninitialized value in concatenation (.) or string at /infra/opt/jadis_dev/JADIS/cgi-bin/gen_data.pl line 756, <HOST_LIST> line 28.
Use of uninitialized value in concatenation (.) or string at /infra/opt/jadis_dev/JADIS/cgi-bin/gen_data.pl line 756, <HOST_LIST> line 28.
Use of uninitialized value in concatenation (.) or string at /infra/opt/jadis_dev/JADIS/cgi-bin/gen_data.pl line 756, <HOST_LIST> line 28.
Use of uninitialized value in concatenation (.) or string at /infra/opt/jadis_dev/JADIS/cgi-bin/gen_data.pl line 756, <HOST_LIST> line 28.
Use of uninitialized value in concatenation (.) or string at /infra/opt/jadis_dev/JADIS/cgi-bin/gen_data.pl line 756, <HOST_LIST> line 28.
Use of uninitialized value in concatenation (.) or string at /infra/opt/jadis_dev/JADIS/cgi-bin/gen_data.pl line 756, <HOST_LIST> line 28.
Use of uninitialized value in concatenation (.) or string at /infra/opt/jadis_dev/JADIS/cgi-bin/gen_data.pl line 756, <HOST_LIST> line 28.
Use of uninitialized value in concatenation (.) or string at /infra/opt/jadis_dev/JADIS/cgi-bin/gen_data.pl line 756, <HOST_LIST> line 28.
Use of uninitialized value in concatenation (.) or string at /infra/opt/jadis_dev/JADIS/cgi-bin/gen_data.pl line 756, <HOST_LIST> line 28.
Use of uninitialized value in concatenation (.) or string at /infra/opt/jadis_dev/JADIS/cgi-bin/gen_data.pl line 756, <HOST_LIST> line 28.
Use of uninitialized value in concatenation (.) or string at /infra/opt/jadis_dev/JADIS/cgi-bin/gen_data.pl line 756, <HOST_LIST> line 28.

Host:aavfwp01
 3 of 28
Use of uninitialized value in concatenation (.) or string at /infra/opt/jadis_dev/JADIS/cgi-bin/gen_data.pl line 756, <HOST_LIST> line 28.
Use of uninitialized value in concatenation (.) or string at /infra/opt/jadis_dev/JADIS/cgi-bin/gen_data.pl line 756, <HOST_LIST> line 28.
Use of uninitialized value in concatenation (.) or string at /infra/opt/jadis_dev/JADIS/cgi-bin/gen_data.pl line 756, <HOST_LIST> line 28.
Use of uninitialized value in concatenation (.) or string at /infra/opt/jadis_dev/JADIS/cgi-bin/gen_data.pl line 756, <HOST_LIST> line 28.
Use of uninitialized value in concatenation (.) or string at /infra/opt/jadis_dev/JADIS/cgi-bin/gen_data.pl line 756, <HOST_LIST> line 28.
Use of uninitialized value in concatenation (.) or string at /infra/opt/jadis_dev/JADIS/cgi-bin/gen_data.pl line 756, <HOST_LIST> line 28.
Use of uninitialized value in concatenation (.) or string at /infra/opt/jadis_dev/JADIS/cgi-bin/gen_data.pl line 756, <HOST_LIST> line 28.
Use of uninitialized value in concatenation (.) or string at /infra/opt/jadis_dev/JADIS/cgi-bin/gen_data.pl line 756, <HOST_LIST> line 28.
Use of uninitialized value in concatenation (.) or string at /infra/opt/jadis_dev/JADIS/cgi-bin/gen_data.pl line 756, <HOST_LIST> line 28.
Use of uninitialized value in concatenation (.) or string at /infra/opt/jadis_dev/JADIS/cgi-bin/gen_data.pl line 756, <HOST_LIST> line 28.
Use of uninitialized value in concatenation (.) or string at /infra/opt/jadis_dev/JADIS/cgi-bin/gen_data.pl line 756, <HOST_LIST> line 28.
Use of uninitialized value in concatenation (.) or string at /infra/opt/jadis_dev/JADIS/cgi-bin/gen_data.pl line 756, <HOST_LIST> line 28.

Host:adslnms
 4 of 28
Use of uninitialized value in concatenation (.) or string at /infra/opt/jadis_dev/JADIS/cgi-bin/gen_data.pl line 756, <HOST_LIST> line 28.
Use of uninitialized value in concatenation (.) or string at /infra/opt/jadis_dev/JADIS/cgi-bin/gen_data.pl line 756, <HOST_LIST> line 28.
Use of uninitialized value in concatenation (.) or string at /infra/opt/jadis_dev/JADIS/cgi-bin/gen_data.pl line 756, <HOST_LIST> line 28.
Use of uninitialized value in concatenation (.) or string at /infra/opt/jadis_dev/JADIS/cgi-bin/gen_data.pl line 756, <HOST_LIST> line 28.
Use of uninitialized value in concatenation (.) or string at /infra/opt/jadis_dev/JADIS/cgi-bin/gen_data.pl line 756, <HOST_LIST> line 28.
Use of uninitialized value in concatenation (.) or string at /infra/opt/jadis_dev/JADIS/cgi-bin/gen_data.pl line 756, <HOST_LIST> line 28.
Use of uninitialized value in concatenation (.) or string at /infra/opt/jadis_dev/JADIS/cgi-bin/gen_data.pl line 756, <HOST_LIST> line 28.
Use of uninitialized value in concatenation (.) or string at /infra/opt/jadis_dev/JADIS/cgi-bin/gen_data.pl line 756, <HOST_LIST> line 28.
Use of uninitialized value in concatenation (.) or string at /infra/opt/jadis_dev/JADIS/cgi-bin/gen_data.pl line 756, <HOST_LIST> line 28.
Use of uninitialized value in concatenation (.) or string at /infra/opt/jadis_dev/JADIS/cgi-bin/gen_data.pl line 756, <HOST_LIST> line 28.
Use of uninitialized value in concatenation (.) or string at /infra/opt/jadis_dev/JADIS/cgi-bin/gen_data.pl line 756, <HOST_LIST> line 28.
Use of uninitialized value in concatenation (.) or string at /infra/opt/jadis_dev/JADIS/cgi-bin/gen_data.pl line 756, <HOST_LIST> line 28.

Host:adxfwp01
 5 of 28
Use of uninitialized value in concatenation (.) or string at /infra/opt/jadis_dev/JADIS/cgi-bin/gen_data.pl line 756, <HOST_LIST> line 28.
Use of uninitialized value in concatenation (.) or string at /infra/opt/jadis_dev/JADIS/cgi-bin/gen_data.pl line 756, <HOST_LIST> line 28.
Use of uninitialized value in concatenation (.) or string at /infra/opt/jadis_dev/JADIS/cgi-bin/gen_data.pl line 756, <HOST_LIST> line 28.
Use of uninitialized value in concatenation (.) or string at /infra/opt/jadis_dev/JADIS/cgi-bin/gen_data.pl line 756, <HOST_LIST> line 28.
Use of uninitialized value in concatenation (.) or string at /infra/opt/jadis_dev/JADIS/cgi-bin/gen_data.pl line 756, <HOST_LIST> line 28.
Use of uninitialized value in concatenation (.) or string at /infra/opt/jadis_dev/JADIS/cgi-bin/gen_data.pl line 756, <HOST_LIST> line 28.
Use of uninitialized value in concatenation (.) or string at /infra/opt/jadis_dev/JADIS/cgi-bin/gen_data.pl line 756, <HOST_LIST> line 28.
Use of uninitialized value in concatenation (.) or string at /infra/opt/jadis_dev/JADIS/cgi-bin/gen_data.pl line 756, <HOST_LIST> line 28.
Use of uninitialized value in concatenation (.) or string at /infra/opt/jadis_dev/JADIS/cgi-bin/gen_data.pl line 756, <HOST_LIST> line 28.
Use of uninitialized value in concatenation (.) or string at /infra/opt/jadis_dev/JADIS/cgi-bin/gen_data.pl line 756, <HOST_LIST> line 28.
Use of uninitialized value in concatenation (.) or string at /infra/opt/jadis_dev/JADIS/cgi-bin/gen_data.pl line 756, <HOST_LIST> line 28.
Use of uninitialized value in concatenation (.) or string at /infra/opt/jadis_dev/JADIS/cgi-bin/gen_data.pl line 756, <HOST_LIST> line 28.

Host:adxfwp02
 6 of 28
Use of uninitialized value in concatenation (.) or string at /infra/opt/jadis_dev/JADIS/cgi-bin/gen_data.pl line 756, <HOST_LIST> line 28.
Use of uninitialized value in concatenation (.) or string at /infra/opt/jadis_dev/JADIS/cgi-bin/gen_data.pl line 756, <HOST_LIST> line 28.
Use of uninitialized value in concatenation (.) or string at /infra/opt/jadis_dev/JADIS/cgi-bin/gen_data.pl line 756, <HOST_LIST> line 28.
Use of uninitialized value in concatenation (.) or string at /infra/opt/jadis_dev/JADIS/cgi-bin/gen_data.pl line 756, <HOST_LIST> line 28.
Use of uninitialized value in concatenation (.) or string at /infra/opt/jadis_dev/JADIS/cgi-bin/gen_data.pl line 756, <HOST_LIST> line 28.
Use of uninitialized value in concatenation (.) or string at /infra/opt/jadis_dev/JADIS/cgi-bin/gen_data.pl line 756, <HOST_LIST> line 28.
Use of uninitialized value in concatenation (.) or string at /infra/opt/jadis_dev/JADIS/cgi-bin/gen_data.pl line 756, <HOST_LIST> line 28.
Use of uninitialized value in concatenation (.) or string at /infra/opt/jadis_dev/JADIS/cgi-bin/gen_data.pl line 756, <HOST_LIST> line 28.
Use of uninitialized value in concatenation (.) or string at /infra/opt/jadis_dev/JADIS/cgi-bin/gen_data.pl line 756, <HOST_LIST> line 28.
Use of uninitialized value in concatenation (.) or string at /infra/opt/jadis_dev/JADIS/cgi-bin/gen_data.pl line 756, <HOST_LIST> line 28.
Use of uninitialized value in concatenation (.) or string at /infra/opt/jadis_dev/JADIS/cgi-bin/gen_data.pl line 756, <HOST_LIST> line 28.
Use of uninitialized value in concatenation (.) or string at /infra/opt/jadis_dev/JADIS/cgi-bin/gen_data.pl line 756, <HOST_LIST> line 28.

Host:adxfwp03
 7 of 28
Use of uninitialized value in concatenation (.) or string at /infra/opt/jadis_dev/JADIS/cgi-bin/gen_data.pl line 756, <HOST_LIST> line 28.
Use of uninitialized value in concatenation (.) or string at /infra/opt/jadis_dev/JADIS/cgi-bin/gen_data.pl line 756, <HOST_LIST> line 28.
Use of uninitialized value in concatenation (.) or string at /infra/opt/jadis_dev/JADIS/cgi-bin/gen_data.pl line 756, <HOST_LIST> line 28.
Use of uninitialized value in concatenation (.) or string at /infra/opt/jadis_dev/JADIS/cgi-bin/gen_data.pl line 756, <HOST_LIST> line 28.
Use of uninitialized value in concatenation (.) or string at /infra/opt/jadis_dev/JADIS/cgi-bin/gen_data.pl line 756, <HOST_LIST> line 28.
Use of uninitialized value in concatenation (.) or string at /infra/opt/jadis_dev/JADIS/cgi-bin/gen_data.pl line 756, <HOST_LIST> line 28.
Use of uninitialized value in concatenation (.) or string at /infra/opt/jadis_dev/JADIS/cgi-bin/gen_data.pl line 756, <HOST_LIST> line 28.
Use of uninitialized value in concatenation (.) or string at /infra/opt/jadis_dev/JADIS/cgi-bin/gen_data.pl line 756, <HOST_LIST> line 28.
Use of uninitialized value in concatenation (.) or string at /infra/opt/jadis_dev/JADIS/cgi-bin/gen_data.pl line 756, <HOST_LIST> line 28.
Use of uninitialized value in concatenation (.) or string at /infra/opt/jadis_dev/JADIS/cgi-bin/gen_data.pl line 756, <HOST_LIST> line 28.
Use of uninitialized value in concatenation (.) or string at /infra/opt/jadis_dev/JADIS/cgi-bin/gen_data.pl line 756, <HOST_LIST> line 28.
Use of uninitialized value in concatenation (.) or string at /infra/opt/jadis_dev/JADIS/cgi-bin/gen_data.pl line 756, <HOST_LIST> line 28.

Host:appdev01
 8 of 28
Use of uninitialized value in concatenation (.) or string at /infra/opt/jadis_dev/JADIS/cgi-bin/gen_data.pl line 756, <HOST_LIST> line 28.
Use of uninitialized value in concatenation (.) or string at /infra/opt/jadis_dev/JADIS/cgi-bin/gen_data.pl line 756, <HOST_LIST> line 28.
Use of uninitialized value in concatenation (.) or string at /infra/opt/jadis_dev/JADIS/cgi-bin/gen_data.pl line 756, <HOST_LIST> line 28.
Use of uninitialized value in concatenation (.) or string at /infra/opt/jadis_dev/JADIS/cgi-bin/gen_data.pl line 756, <HOST_LIST> line 28.
Use of uninitialized value in concatenation (.) or string at /infra/opt/jadis_dev/JADIS/cgi-bin/gen_data.pl line 756, <HOST_LIST> line 28.
Use of uninitialized value in concatenation (.) or string at /infra/opt/jadis_dev/JADIS/cgi-bin/gen_data.pl line 756, <HOST_LIST> line 28.
Use of uninitialized value in concatenation (.) or string at /infra/opt/jadis_dev/JADIS/cgi-bin/gen_data.pl line 756, <HOST_LIST> line 28.
Use of uninitialized value in concatenation (.) or string at /infra/opt/jadis_dev/JADIS/cgi-bin/gen_data.pl line 756, <HOST_LIST> line 28.
Use of uninitialized value in concatenation (.) or string at /infra/opt/jadis_dev/JADIS/cgi-bin/gen_data.pl line 756, <HOST_LIST> line 28.
Use of uninitialized value in concatenation (.) or string at /infra/opt/jadis_dev/JADIS/cgi-bin/gen_data.pl line 756, <HOST_LIST> line 28.
Use of uninitialized value in concatenation (.) or string at /infra/opt/jadis_dev/JADIS/cgi-bin/gen_data.pl line 756, <HOST_LIST> line 28.
Use of uninitialized value in concatenation (.) or string at /infra/opt/jadis_dev/JADIS/cgi-bin/gen_data.pl line 756, <HOST_LIST> line 28.

Host:argon
 9 of 28
Use of uninitialized value in concatenation (.) or string at /infra/opt/jadis_dev/JADIS/cgi-bin/gen_data.pl line 756, <HOST_LIST> line 28.
Use of uninitialized value in concatenation (.) or string at /infra/opt/jadis_dev/JADIS/cgi-bin/gen_data.pl line 756, <HOST_LIST> line 28.
Use of uninitialized value in concatenation (.) or string at /infra/opt/jadis_dev/JADIS/cgi-bin/gen_data.pl line 756, <HOST_LIST> line 28.
Use of uninitialized value in concatenation (.) or string at /infra/opt/jadis_dev/JADIS/cgi-bin/gen_data.pl line 756, <HOST_LIST> line 28.
Use of uninitialized value in concatenation (.) or string at /infra/opt/jadis_dev/JADIS/cgi-bin/gen_data.pl line 756, <HOST_LIST> line 28.
Use of uninitialized value in concatenation (.) or string at /infra/opt/jadis_dev/JADIS/cgi-bin/gen_data.pl line 756, <HOST_LIST> line 28.
Use of uninitialized value in concatenation (.) or string at /infra/opt/jadis_dev/JADIS/cgi-bin/gen_data.pl line 756, <HOST_LIST> line 28.
Use of uninitialized value in concatenation (.) or string at /infra/opt/jadis_dev/JADIS/cgi-bin/gen_data.pl line 756, <HOST_LIST> line 28.
Use of uninitialized value in concatenation (.) or string at /infra/opt/jadis_dev/JADIS/cgi-bin/gen_data.pl line 756, <HOST_LIST> line 28.
Use of uninitialized value in concatenation (.) or string at /infra/opt/jadis_dev/JADIS/cgi-bin/gen_data.pl line 756, <HOST_LIST> line 28.
Use of uninitialized value in concatenation (.) or string at /infra/opt/jadis_dev/JADIS/cgi-bin/gen_data.pl line 756, <HOST_LIST> line 28.
Use of uninitialized value in concatenation (.) or string at /infra/opt/jadis_dev/JADIS/cgi-bin/gen_data.pl line 756, <HOST_LIST> line 28.

Host:busropv04
 10 of 28
Use of uninitialized value in concatenation (.) or string at /infra/opt/jadis_dev/JADIS/cgi-bin/gen_data.pl line 756, <HOST_LIST> line 28.
Use of uninitialized value in concatenation (.) or string at /infra/opt/jadis_dev/JADIS/cgi-bin/gen_data.pl line 756, <HOST_LIST> line 28.
Use of uninitialized value in concatenation (.) or string at /infra/opt/jadis_dev/JADIS/cgi-bin/gen_data.pl line 756, <HOST_LIST> line 28.
Use of uninitialized value in concatenation (.) or string at /infra/opt/jadis_dev/JADIS/cgi-bin/gen_data.pl line 756, <HOST_LIST> line 28.
Use of uninitialized value in concatenation (.) or string at /infra/opt/jadis_dev/JADIS/cgi-bin/gen_data.pl line 756, <HOST_LIST> line 28.
Use of uninitialized value in concatenation (.) or string at /infra/opt/jadis_dev/JADIS/cgi-bin/gen_data.pl line 756, <HOST_LIST> line 28.
Use of uninitialized value in concatenation (.) or string at /infra/opt/jadis_dev/JADIS/cgi-bin/gen_data.pl line 756, <HOST_LIST> line 28.
Use of uninitialized value in concatenation (.) or string at /infra/opt/jadis_dev/JADIS/cgi-bin/gen_data.pl line 756, <HOST_LIST> line 28.
Use of uninitialized value in concatenation (.) or string at /infra/opt/jadis_dev/JADIS/cgi-bin/gen_data.pl line 756, <HOST_LIST> line 28.
Use of uninitialized value in concatenation (.) or string at /infra/opt/jadis_dev/JADIS/cgi-bin/gen_data.pl line 756, <HOST_LIST> line 28.
Use of uninitialized value in concatenation (.) or string at /infra/opt/jadis_dev/JADIS/cgi-bin/gen_data.pl line 756, <HOST_LIST> line 28.
Use of uninitialized value in concatenation (.) or string at /infra/opt/jadis_dev/JADIS/cgi-bin/gen_data.pl line 756, <HOST_LIST> line 28.

Host:csgftwp09
 11 of 28
Use of uninitialized value in concatenation (.) or string at /infra/opt/jadis_dev/JADIS/cgi-bin/gen_data.pl line 756, <HOST_LIST> line 28.
Use of uninitialized value in concatenation (.) or string at /infra/opt/jadis_dev/JADIS/cgi-bin/gen_data.pl line 756, <HOST_LIST> line 28.
Use of uninitialized value in concatenation (.) or string at /infra/opt/jadis_dev/JADIS/cgi-bin/gen_data.pl line 756, <HOST_LIST> line 28.
Use of uninitialized value in concatenation (.) or string at /infra/opt/jadis_dev/JADIS/cgi-bin/gen_data.pl line 756, <HOST_LIST> line 28.
Use of uninitialized value in concatenation (.) or string at /infra/opt/jadis_dev/JADIS/cgi-bin/gen_data.pl line 756, <HOST_LIST> line 28.
Use of uninitialized value in concatenation (.) or string at /infra/opt/jadis_dev/JADIS/cgi-bin/gen_data.pl line 756, <HOST_LIST> line 28.
Use of uninitialized value in concatenation (.) or string at /infra/opt/jadis_dev/JADIS/cgi-bin/gen_data.pl line 756, <HOST_LIST> line 28.
Use of uninitialized value in concatenation (.) or string at /infra/opt/jadis_dev/JADIS/cgi-bin/gen_data.pl line 756, <HOST_LIST> line 28.
Use of uninitialized value in concatenation (.) or string at /infra/opt/jadis_dev/JADIS/cgi-bin/gen_data.pl line 756, <HOST_LIST> line 28.
Use of uninitialized value in concatenation (.) or string at /infra/opt/jadis_dev/JADIS/cgi-bin/gen_data.pl line 756, <HOST_LIST> line 28.
Use of uninitialized value in concatenation (.) or string at /infra/opt/jadis_dev/JADIS/cgi-bin/gen_data.pl line 756, <HOST_LIST> line 28.
Use of uninitialized value in concatenation (.) or string at /infra/opt/jadis_dev/JADIS/cgi-bin/gen_data.pl line 756, <HOST_LIST> line 28.

Host:cxfwgp01
 12 of 28
Use of uninitialized value in concatenation (.) or string at /infra/opt/jadis_dev/JADIS/cgi-bin/gen_data.pl line 756, <HOST_LIST> line 28.
Use of uninitialized value in concatenation (.) or string at /infra/opt/jadis_dev/JADIS/cgi-bin/gen_data.pl line 756, <HOST_LIST> line 28.
Use of uninitialized value in concatenation (.) or string at /infra/opt/jadis_dev/JADIS/cgi-bin/gen_data.pl line 756, <HOST_LIST> line 28.
Use of uninitialized value in concatenation (.) or string at /infra/opt/jadis_dev/JADIS/cgi-bin/gen_data.pl line 756, <HOST_LIST> line 28.
Use of uninitialized value in concatenation (.) or string at /infra/opt/jadis_dev/JADIS/cgi-bin/gen_data.pl line 756, <HOST_LIST> line 28.
Use of uninitialized value in concatenation (.) or string at /infra/opt/jadis_dev/JADIS/cgi-bin/gen_data.pl line 756, <HOST_LIST> line 28.
Use of uninitialized value in concatenation (.) or string at /infra/opt/jadis_dev/JADIS/cgi-bin/gen_data.pl line 756, <HOST_LIST> line 28.
Use of uninitialized value in concatenation (.) or string at /infra/opt/jadis_dev/JADIS/cgi-bin/gen_data.pl line 756, <HOST_LIST> line 28.
Use of uninitialized value in concatenation (.) or string at /infra/opt/jadis_dev/JADIS/cgi-bin/gen_data.pl line 756, <HOST_LIST> line 28.
Use of uninitialized value in concatenation (.) or string at /infra/opt/jadis_dev/JADIS/cgi-bin/gen_data.pl line 756, <HOST_LIST> line 28.
Use of uninitialized value in concatenation (.) or string at /infra/opt/jadis_dev/JADIS/cgi-bin/gen_data.pl line 756, <HOST_LIST> line 28.
Use of uninitialized value in concatenation (.) or string at /infra/opt/jadis_dev/JADIS/cgi-bin/gen_data.pl line 756, <HOST_LIST> line 28.

Host:ebcfwp01
 13 of 28
Use of uninitialized value in concatenation (.) or string at /infra/opt/jadis_dev/JADIS/cgi-bin/gen_data.pl line 756, <HOST_LIST> line 28.
Use of uninitialized value in concatenation (.) or string at /infra/opt/jadis_dev/JADIS/cgi-bin/gen_data.pl line 756, <HOST_LIST> line 28.
Use of uninitialized value in concatenation (.) or string at /infra/opt/jadis_dev/JADIS/cgi-bin/gen_data.pl line 756, <HOST_LIST> line 28.
Use of uninitialized value in concatenation (.) or string at /infra/opt/jadis_dev/JADIS/cgi-bin/gen_data.pl line 756, <HOST_LIST> line 28.
Use of uninitialized value in concatenation (.) or string at /infra/opt/jadis_dev/JADIS/cgi-bin/gen_data.pl line 756, <HOST_LIST> line 28.
Use of uninitialized value in concatenation (.) or string at /infra/opt/jadis_dev/JADIS/cgi-bin/gen_data.pl line 756, <HOST_LIST> line 28.
Use of uninitialized value in concatenation (.) or string at /infra/opt/jadis_dev/JADIS/cgi-bin/gen_data.pl line 756, <HOST_LIST> line 28.
Use of uninitialized value in concatenation (.) or string at /infra/opt/jadis_dev/JADIS/cgi-bin/gen_data.pl line 756, <HOST_LIST> line 28.
Use of uninitialized value in concatenation (.) or string at /infra/opt/jadis_dev/JADIS/cgi-bin/gen_data.pl line 756, <HOST_LIST> line 28.
Use of uninitialized value in concatenation (.) or string at /infra/opt/jadis_dev/JADIS/cgi-bin/gen_data.pl line 756, <HOST_LIST> line 28.
Use of uninitialized value in concatenation (.) or string at /infra/opt/jadis_dev/JADIS/cgi-bin/gen_data.pl line 756, <HOST_LIST> line 28.
Use of uninitialized value in concatenation (.) or string at /infra/opt/jadis_dev/JADIS/cgi-bin/gen_data.pl line 756, <HOST_LIST> line 28.

Host:elidcs2
 14 of 28
Use of uninitialized value in concatenation (.) or string at /infra/opt/jadis_dev/JADIS/cgi-bin/gen_data.pl line 756, <HOST_LIST> line 28.
Use of uninitialized value in concatenation (.) or string at /infra/opt/jadis_dev/JADIS/cgi-bin/gen_data.pl line 756, <HOST_LIST> line 28.
Use of uninitialized value in concatenation (.) or string at /infra/opt/jadis_dev/JADIS/cgi-bin/gen_data.pl line 756, <HOST_LIST> line 28.
Use of uninitialized value in concatenation (.) or string at /infra/opt/jadis_dev/JADIS/cgi-bin/gen_data.pl line 756, <HOST_LIST> line 28.
Use of uninitialized value in concatenation (.) or string at /infra/opt/jadis_dev/JADIS/cgi-bin/gen_data.pl line 756, <HOST_LIST> line 28.
Use of uninitialized value in concatenation (.) or string at /infra/opt/jadis_dev/JADIS/cgi-bin/gen_data.pl line 756, <HOST_LIST> line 28.
Use of uninitialized value in concatenation (.) or string at /infra/opt/jadis_dev/JADIS/cgi-bin/gen_data.pl line 756, <HOST_LIST> line 28.
Use of uninitialized value in concatenation (.) or string at /infra/opt/jadis_dev/JADIS/cgi-bin/gen_data.pl line 756, <HOST_LIST> line 28.
Use of uninitialized value in concatenation (.) or string at /infra/opt/jadis_dev/JADIS/cgi-bin/gen_data.pl line 756, <HOST_LIST> line 28.
Use of uninitialized value in concatenation (.) or string at /infra/opt/jadis_dev/JADIS/cgi-bin/gen_data.pl line 756, <HOST_LIST> line 28.
Use of uninitialized value in concatenation (.) or string at /infra/opt/jadis_dev/JADIS/cgi-bin/gen_data.pl line 756, <HOST_LIST> line 28.
Use of uninitialized value in concatenation (.) or string at /infra/opt/jadis_dev/JADIS/cgi-bin/gen_data.pl line 756, <HOST_LIST> line 28.

Host:ewftwp33
 15 of 28
Use of uninitialized value in concatenation (.) or string at /infra/opt/jadis_dev/JADIS/cgi-bin/gen_data.pl line 756, <HOST_LIST> line 28.
Use of uninitialized value in concatenation (.) or string at /infra/opt/jadis_dev/JADIS/cgi-bin/gen_data.pl line 756, <HOST_LIST> line 28.
Use of uninitialized value in concatenation (.) or string at /infra/opt/jadis_dev/JADIS/cgi-bin/gen_data.pl line 756, <HOST_LIST> line 28.
Use of uninitialized value in concatenation (.) or string at /infra/opt/jadis_dev/JADIS/cgi-bin/gen_data.pl line 756, <HOST_LIST> line 28.
Use of uninitialized value in concatenation (.) or string at /infra/opt/jadis_dev/JADIS/cgi-bin/gen_data.pl line 756, <HOST_LIST> line 28.
Use of uninitialized value in concatenation (.) or string at /infra/opt/jadis_dev/JADIS/cgi-bin/gen_data.pl line 756, <HOST_LIST> line 28.
Use of uninitialized value in concatenation (.) or string at /infra/opt/jadis_dev/JADIS/cgi-bin/gen_data.pl line 756, <HOST_LIST> line 28.
Use of uninitialized value in concatenation (.) or string at /infra/opt/jadis_dev/JADIS/cgi-bin/gen_data.pl line 756, <HOST_LIST> line 28.
Use of uninitialized value in concatenation (.) or string at /infra/opt/jadis_dev/JADIS/cgi-bin/gen_data.pl line 756, <HOST_LIST> line 28.
Use of uninitialized value in concatenation (.) or string at /infra/opt/jadis_dev/JADIS/cgi-bin/gen_data.pl line 756, <HOST_LIST> line 28.
Use of uninitialized value in concatenation (.) or string at /infra/opt/jadis_dev/JADIS/cgi-bin/gen_data.pl line 756, <HOST_LIST> line 28.
Use of uninitialized value in concatenation (.) or string at /infra/opt/jadis_dev/JADIS/cgi-bin/gen_data.pl line 756, <HOST_LIST> line 28.

Host:ftpsdwhprd-cg4
 16 of 28
Use of uninitialized value in concatenation (.) or string at /infra/opt/jadis_dev/JADIS/cgi-bin/gen_data.pl line 756, <HOST_LIST> line 28.
Use of uninitialized value in concatenation (.) or string at /infra/opt/jadis_dev/JADIS/cgi-bin/gen_data.pl line 756, <HOST_LIST> line 28.
Use of uninitialized value in concatenation (.) or string at /infra/opt/jadis_dev/JADIS/cgi-bin/gen_data.pl line 756, <HOST_LIST> line 28.
Use of uninitialized value in concatenation (.) or string at /infra/opt/jadis_dev/JADIS/cgi-bin/gen_data.pl line 756, <HOST_LIST> line 28.
Use of uninitialized value in concatenation (.) or string at /infra/opt/jadis_dev/JADIS/cgi-bin/gen_data.pl line 756, <HOST_LIST> line 28.
Use of uninitialized value in concatenation (.) or string at /infra/opt/jadis_dev/JADIS/cgi-bin/gen_data.pl line 756, <HOST_LIST> line 28.
Use of uninitialized value in concatenation (.) or string at /infra/opt/jadis_dev/JADIS/cgi-bin/gen_data.pl line 756, <HOST_LIST> line 28.
Use of uninitialized value in concatenation (.) or string at /infra/opt/jadis_dev/JADIS/cgi-bin/gen_data.pl line 756, <HOST_LIST> line 28.
Use of uninitialized value in concatenation (.) or string at /infra/opt/jadis_dev/JADIS/cgi-bin/gen_data.pl line 756, <HOST_LIST> line 28.
Use of uninitialized value in concatenation (.) or string at /infra/opt/jadis_dev/JADIS/cgi-bin/gen_data.pl line 756, <HOST_LIST> line 28.
Use of uninitialized value in concatenation (.) or string at /infra/opt/jadis_dev/JADIS/cgi-bin/gen_data.pl line 756, <HOST_LIST> line 28.
Use of uninitialized value in concatenation (.) or string at /infra/opt/jadis_dev/JADIS/cgi-bin/gen_data.pl line 756, <HOST_LIST> line 28.

Host:inftwxenh1
 17 of 28
Use of uninitialized value in concatenation (.) or string at /infra/opt/jadis_dev/JADIS/cgi-bin/gen_data.pl line 756, <HOST_LIST> line 28.
Use of uninitialized value in concatenation (.) or string at /infra/opt/jadis_dev/JADIS/cgi-bin/gen_data.pl line 756, <HOST_LIST> line 28.
Use of uninitialized value in concatenation (.) or string at /infra/opt/jadis_dev/JADIS/cgi-bin/gen_data.pl line 756, <HOST_LIST> line 28.
Use of uninitialized value in concatenation (.) or string at /infra/opt/jadis_dev/JADIS/cgi-bin/gen_data.pl line 756, <HOST_LIST> line 28.
Use of uninitialized value in concatenation (.) or string at /infra/opt/jadis_dev/JADIS/cgi-bin/gen_data.pl line 756, <HOST_LIST> line 28.
Use of uninitialized value in concatenation (.) or string at /infra/opt/jadis_dev/JADIS/cgi-bin/gen_data.pl line 756, <HOST_LIST> line 28.
Use of uninitialized value in concatenation (.) or string at /infra/opt/jadis_dev/JADIS/cgi-bin/gen_data.pl line 756, <HOST_LIST> line 28.
Use of uninitialized value in concatenation (.) or string at /infra/opt/jadis_dev/JADIS/cgi-bin/gen_data.pl line 756, <HOST_LIST> line 28.
Use of uninitialized value in concatenation (.) or string at /infra/opt/jadis_dev/JADIS/cgi-bin/gen_data.pl line 756, <HOST_LIST> line 28.
Use of uninitialized value in concatenation (.) or string at /infra/opt/jadis_dev/JADIS/cgi-bin/gen_data.pl line 756, <HOST_LIST> line 28.
Use of uninitialized value in concatenation (.) or string at /infra/opt/jadis_dev/JADIS/cgi-bin/gen_data.pl line 756, <HOST_LIST> line 28.
Use of uninitialized value in concatenation (.) or string at /infra/opt/jadis_dev/JADIS/cgi-bin/gen_data.pl line 756, <HOST_LIST> line 28.

Host:lnxfwi01
 18 of 28
Use of uninitialized value in concatenation (.) or string at /infra/opt/jadis_dev/JADIS/cgi-bin/gen_data.pl line 756, <HOST_LIST> line 28.
Use of uninitialized value in concatenation (.) or string at /infra/opt/jadis_dev/JADIS/cgi-bin/gen_data.pl line 756, <HOST_LIST> line 28.
Use of uninitialized value in concatenation (.) or string at /infra/opt/jadis_dev/JADIS/cgi-bin/gen_data.pl line 756, <HOST_LIST> line 28.
Use of uninitialized value in concatenation (.) or string at /infra/opt/jadis_dev/JADIS/cgi-bin/gen_data.pl line 756, <HOST_LIST> line 28.
Use of uninitialized value in concatenation (.) or string at /infra/opt/jadis_dev/JADIS/cgi-bin/gen_data.pl line 756, <HOST_LIST> line 28.
Use of uninitialized value in concatenation (.) or string at /infra/opt/jadis_dev/JADIS/cgi-bin/gen_data.pl line 756, <HOST_LIST> line 28.
Use of uninitialized value in concatenation (.) or string at /infra/opt/jadis_dev/JADIS/cgi-bin/gen_data.pl line 756, <HOST_LIST> line 28.
Use of uninitialized value in concatenation (.) or string at /infra/opt/jadis_dev/JADIS/cgi-bin/gen_data.pl line 756, <HOST_LIST> line 28.
Use of uninitialized value in concatenation (.) or string at /infra/opt/jadis_dev/JADIS/cgi-bin/gen_data.pl line 756, <HOST_LIST> line 28.
Use of uninitialized value in concatenation (.) or string at /infra/opt/jadis_dev/JADIS/cgi-bin/gen_data.pl line 756, <HOST_LIST> line 28.
Use of uninitialized value in concatenation (.) or string at /infra/opt/jadis_dev/JADIS/cgi-bin/gen_data.pl line 756, <HOST_LIST> line 28.
Use of uninitialized value in concatenation (.) or string at /infra/opt/jadis_dev/JADIS/cgi-bin/gen_data.pl line 756, <HOST_LIST> line 28.

Host:nshfwpa2
 19 of 28
Use of uninitialized value in concatenation (.) or string at /infra/opt/jadis_dev/JADIS/cgi-bin/gen_data.pl line 756, <HOST_LIST> line 28.
Use of uninitialized value in concatenation (.) or string at /infra/opt/jadis_dev/JADIS/cgi-bin/gen_data.pl line 756, <HOST_LIST> line 28.
Use of uninitialized value in concatenation (.) or string at /infra/opt/jadis_dev/JADIS/cgi-bin/gen_data.pl line 756, <HOST_LIST> line 28.
Use of uninitialized value in concatenation (.) or string at /infra/opt/jadis_dev/JADIS/cgi-bin/gen_data.pl line 756, <HOST_LIST> line 28.
Use of uninitialized value in concatenation (.) or string at /infra/opt/jadis_dev/JADIS/cgi-bin/gen_data.pl line 756, <HOST_LIST> line 28.
Use of uninitialized value in concatenation (.) or string at /infra/opt/jadis_dev/JADIS/cgi-bin/gen_data.pl line 756, <HOST_LIST> line 28.
Use of uninitialized value in concatenation (.) or string at /infra/opt/jadis_dev/JADIS/cgi-bin/gen_data.pl line 756, <HOST_LIST> line 28.
Use of uninitialized value in concatenation (.) or string at /infra/opt/jadis_dev/JADIS/cgi-bin/gen_data.pl line 756, <HOST_LIST> line 28.
Use of uninitialized value in concatenation (.) or string at /infra/opt/jadis_dev/JADIS/cgi-bin/gen_data.pl line 756, <HOST_LIST> line 28.
Use of uninitialized value in concatenation (.) or string at /infra/opt/jadis_dev/JADIS/cgi-bin/gen_data.pl line 756, <HOST_LIST> line 28.
Use of uninitialized value in concatenation (.) or string at /infra/opt/jadis_dev/JADIS/cgi-bin/gen_data.pl line 756, <HOST_LIST> line 28.
Use of uninitialized value in concatenation (.) or string at /infra/opt/jadis_dev/JADIS/cgi-bin/gen_data.pl line 756, <HOST_LIST> line 28.

Host:nyrofcsol29
 20 of 28
Use of uninitialized value in concatenation (.) or string at /infra/opt/jadis_dev/JADIS/cgi-bin/gen_data.pl line 756, <HOST_LIST> line 28.
Use of uninitialized value in concatenation (.) or string at /infra/opt/jadis_dev/JADIS/cgi-bin/gen_data.pl line 756, <HOST_LIST> line 28.
Use of uninitialized value in concatenation (.) or string at /infra/opt/jadis_dev/JADIS/cgi-bin/gen_data.pl line 756, <HOST_LIST> line 28.
Use of uninitialized value in concatenation (.) or string at /infra/opt/jadis_dev/JADIS/cgi-bin/gen_data.pl line 756, <HOST_LIST> line 28.
Use of uninitialized value in concatenation (.) or string at /infra/opt/jadis_dev/JADIS/cgi-bin/gen_data.pl line 756, <HOST_LIST> line 28.
Use of uninitialized value in concatenation (.) or string at /infra/opt/jadis_dev/JADIS/cgi-bin/gen_data.pl line 756, <HOST_LIST> line 28.
Use of uninitialized value in concatenation (.) or string at /infra/opt/jadis_dev/JADIS/cgi-bin/gen_data.pl line 756, <HOST_LIST> line 28.
Use of uninitialized value in concatenation (.) or string at /infra/opt/jadis_dev/JADIS/cgi-bin/gen_data.pl line 756, <HOST_LIST> line 28.
Use of uninitialized value in concatenation (.) or string at /infra/opt/jadis_dev/JADIS/cgi-bin/gen_data.pl line 756, <HOST_LIST> line 28.
Use of uninitialized value in concatenation (.) or string at /infra/opt/jadis_dev/JADIS/cgi-bin/gen_data.pl line 756, <HOST_LIST> line 28.
Use of uninitialized value in concatenation (.) or string at /infra/opt/jadis_dev/JADIS/cgi-bin/gen_data.pl line 756, <HOST_LIST> line 28.
Use of uninitialized value in concatenation (.) or string at /infra/opt/jadis_dev/JADIS/cgi-bin/gen_data.pl line 756, <HOST_LIST> line 28.

Host:omefwp01
 21 of 28
Use of uninitialized value in concatenation (.) or string at /infra/opt/jadis_dev/JADIS/cgi-bin/gen_data.pl line 756, <HOST_LIST> line 28.
Use of uninitialized value in concatenation (.) or string at /infra/opt/jadis_dev/JADIS/cgi-bin/gen_data.pl line 756, <HOST_LIST> line 28.
Use of uninitialized value in concatenation (.) or string at /infra/opt/jadis_dev/JADIS/cgi-bin/gen_data.pl line 756, <HOST_LIST> line 28.
Use of uninitialized value in concatenation (.) or string at /infra/opt/jadis_dev/JADIS/cgi-bin/gen_data.pl line 756, <HOST_LIST> line 28.
Use of uninitialized value in concatenation (.) or string at /infra/opt/jadis_dev/JADIS/cgi-bin/gen_data.pl line 756, <HOST_LIST> line 28.
Use of uninitialized value in concatenation (.) or string at /infra/opt/jadis_dev/JADIS/cgi-bin/gen_data.pl line 756, <HOST_LIST> line 28.
Use of uninitialized value in concatenation (.) or string at /infra/opt/jadis_dev/JADIS/cgi-bin/gen_data.pl line 756, <HOST_LIST> line 28.
Use of uninitialized value in concatenation (.) or string at /infra/opt/jadis_dev/JADIS/cgi-bin/gen_data.pl line 756, <HOST_LIST> line 28.
Use of uninitialized value in concatenation (.) or string at /infra/opt/jadis_dev/JADIS/cgi-bin/gen_data.pl line 756, <HOST_LIST> line 28.
Use of uninitialized value in concatenation (.) or string at /infra/opt/jadis_dev/JADIS/cgi-bin/gen_data.pl line 756, <HOST_LIST> line 28.
Use of uninitialized value in concatenation (.) or string at /infra/opt/jadis_dev/JADIS/cgi-bin/gen_data.pl line 756, <HOST_LIST> line 28.
Use of uninitialized value in concatenation (.) or string at /infra/opt/jadis_dev/JADIS/cgi-bin/gen_data.pl line 756, <HOST_LIST> line 28.

Host:rcfwsp05
 22 of 28
Use of uninitialized value in concatenation (.) or string at /infra/opt/jadis_dev/JADIS/cgi-bin/gen_data.pl line 756, <HOST_LIST> line 28.
Use of uninitialized value in concatenation (.) or string at /infra/opt/jadis_dev/JADIS/cgi-bin/gen_data.pl line 756, <HOST_LIST> line 28.
Use of uninitialized value in concatenation (.) or string at /infra/opt/jadis_dev/JADIS/cgi-bin/gen_data.pl line 756, <HOST_LIST> line 28.
Use of uninitialized value in concatenation (.) or string at /infra/opt/jadis_dev/JADIS/cgi-bin/gen_data.pl line 756, <HOST_LIST> line 28.
Use of uninitialized value in concatenation (.) or string at /infra/opt/jadis_dev/JADIS/cgi-bin/gen_data.pl line 756, <HOST_LIST> line 28.
Use of uninitialized value in concatenation (.) or string at /infra/opt/jadis_dev/JADIS/cgi-bin/gen_data.pl line 756, <HOST_LIST> line 28.
Use of uninitialized value in concatenation (.) or string at /infra/opt/jadis_dev/JADIS/cgi-bin/gen_data.pl line 756, <HOST_LIST> line 28.
Use of uninitialized value in concatenation (.) or string at /infra/opt/jadis_dev/JADIS/cgi-bin/gen_data.pl line 756, <HOST_LIST> line 28.
Use of uninitialized value in concatenation (.) or string at /infra/opt/jadis_dev/JADIS/cgi-bin/gen_data.pl line 756, <HOST_LIST> line 28.
Use of uninitialized value in concatenation (.) or string at /infra/opt/jadis_dev/JADIS/cgi-bin/gen_data.pl line 756, <HOST_LIST> line 28.
Use of uninitialized value in concatenation (.) or string at /infra/opt/jadis_dev/JADIS/cgi-bin/gen_data.pl line 756, <HOST_LIST> line 28.
Use of uninitialized value in concatenation (.) or string at /infra/opt/jadis_dev/JADIS/cgi-bin/gen_data.pl line 756, <HOST_LIST> line 28.

Host:scrambler
 23 of 28
Use of uninitialized value in concatenation (.) or string at /infra/opt/jadis_dev/JADIS/cgi-bin/gen_data.pl line 756, <HOST_LIST> line 28.
Use of uninitialized value in concatenation (.) or string at /infra/opt/jadis_dev/JADIS/cgi-bin/gen_data.pl line 756, <HOST_LIST> line 28.
Use of uninitialized value in concatenation (.) or string at /infra/opt/jadis_dev/JADIS/cgi-bin/gen_data.pl line 756, <HOST_LIST> line 28.
Use of uninitialized value in concatenation (.) or string at /infra/opt/jadis_dev/JADIS/cgi-bin/gen_data.pl line 756, <HOST_LIST> line 28.
Use of uninitialized value in concatenation (.) or string at /infra/opt/jadis_dev/JADIS/cgi-bin/gen_data.pl line 756, <HOST_LIST> line 28.
Use of uninitialized value in concatenation (.) or string at /infra/opt/jadis_dev/JADIS/cgi-bin/gen_data.pl line 756, <HOST_LIST> line 28.
Use of uninitialized value in concatenation (.) or string at /infra/opt/jadis_dev/JADIS/cgi-bin/gen_data.pl line 756, <HOST_LIST> line 28.
Use of uninitialized value in concatenation (.) or string at /infra/opt/jadis_dev/JADIS/cgi-bin/gen_data.pl line 756, <HOST_LIST> line 28.
Use of uninitialized value in concatenation (.) or string at /infra/opt/jadis_dev/JADIS/cgi-bin/gen_data.pl line 756, <HOST_LIST> line 28.
Use of uninitialized value in concatenation (.) or string at /infra/opt/jadis_dev/JADIS/cgi-bin/gen_data.pl line 756, <HOST_LIST> line 28.
Use of uninitialized value in concatenation (.) or string at /infra/opt/jadis_dev/JADIS/cgi-bin/gen_data.pl line 756, <HOST_LIST> line 28.
Use of uninitialized value in concatenation (.) or string at /infra/opt/jadis_dev/JADIS/cgi-bin/gen_data.pl line 756, <HOST_LIST> line 28.

Host:unxfwi03
 24 of 28
Use of uninitialized value in concatenation (.) or string at /infra/opt/jadis_dev/JADIS/cgi-bin/gen_data.pl line 756, <HOST_LIST> line 28.
Use of uninitialized value in concatenation (.) or string at /infra/opt/jadis_dev/JADIS/cgi-bin/gen_data.pl line 756, <HOST_LIST> line 28.
Use of uninitialized value in concatenation (.) or string at /infra/opt/jadis_dev/JADIS/cgi-bin/gen_data.pl line 756, <HOST_LIST> line 28.
Use of uninitialized value in concatenation (.) or string at /infra/opt/jadis_dev/JADIS/cgi-bin/gen_data.pl line 756, <HOST_LIST> line 28.
Use of uninitialized value in concatenation (.) or string at /infra/opt/jadis_dev/JADIS/cgi-bin/gen_data.pl line 756, <HOST_LIST> line 28.
Use of uninitialized value in concatenation (.) or string at /infra/opt/jadis_dev/JADIS/cgi-bin/gen_data.pl line 756, <HOST_LIST> line 28.
Use of uninitialized value in concatenation (.) or string at /infra/opt/jadis_dev/JADIS/cgi-bin/gen_data.pl line 756, <HOST_LIST> line 28.
Use of uninitialized value in concatenation (.) or string at /infra/opt/jadis_dev/JADIS/cgi-bin/gen_data.pl line 756, <HOST_LIST> line 28.
Use of uninitialized value in concatenation (.) or string at /infra/opt/jadis_dev/JADIS/cgi-bin/gen_data.pl line 756, <HOST_LIST> line 28.
Use of uninitialized value in concatenation (.) or string at /infra/opt/jadis_dev/JADIS/cgi-bin/gen_data.pl line 756, <HOST_LIST> line 28.
Use of uninitialized value in concatenation (.) or string at /infra/opt/jadis_dev/JADIS/cgi-bin/gen_data.pl line 756, <HOST_LIST> line 28.
Use of uninitialized value in concatenation (.) or string at /infra/opt/jadis_dev/JADIS/cgi-bin/gen_data.pl line 756, <HOST_LIST> line 28.

Host:wbnfwpd1
 25 of 28
Use of uninitialized value in concatenation (.) or string at /infra/opt/jadis_dev/JADIS/cgi-bin/gen_data.pl line 756, <HOST_LIST> line 28.
Use of uninitialized value in concatenation (.) or string at /infra/opt/jadis_dev/JADIS/cgi-bin/gen_data.pl line 756, <HOST_LIST> line 28.
Use of uninitialized value in concatenation (.) or string at /infra/opt/jadis_dev/JADIS/cgi-bin/gen_data.pl line 756, <HOST_LIST> line 28.
Use of uninitialized value in concatenation (.) or string at /infra/opt/jadis_dev/JADIS/cgi-bin/gen_data.pl line 756, <HOST_LIST> line 28.
Use of uninitialized value in concatenation (.) or string at /infra/opt/jadis_dev/JADIS/cgi-bin/gen_data.pl line 756, <HOST_LIST> line 28.
Use of uninitialized value in concatenation (.) or string at /infra/opt/jadis_dev/JADIS/cgi-bin/gen_data.pl line 756, <HOST_LIST> line 28.
Use of uninitialized value in concatenation (.) or string at /infra/opt/jadis_dev/JADIS/cgi-bin/gen_data.pl line 756, <HOST_LIST> line 28.
Use of uninitialized value in concatenation (.) or string at /infra/opt/jadis_dev/JADIS/cgi-bin/gen_data.pl line 756, <HOST_LIST> line 28.
Use of uninitialized value in concatenation (.) or string at /infra/opt/jadis_dev/JADIS/cgi-bin/gen_data.pl line 756, <HOST_LIST> line 28.
Use of uninitialized value in concatenation (.) or string at /infra/opt/jadis_dev/JADIS/cgi-bin/gen_data.pl line 756, <HOST_LIST> line 28.
Use of uninitialized value in concatenation (.) or string at /infra/opt/jadis_dev/JADIS/cgi-bin/gen_data.pl line 756, <HOST_LIST> line 28.
Use of uninitialized value in concatenation (.) or string at /infra/opt/jadis_dev/JADIS/cgi-bin/gen_data.pl line 756, <HOST_LIST> line 28.

Host:webftwp01b
 26 of 28
Use of uninitialized value in concatenation (.) or string at /infra/opt/jadis_dev/JADIS/cgi-bin/gen_data.pl line 756, <HOST_LIST> line 28.
Use of uninitialized value in concatenation (.) or string at /infra/opt/jadis_dev/JADIS/cgi-bin/gen_data.pl line 756, <HOST_LIST> line 28.
Use of uninitialized value in concatenation (.) or string at /infra/opt/jadis_dev/JADIS/cgi-bin/gen_data.pl line 756, <HOST_LIST> line 28.
Use of uninitialized value in concatenation (.) or string at /infra/opt/jadis_dev/JADIS/cgi-bin/gen_data.pl line 756, <HOST_LIST> line 28.
Use of uninitialized value in concatenation (.) or string at /infra/opt/jadis_dev/JADIS/cgi-bin/gen_data.pl line 756, <HOST_LIST> line 28.
Use of uninitialized value in concatenation (.) or string at /infra/opt/jadis_dev/JADIS/cgi-bin/gen_data.pl line 756, <HOST_LIST> line 28.
Use of uninitialized value in concatenation (.) or string at /infra/opt/jadis_dev/JADIS/cgi-bin/gen_data.pl line 756, <HOST_LIST> line 28.
Use of uninitialized value in concatenation (.) or string at /infra/opt/jadis_dev/JADIS/cgi-bin/gen_data.pl line 756, <HOST_LIST> line 28.
Use of uninitialized value in concatenation (.) or string at /infra/opt/jadis_dev/JADIS/cgi-bin/gen_data.pl line 756, <HOST_LIST> line 28.
Use of uninitialized value in concatenation (.) or string at /infra/opt/jadis_dev/JADIS/cgi-bin/gen_data.pl line 756, <HOST_LIST> line 28.
Use of uninitialized value in concatenation (.) or string at /infra/opt/jadis_dev/JADIS/cgi-bin/gen_data.pl line 756, <HOST_LIST> line 28.
Use of uninitialized value in concatenation (.) or string at /infra/opt/jadis_dev/JADIS/cgi-bin/gen_data.pl line 756, <HOST_LIST> line 28.

Host:wkbfwpa1
 27 of 28
Use of uninitialized value in concatenation (.) or string at /infra/opt/jadis_dev/JADIS/cgi-bin/gen_data.pl line 756, <HOST_LIST> line 28.
Use of uninitialized value in concatenation (.) or string at /infra/opt/jadis_dev/JADIS/cgi-bin/gen_data.pl line 756, <HOST_LIST> line 28.
Use of uninitialized value in concatenation (.) or string at /infra/opt/jadis_dev/JADIS/cgi-bin/gen_data.pl line 756, <HOST_LIST> line 28.
Use of uninitialized value in concatenation (.) or string at /infra/opt/jadis_dev/JADIS/cgi-bin/gen_data.pl line 756, <HOST_LIST> line 28.
Use of uninitialized value in concatenation (.) or string at /infra/opt/jadis_dev/JADIS/cgi-bin/gen_data.pl line 756, <HOST_LIST> line 28.
Use of uninitialized value in concatenation (.) or string at /infra/opt/jadis_dev/JADIS/cgi-bin/gen_data.pl line 756, <HOST_LIST> line 28.
Use of uninitialized value in concatenation (.) or string at /infra/opt/jadis_dev/JADIS/cgi-bin/gen_data.pl line 756, <HOST_LIST> line 28.
Use of uninitialized value in concatenation (.) or string at /infra/opt/jadis_dev/JADIS/cgi-bin/gen_data.pl line 756, <HOST_LIST> line 28.
Use of uninitialized value in concatenation (.) or string at /infra/opt/jadis_dev/JADIS/cgi-bin/gen_data.pl line 756, <HOST_LIST> line 28.
Use of uninitialized value in concatenation (.) or string at /infra/opt/jadis_dev/JADIS/cgi-bin/gen_data.pl line 756, <HOST_LIST> line 28.
Use of uninitialized value in concatenation (.) or string at /infra/opt/jadis_dev/JADIS/cgi-bin/gen_data.pl line 756, <HOST_LIST> line 28.
Use of uninitialized value in concatenation (.) or string at /infra/opt/jadis_dev/JADIS/cgi-bin/gen_data.pl line 756, <HOST_LIST> line 28.

Host:xrmfwp06
 28 of 28
Use of uninitialized value in concatenation (.) or string at /infra/opt/jadis_dev/JADIS/cgi-bin/gen_data.pl line 756, <HOST_LIST> line 28.
Use of uninitialized value in concatenation (.) or string at /infra/opt/jadis_dev/JADIS/cgi-bin/gen_data.pl line 756, <HOST_LIST> line 28.
Use of uninitialized value in concatenation (.) or string at /infra/opt/jadis_dev/JADIS/cgi-bin/gen_data.pl line 756, <HOST_LIST> line 28.
Use of uninitialized value in concatenation (.) or string at /infra/opt/jadis_dev/JADIS/cgi-bin/gen_data.pl line 756, <HOST_LIST> line 28.
Use of uninitialized value in concatenation (.) or string at /infra/opt/jadis_dev/JADIS/cgi-bin/gen_data.pl line 756, <HOST_LIST> line 28.
Use of uninitialized value in concatenation (.) or string at /infra/opt/jadis_dev/JADIS/cgi-bin/gen_data.pl line 756, <HOST_LIST> line 28.
Use of uninitialized value in concatenation (.) or string at /infra/opt/jadis_dev/JADIS/cgi-bin/gen_data.pl line 756, <HOST_LIST> line 28.
Use of uninitialized value in concatenation (.) or string at /infra/opt/jadis_dev/JADIS/cgi-bin/gen_data.pl line 756, <HOST_LIST> line 28.
Use of uninitialized value in concatenation (.) or string at /infra/opt/jadis_dev/JADIS/cgi-bin/gen_data.pl line 756, <HOST_LIST> line 28.
Use of uninitialized value in concatenation (.) or string at /infra/opt/jadis_dev/JADIS/cgi-bin/gen_data.pl line 756, <HOST_LIST> line 28.
Use of uninitialized value in concatenation (.) or string at /infra/opt/jadis_dev/JADIS/cgi-bin/gen_data.pl line 756, <HOST_LIST> line 28.
Use of uninitialized value in concatenation (.) or string at /infra/opt/jadis_dev/JADIS/cgi-bin/gen_data.pl line 756, <HOST_LIST> line 28.
## Output Footer
## gen_data.pl Complete
