##LOG:20120321 11:29: Initializing Remote File List
##LOG:20120321 11:29: Initializing Remote File List - complete
##LOG:20120321 11:29:  Initializing Variables complete
##LOG:20120321 11:29: No Host List given. Defaulting to sys.all
##LOG:20120321 11:29: This process lnxfwi01_sys.all is the JADIS master
##LOG:20120321 11:29: cleanup plugin running
##LOG:20120321 11:29: cleanup plugin complete
##LOG:20120321 11:29: get_ITI plugin running
##LOG:20120321 11:29: get_ITI plugin complete
##LOG:20120321 11:29: get_Asset_mgmt plugin running
##LOG:20120321 11:29: get_Asset_mgmt plugin complete
##LOG:20120321 11:29: get_teamdoc plugin running
##LOG:20120321 11:29: # Get Excel Spreadsheet from Team Website
##LOG:20120321 11:29: # Translate Excel file into CSV for columns we want
##LOG:20120321 11:29: get_teamdoc plugin complete
##LOG:20120321 11:29: start_collectors plugin running
##LOG:20120321 11:29: start_collectors plugin complete
##LOG:20120321 11:29: wait_for_collectors plugin running
##LOG:20120321 11:37: wait_for_collectors plugin complete
##LOG:20120321 11:37: validate_files plugin running
##LOG:20120321 11:37: Uncompressing SysInfo Files
##LOG:20120321 11:37: 0 compressed files found
##LOG:20120321 11:37: 0 compressed files remain
##LOG:20120321 11:37: Uncompressing SI_Log Files
##LOG:20120321 11:37: 0 compressed files found
##LOG:20120321 11:37: 0 compressed files remain
##LOG:20120321 11:37: /infra/opt/jadis_dev/JADIS/data/cfg2html/cfg2html_unxfwi03_20120301.html is only partial, removing
##LOG:20120321 11:37: /infra/opt/jadis_dev/JADIS/data/cfg2html/cfg2html_elidcs2_20120301.html is only partial, removing
##LOG:20120321 11:37: /infra/opt/jadis_dev/JADIS/data/cfg2html/cfg2html_a7server_20120301.html is only partial, removing
##LOG:20120321 11:37: Uncompressing cfg2html Files
##LOG:20120321 11:37: 0 compressed files found
##LOG:20120321 11:37: 0 compressed files remain
##LOG:20120321 11:37: Uncompressing CFG_Log Files
##LOG:20120321 11:37: 0 compressed files found
##LOG:20120321 11:37: 0 compressed files remain
##LOG:20120321 11:37: Uncompressing CFG_txt Files
##LOG:20120321 11:37: 0 compressed files found
##LOG:20120321 11:37: 0 compressed files remain
##LOG:20120321 11:37: validate_files plugin complete
##LOG:20120321 11:37: combine_status plugin running
##LOG:20120321 11:37: combine_status plugin complete
##LOG:20120321 11:37: gen_csv plugin running
##LOG:20120321 11:37: # Generate datafile /infra/opt/jadis_dev/JADIS/summary_files/sysinfo_20120321.csv
##LOG:20120321 11:37: gen_csv plugin complete
##LOG:20120321 11:37: gen_summary plugin running
##LOG:20120321 11:37: gen_summary plugin complete
##LOG:20120321 11:37: gen_dflt_report plugin running
##LOG:20120321 11:37: # Generate webpage /infra/opt/jadis_dev/JADIS/index.html
##LOG:20120321 11:37: gen_dflt_report plugin complete
##LOG:20120321 11:37: copy_to_datafeed plugin running
##LOG:20120321 11:37: copy_to_datafeed plugin complete
##LOG:20120321 11:37: cleanup plugin running
##LOG:20120321 11:37: cleanup plugin complete
