
=======  03/02/11 03:15:01 EST  BEGIN swinstall SESSION
         (non-interactive) (jobid=wbnfwpd1-0101)

       * Session started for user "root@wbnfwpd1".
         
       * Beginning Selection
       * Target connection succeeded for "wbnfwpd1:/".
       * Source connection failed for
         "usedepot:/apps/opt/depots/hp/11xx/tools".
       * Selection had errors.
         
         

=======  03/02/11 03:15:08 EST  END swinstall SESSION (non-interactive)
         (jobid=wbnfwpd1-0101)


=======  03/02/11 03:15:08 EST  BEGIN swinstall SESSION
         (non-interactive) (jobid=wbnfwpd1-0102)

       * Session started for user "root@wbnfwpd1".
         
       * Beginning Selection
       * Target connection succeeded for "wbnfwpd1:/".
       * Source connection failed for
         "usedepot:/apps/opt/depots/hp/11xx/tools".
       * Selection had errors.
         
         

=======  03/02/11 03:15:09 EST  END swinstall SESSION (non-interactive)
         (jobid=wbnfwpd1-0102)


 @@@@             @@@@@
@                   @                       
@     @   @  @@@    @   @@   @ @@@@  @@@@ 
 @@@@  @ @  @       @   @ @  @ @    @    @
     @  @    @@@    @   @  @ @ @@@  @    @
     @  @       @   @   @   @@ @    @    @
 @@@@   @    @@@  @@@@@ @    @ @     @@@@

Copyright 1999-2009 Hewlett-Packard Company.
All rights reserved.

SysInfo 6.21 by HP Services

Configuration data for wbnfwpd1
Collected on Thu Dec 31 13:54:59 EST 2009

The -a option has been deprecated and has been included in the -b and -H options...
The -T option has been deprecated and has been included in the -b and -H options...

Output file is /apps/support/sysinfo/data/sysinfo_wbnfwpd1_20091231.html
Gathering lvlnboot data...
Running HPUX 11.31
This is an Itanium system
Volume Manager(s): Unknown or no Volume Manager


Checking for config file - system_db
  Found config file = /usr/bin/system_db
Checking for serial number...USE913L39V
Launching ioscan
Finished ioscan
Gathering bdf information...OK...
Checking to see if we're running in a partition; Not in partition
Checking cstm daemon....diagmond daemon is running.
Checking cstm version.....found D.05.00
SysInfo will wait up to 600 seconds to allow cstm to finish and then will resume processing..
  *** CSTM ERROR: no CPU data found
  Trying to gather CPU data using machinfo...
  Found CPU data using machinfo...
  *** CSTM ERROR: no disk data found
CSTM has completed. SysInfo will now resume processing.
Collecting system data...
  Gathering system memory information...
  Gathering system uptime information...
  Gathering last patch information...
  Checking to see if the system is a Trusted System...No
  Determining kernel size...
  Gathering dump data...
    SAVECRASH is undefined
    CRASHCONF_ENABLED is enabled
Collecting H/W partitionable complex information.../usr/sbin/parstatus not found
Collecting Virtual Partition information......no VPAR's found
Collecting Virtual Machine information......cannot find /opt/hpvm/bin/hpvmstatus...
Collecting kernel information....please wait....
Collecting /stand/bootconf data...
Scanning network cards...
Scanning filesystems....................................
Retrieving io_scan data 
Checking for the Device File System (DevFS)...DevFS is not mounted...
Collecting ICOD/ICAP information...iCOD not supported
Collecting SCSI bus data using mptconfig...No mpt devices found...
Collecting Fibre Channel device information.....
Collecting Secure Path information...not supported on HPUX 11.31...
Collecting SmartArray RAID card data...No SmartArray devices found...
Collecting online addition/replacement of PCI IO cards...
LVM or VxVM must be installed to use this option.
LVM or VxVM must be installed to use this option.
LVM or VxVM must be installed to use this option.
LVM or VxVM must be installed to use this option.
LVM or VxVM must be installed to use this option.
LVM or VxVM must be installed to use this option.
Collecting software data 
Collecting registered software depots 
Checking for incompletely installed software 
Checking system security  
Checking system diagnostics ..
Checking Ignite-UX.
Collecting ISEE data
Checking to see if ServiceGuard is installed.
Checking to see if Omniback/Data Protector is installed and running...not installed...
Collecting NNM information
  NNM is not installed
Collecting OVO information
  OVO is not installed
Collecting Glance/MeasureWare/Perfview information. 
Checking system logfiles 
Errors and/or Warnings were found. Please check output file /apps/support/sysinfo/data/sysinfo_wbnfwpd1_20091231.html

End SysInfo 6.21 


 @@@@             @@@@@
@                   @                       
@     @   @  @@@    @   @@   @ @@@@  @@@@ 
 @@@@  @ @  @       @   @ @  @ @    @    @
     @  @    @@@    @   @  @ @ @@@  @    @
     @  @       @   @   @   @@ @    @    @
 @@@@   @    @@@  @@@@@ @    @ @     @@@@

Copyright 1999-2009 Hewlett-Packard Company.
All rights reserved.

SysInfo 6.21 by HP Services

Configuration data for wbnfwpd1
Collected on Sat Jan  2 03:15:39 EST 2010

The -a option has been deprecated and has been included in the -b and -H options...
The -T option has been deprecated and has been included in the -b and -H options...

Output file is /apps/support/sysinfo/data/sysinfo_wbnfwpd1_20100102.html
Gathering lvlnboot data...
Running HPUX 11.31
This is an Itanium system
Volume Manager(s): Logical Volume Manager (LVM)

Checking for config file - system_db
  Found config file = /usr/bin/system_db
Checking for serial number...USE913L39V
Launching ioscan
Finished ioscan
Gathering bdf information...OK...
Launching LVM scan; this could take a while...
  Processing Volume Groups...
  Processing logical volumes.....................................
  Processing physical volumes........................
Finished LVM scan
Checking to see if we're running in a partition; Not in partition
Checking cstm daemon....diagmond daemon is running.
Checking cstm version.....found D.05.00
SysInfo will wait up to 600 seconds to allow cstm to finish and then will resume processing..
  *** CSTM ERROR: no CPU data found
  Trying to gather CPU data using machinfo...
  Found CPU data using machinfo...
  *** CSTM ERROR: no disk data found
CSTM has completed. SysInfo will now resume processing.
Collecting system data...
  Gathering system memory information...
  Gathering system uptime information...
  Gathering last patch information...
  Looking for the Root Volume Group.../dev/vgroot
  Looking for the root dump device.../dev/vgroot/lvswapA 
  Checking to see if the system is a Trusted System...No
  Determining kernel size...
  Gathering dump data...
    SAVECRASH is undefined
    CRASHCONF_ENABLED is enabled
Collecting H/W partitionable complex information.../usr/sbin/parstatus not found
Collecting Virtual Partition information......no VPAR's found
Collecting Virtual Machine information......cannot find /opt/hpvm/bin/hpvmstatus...
Collecting kernel information....please wait....
Collecting /stand/bootconf data...
Scanning network cards...
Scanning filesystems....................................
Retrieving io_scan data 
Checking for the Device File System (DevFS)...DevFS is not mounted...
Collecting ICOD/ICAP information...iCOD not supported
Collecting SCSI bus data using mptconfig...No mpt devices found...
Collecting Fibre Channel device information.....
Collecting Secure Path information...not supported on HPUX 11.31...
Collecting SmartArray RAID card data...No SmartArray devices found...
Collecting online addition/replacement of PCI IO cards...
Retrieving io_scan data 
Scanning physical disks...Processing 26 disks.............................
Getting lvlnboot data 
Getting physical disks that are not in a VG.............................
Getting persisent device attributes.........................................
Checking for EVA Information...No EVA Luns discovered...
Checking for XP Disk Array Information......Cannot find any XP disks...
Retrieving lvm_scan data 
Scanning volume groups..........
Scanning VG configuration backup files.......
Generating map files for all volume groups........
Checking volume group configuration backups.......
Checking for inactive volume groups........
Checking for volume groups that don't exist in the /etc/lvmtab file........
Verifying that /, /stand, /opt, /tmp, /usr, /var, and /home are in /dev/vgroot...
  The /stand file system is not in /dev/vgroot
Retrieving lvm_scan data 
Scanning logical volumes.....................................
Generating VG to physical disk mappings........
Generating LVOL to physical disk mappings..................................
Collecting software data 
Collecting registered software depots 
Checking for incompletely installed software 
Checking system security  
Checking system diagnostics ..
Checking Ignite-UX.
Collecting ISEE data
Checking to see if ServiceGuard is installed.
Checking to see if Omniback/Data Protector is installed and running...not installed...
Collecting NNM information
  NNM is not installed
Collecting OVO information
  OVO is not installed
Collecting Glance/MeasureWare/Perfview information. 
Checking system logfiles 
Errors and/or Warnings were found. Please check output file /apps/support/sysinfo/data/sysinfo_wbnfwpd1_20100102.html

End SysInfo 6.21 


 @@@@             @@@@@
@                   @                       
@     @   @  @@@    @   @@   @ @@@@  @@@@ 
 @@@@  @ @  @       @   @ @  @ @    @    @
     @  @    @@@    @   @  @ @ @@@  @    @
     @  @       @   @   @   @@ @    @    @
 @@@@   @    @@@  @@@@@ @    @ @     @@@@

Copyright 1999-2009 Hewlett-Packard Company.
All rights reserved.

SysInfo 6.21 by HP Services

Configuration data for wbnfwpd1
Collected on Tue Feb  2 03:16:09 EST 2010

The -a option has been deprecated and has been included in the -b and -H options...
The -T option has been deprecated and has been included in the -b and -H options...

Output file is /apps/support/sysinfo/data/sysinfo_wbnfwpd1_20100202.html
Gathering lvlnboot data...
Running HPUX 11.31
This is an Itanium system
Volume Manager(s): Logical Volume Manager (LVM)

Checking for config file - system_db
  Found config file = /usr/bin/system_db
Checking for serial number...USE913L39V
Launching ioscan
Finished ioscan
Gathering bdf information...OK...
Launching LVM scan; this could take a while...
  Processing Volume Groups...
  Processing logical volumes......................................
  Processing physical volumes........................
Finished LVM scan
Checking to see if we're running in a partition; Not in partition
Checking cstm daemon....diagmond daemon is running.
Checking cstm version.....found D.06.00
SysInfo will wait up to 600 seconds to allow cstm to finish and then will resume processing..
  *** CSTM ERROR: no CPU data found
  Trying to gather CPU data using machinfo...
  Found CPU data using machinfo...
  *** CSTM ERROR: no disk data found
CSTM has completed. SysInfo will now resume processing.
Collecting system data...
  Gathering system memory information...
  Gathering system uptime information...
  Gathering last patch information...
  Looking for the Root Volume Group.../dev/vgroot
  Looking for the root dump device.../dev/vgroot/lvswapA 
  Checking to see if the system is a Trusted System...No
  Determining kernel size...
  Gathering dump data...
    SAVECRASH is undefined
    CRASHCONF_ENABLED is enabled
Collecting H/W partitionable complex information.../usr/sbin/parstatus not found
Collecting Virtual Partition information......no VPAR's found
Collecting Virtual Machine information......cannot find /opt/hpvm/bin/hpvmstatus...
Collecting kernel information....please wait....
Collecting /stand/bootconf data...
Scanning network cards...
Scanning filesystems.....................................
Retrieving io_scan data 
Checking for the Device File System (DevFS)...DevFS is not mounted...
Collecting ICOD/ICAP information...iCOD not supported
Collecting SCSI bus data using mptconfig...No mpt devices found...
Collecting Fibre Channel device information.....
Collecting Secure Path information...not supported on HPUX 11.31...
Collecting SmartArray RAID card data...No SmartArray devices found...
Collecting online addition/replacement of PCI IO cards...
Retrieving io_scan data 
Scanning physical disks...Processing 26 disks.....................
...Cannot access /dev/rdisk/disk18..skipping...................
Getting lvlnboot data 
Getting physical disks that are not in a VG............................
Getting persisent device attributes.........................................
Checking for EVA Information...No EVA Luns discovered...
Checking for XP Disk Array Information......Cannot find any XP disks...
Retrieving lvm_scan data 
Scanning volume groups..........
Scanning VG configuration backup files.......
Generating map files for all volume groups........
Checking volume group configuration backups.......
Checking for inactive volume groups........
Checking for volume groups that don't exist in the /etc/lvmtab file........
Verifying that /, /stand, /opt, /tmp, /usr, /var, and /home are in /dev/vgroot...
  The /stand file system is not in /dev/vgroot
Retrieving lvm_scan data 
Scanning logical volumes......................................
Generating VG to physical disk mappings........
Generating LVOL to physical disk mappings...................................
Collecting software data 
Collecting registered software depots 
Checking for incompletely installed software 
Checking system security  
Checking system diagnostics ..
Checking Ignite-UX.
Collecting ISEE data
Checking to see if ServiceGuard is installed.
Checking to see if Omniback/Data Protector is installed and running...not installed...
Collecting NNM information
  NNM is not installed
Collecting OVO information
  OVO is not installed
Collecting Glance/MeasureWare/Perfview information. 
Checking system logfiles 
Errors and/or Warnings were found. Please check output file /apps/support/sysinfo/data/sysinfo_wbnfwpd1_20100202.html

End SysInfo 6.21 


 @@@@             @@@@@
@                   @                       
@     @   @  @@@    @   @@   @ @@@@  @@@@ 
 @@@@  @ @  @       @   @ @  @ @    @    @
     @  @    @@@    @   @  @ @ @@@  @    @
     @  @       @   @   @   @@ @    @    @
 @@@@   @    @@@  @@@@@ @    @ @     @@@@

Copyright 1999-2009 Hewlett-Packard Company.
All rights reserved.

SysInfo 6.21 by HP Services

Configuration data for wbnfwpd1
Collected on Tue Mar  2 03:16:13 EST 2010

The -a option has been deprecated and has been included in the -b and -H options...
The -T option has been deprecated and has been included in the -b and -H options...

Output file is /apps/support/sysinfo/data/sysinfo_wbnfwpd1_20100302.html
Gathering lvlnboot data...
Running HPUX 11.31
This is an Itanium system
Volume Manager(s): Logical Volume Manager (LVM)

Checking for config file - system_db
  Found config file = /usr/bin/system_db
Checking for serial number...USE913L39V
Launching ioscan
Finished ioscan
Gathering bdf information...OK...
Launching LVM scan; this could take a while...
  Processing Volume Groups...
  Processing logical volumes......................................
  Processing physical volumes........................
Finished LVM scan
Checking to see if we're running in a partition; Not in partition
Checking cstm daemon....diagmond daemon is running.
Checking cstm version.....found D.06.00
SysInfo will wait up to 600 seconds to allow cstm to finish and then will resume processing..
  *** CSTM ERROR: no CPU data found
  Trying to gather CPU data using machinfo...
  Found CPU data using machinfo...
  *** CSTM ERROR: no disk data found
CSTM has completed. SysInfo will now resume processing.
Collecting system data...
  Gathering system memory information...
  Gathering system uptime information...
  Gathering last patch information...
  Looking for the Root Volume Group.../dev/vgroot
  Looking for the root dump device.../dev/vgroot/lvswapA 
  Checking to see if the system is a Trusted System...No
  Determining kernel size...
  Gathering dump data...
    SAVECRASH is undefined
    CRASHCONF_ENABLED is enabled
Collecting H/W partitionable complex information.../usr/sbin/parstatus not found
Collecting Virtual Partition information......no VPAR's found
Collecting Virtual Machine information......cannot find /opt/hpvm/bin/hpvmstatus...
Collecting kernel information....please wait....
Collecting /stand/bootconf data...
Scanning network cards...
Scanning filesystems.....................................
Retrieving io_scan data 
Checking for the Device File System (DevFS)...DevFS is not mounted...
Collecting ICOD/ICAP information...iCOD not supported
Collecting SCSI bus data using mptconfig...No mpt devices found...
Collecting Fibre Channel device information.....
Collecting Secure Path information...not supported on HPUX 11.31...
Collecting SmartArray RAID card data...No SmartArray devices found...
Collecting online addition/replacement of PCI IO cards...
Retrieving io_scan data 
Scanning physical disks...Processing 26 disks.............................
Getting lvlnboot data 
Getting physical disks that are not in a VG.............................
Getting persisent device attributes.........................................
Checking for EVA Information...No EVA Luns discovered...
Checking for XP Disk Array Information......Cannot find any XP disks...
Retrieving lvm_scan data 
Scanning volume groups..........
Scanning VG configuration backup files.......
Generating map files for all volume groups........
Checking volume group configuration backups.......
Checking for inactive volume groups........
Checking for volume groups that don't exist in the /etc/lvmtab file........
Verifying that /, /stand, /opt, /tmp, /usr, /var, and /home are in /dev/vgroot...
  The /stand file system is not in /dev/vgroot
Retrieving lvm_scan data 
Scanning logical volumes......................................
Generating VG to physical disk mappings........
Generating LVOL to physical disk mappings...............................
  lvdisplay /dev/vgroot/lvopenv timed out after 60 seconds. Skipping lvol /dev/vgroot/lvopenv
.......................
Collecting software data 
Collecting registered software depots 
Checking for incompletely installed software 
Checking system security  
Checking system diagnostics ..
Checking Ignite-UX.
Collecting ISEE data
Checking to see if ServiceGuard is installed.
Checking to see if Omniback/Data Protector is installed and running...not installed...
Collecting NNM information
  NNM is not installed
Collecting OVO information
  OVO is not installed
Collecting Glance/MeasureWare/Perfview information. 
Checking system logfiles 
Errors and/or Warnings were found. Please check output file /apps/support/sysinfo/data/sysinfo_wbnfwpd1_20100302.html

End SysInfo 6.21 


 @@@@             @@@@@
@                   @                       
@     @   @  @@@    @   @@   @ @@@@  @@@@ 
 @@@@  @ @  @       @   @ @  @ @    @    @
     @  @    @@@    @   @  @ @ @@@  @    @
     @  @       @   @   @   @@ @    @    @
 @@@@   @    @@@  @@@@@ @    @ @     @@@@

Copyright 1999-2009 Hewlett-Packard Company.
All rights reserved.

SysInfo 6.21 by HP Services

Configuration data for wbnfwpd1
Collected on Fri Apr  2 03:16:13 EDT 2010

The -a option has been deprecated and has been included in the -b and -H options...
The -T option has been deprecated and has been included in the -b and -H options...

Output file is /apps/support/sysinfo/data/sysinfo_wbnfwpd1_20100402.html
Gathering lvlnboot data...
Running HPUX 11.31
This is an Itanium system
Volume Manager(s): Logical Volume Manager (LVM)

Checking for config file - system_db
  Found config file = /usr/bin/system_db
Checking for serial number...USE913L39V
Launching ioscan
Finished ioscan
Gathering bdf information...OK...
Launching LVM scan; this could take a while...
  Processing Volume Groups...
  Processing logical volumes......................................
  Processing physical volumes........................
Finished LVM scan
Checking to see if we're running in a partition; Not in partition
Checking cstm daemon....diagmond daemon is running.
Checking cstm version.....found D.06.00
SysInfo will wait up to 600 seconds to allow cstm to finish and then will resume processing..
  *** CSTM ERROR: no CPU data found
  Trying to gather CPU data using machinfo...
  Found CPU data using machinfo...
  *** CSTM ERROR: no disk data found
CSTM has completed. SysInfo will now resume processing.
Collecting system data...
  Gathering system memory information...
  Gathering system uptime information...
  Gathering last patch information...
  Looking for the Root Volume Group.../dev/vgroot
  Looking for the root dump device.../dev/vgroot/lvswapA 
  Checking to see if the system is a Trusted System...No
  Determining kernel size...
  Gathering dump data...
    SAVECRASH is undefined
    CRASHCONF_ENABLED is enabled
Collecting H/W partitionable complex information.../usr/sbin/parstatus not found
Collecting Virtual Partition information......no VPAR's found
Collecting Virtual Machine information......cannot find /opt/hpvm/bin/hpvmstatus...
Collecting kernel information....please wait....
Collecting /stand/bootconf data...
Scanning network cards...
Scanning filesystems.....................................
Retrieving io_scan data 
Checking for the Device File System (DevFS)...DevFS is not mounted...
Collecting ICOD/ICAP information...iCOD not supported
Collecting SCSI bus data using mptconfig...No mpt devices found...
Collecting Fibre Channel device information.....
Collecting Secure Path information...not supported on HPUX 11.31...
Collecting SmartArray RAID card data...No SmartArray devices found...
Collecting online addition/replacement of PCI IO cards...
Retrieving io_scan data 
Scanning physical disks...Processing 26 disks.............................
Getting lvlnboot data 
Getting physical disks that are not in a VG.............................
Getting persisent device attributes.........................................
Checking for EVA Information...No EVA Luns discovered...
Checking for XP Disk Array Information......Cannot find any XP disks...
Retrieving lvm_scan data 
Scanning volume groups..........
Scanning VG configuration backup files.......
Generating map files for all volume groups........
Checking volume group configuration backups.......
Checking for inactive volume groups........
Checking for volume groups that don't exist in the /etc/lvmtab file........
Verifying that /, /stand, /opt, /tmp, /usr, /var, and /home are in /dev/vgroot...
  The /stand file system is not in /dev/vgroot
Retrieving lvm_scan data 
Scanning logical volumes......................................
Generating VG to physical disk mappings........
Generating LVOL to physical disk mappings...................................
Collecting software data 
Collecting registered software depots 
Checking for incompletely installed software 
Checking system security  
Checking system diagnostics ..
Checking Ignite-UX.
Collecting ISEE data
Checking to see if ServiceGuard is installed.
Checking to see if Omniback/Data Protector is installed and running...not installed...
Collecting NNM information
  NNM is not installed
Collecting OVO information
  OVO is not installed
Collecting Glance/MeasureWare/Perfview information. 
Checking system logfiles 
Errors and/or Warnings were found. Please check output file /apps/support/sysinfo/data/sysinfo_wbnfwpd1_20100402.html

End SysInfo 6.21 


 @@@@             @@@@@
@                   @                       
@     @   @  @@@    @   @@   @ @@@@  @@@@ 
 @@@@  @ @  @       @   @ @  @ @    @    @
     @  @    @@@    @   @  @ @ @@@  @    @
     @  @       @   @   @   @@ @    @    @
 @@@@   @    @@@  @@@@@ @    @ @     @@@@

Copyright 1999-2009 Hewlett-Packard Company.
All rights reserved.

SysInfo 6.21 by HP Services

Configuration data for wbnfwpd1
Collected on Sun May  2 03:16:14 EDT 2010

The -a option has been deprecated and has been included in the -b and -H options...
The -T option has been deprecated and has been included in the -b and -H options...

Output file is /apps/support/sysinfo/data/sysinfo_wbnfwpd1_20100502.html
Gathering lvlnboot data...
Running HPUX 11.31
This is an Itanium system
Volume Manager(s): Logical Volume Manager (LVM)

Checking for config file - system_db
  Found config file = /usr/bin/system_db
Checking for serial number...USE913L39V
Launching ioscan
Finished ioscan
Gathering bdf information...OK...
Launching LVM scan; this could take a while...
  Processing Volume Groups...
  Processing logical volumes......................................
  Processing physical volumes........................
Finished LVM scan
Checking to see if we're running in a partition; Not in partition
Checking cstm daemon....diagmond daemon is running.
Checking cstm version......found D.06.00
SysInfo will wait up to 600 seconds to allow cstm to finish and then will resume processing..
  *** CSTM ERROR: no CPU data found
  Trying to gather CPU data using machinfo...
  Found CPU data using machinfo...
  *** CSTM ERROR: no disk data found
CSTM has completed. SysInfo will now resume processing.
Collecting system data...
  Gathering system memory information...
  Gathering system uptime information...
  Gathering last patch information...
  Looking for the Root Volume Group.../dev/vgroot
  Looking for the root dump device.../dev/vgroot/lvswapA 
  Checking to see if the system is a Trusted System...No
  Determining kernel size...
  Gathering dump data...
    SAVECRASH is undefined
    CRASHCONF_ENABLED is enabled
Collecting H/W partitionable complex information.../usr/sbin/parstatus not found
Collecting Virtual Partition information......no VPAR's found
Collecting Virtual Machine information......cannot find /opt/hpvm/bin/hpvmstatus...
Collecting kernel information....please wait....
Collecting /stand/bootconf data...
Scanning network cards...
Scanning filesystems.....................................
Retrieving io_scan data 
Checking for the Device File System (DevFS)...DevFS is not mounted...
Collecting ICOD/ICAP information
Collecting SCSI bus data using mptconfig...No mpt devices found...
Collecting Fibre Channel device information.....
Collecting Secure Path information...not supported on HPUX 11.31...
Collecting SmartArray RAID card data...No SmartArray devices found...
Collecting online addition/replacement of PCI IO cards...
Retrieving io_scan data 
Scanning physical disks...Processing 26 disks.............................
Getting lvlnboot data 
Getting physical disks that are not in a VG.............................
Getting persisent device attributes.........................................
Checking for EVA Information...No EVA Luns discovered...
Checking for XP Disk Array Information......Cannot find any XP disks...
Retrieving lvm_scan data 
Scanning volume groups..........
Scanning VG configuration backup files.......
Generating map files for all volume groups........
Checking volume group configuration backups.......
Checking for inactive volume groups........
Checking for volume groups that don't exist in the /etc/lvmtab file........
Verifying that /, /stand, /opt, /tmp, /usr, /var, and /home are in /dev/vgroot...
  The /stand file system is not in /dev/vgroot
Retrieving lvm_scan data 
Scanning logical volumes......................................
Generating VG to physical disk mappings........
Generating LVOL to physical disk mappings...................................
Collecting software data 
Collecting registered software depots 
Checking for incompletely installed software 
Checking system security  
Checking system diagnostics ..
Checking Ignite-UX.
Collecting ISEE data
Checking to see if ServiceGuard is installed.
Checking to see if Omniback/Data Protector is installed and running...not installed...
Collecting NNM information
  NNM is not installed
Collecting OVO information
  OVO is not installed
Collecting Glance/MeasureWare/Perfview information. 
Checking system logfiles 
Errors and/or Warnings were found. Please check output file /apps/support/sysinfo/data/sysinfo_wbnfwpd1_20100502.html

End SysInfo 6.21 


 @@@@             @@@@@
@                   @                       
@     @   @  @@@    @   @@   @ @@@@  @@@@ 
 @@@@  @ @  @       @   @ @  @ @    @    @
     @  @    @@@    @   @  @ @ @@@  @    @
     @  @       @   @   @   @@ @    @    @
 @@@@   @    @@@  @@@@@ @    @ @     @@@@

Copyright 1999-2009 Hewlett-Packard Company.
All rights reserved.

SysInfo 6.21 by HP Services

Configuration data for wbnfwpd1
Collected on Wed Jun  2 03:16:19 EDT 2010

The -a option has been deprecated and has been included in the -b and -H options...
The -T option has been deprecated and has been included in the -b and -H options...

Output file is /apps/support/sysinfo/data/sysinfo_wbnfwpd1_20100602.html
Gathering lvlnboot data...
Running HPUX 11.31
This is an Itanium system
Volume Manager(s): Logical Volume Manager (LVM)

Checking for config file - system_db
  Found config file = /usr/bin/system_db
Checking for serial number...USE913L39V
Launching ioscan
Finished ioscan
Gathering bdf information...OK...
Launching LVM scan; this could take a while...
  Processing Volume Groups...
  Processing logical volumes......................................
  Processing physical volumes........................
Finished LVM scan
Checking to see if we're running in a partition; Not in partition
Checking cstm daemon....diagmond daemon is running.
Checking cstm version.....found D.06.00
SysInfo will wait up to 600 seconds to allow cstm to finish and then will resume processing...
  *** CSTM ERROR: no CPU data found
  Trying to gather CPU data using machinfo...
  Found CPU data using machinfo...
  *** CSTM ERROR: no disk data found
CSTM has completed. SysInfo will now resume processing.
Collecting system data...
  Gathering system memory information...
  Gathering system uptime information...
  Gathering last patch information...
  Looking for the Root Volume Group.../dev/vgroot
  Looking for the root dump device.../dev/vgroot/lvswapA 
  Checking to see if the system is a Trusted System...No
  Determining kernel size...
  Gathering dump data...
    SAVECRASH is undefined
    CRASHCONF_ENABLED is enabled
Collecting H/W partitionable complex information.../usr/sbin/parstatus not found
Collecting Virtual Partition information......no VPAR's found
Collecting Virtual Machine information......cannot find /opt/hpvm/bin/hpvmstatus...
Collecting kernel information....please wait....
Collecting /stand/bootconf data...
Scanning network cards...
Scanning filesystems.....................................
Retrieving io_scan data 
Checking for the Device File System (DevFS)...DevFS is not mounted...
Collecting ICOD/ICAP information...iCOD not supported
Collecting SCSI bus data using mptconfig...No mpt devices found...
Collecting Fibre Channel device information.....
Collecting Secure Path information...not supported on HPUX 11.31...
Collecting SmartArray RAID card data...No SmartArray devices found...
Collecting online addition/replacement of PCI IO cards...
Retrieving io_scan data 
Scanning physical disks...Processing 26 disks.............................
Getting lvlnboot data 
Getting physical disks that are not in a VG.............................
Getting persisent device attributes.........................................
Checking for EVA Information...No EVA Luns discovered...
Checking for XP Disk Array Information......Cannot find any XP disks...
Retrieving lvm_scan data 
Scanning volume groups..........
Scanning VG configuration backup files.......
Generating map files for all volume groups........
Checking volume group configuration backups.......
Checking for inactive volume groups........
Checking for volume groups that don't exist in the /etc/lvmtab file........
Verifying that /, /stand, /opt, /tmp, /usr, /var, and /home are in /dev/vgroot...
  The /stand file system is not in /dev/vgroot
Retrieving lvm_scan data 
Scanning logical volumes......................................
Generating VG to physical disk mappings........
Generating LVOL to physical disk mappings...................................
Collecting software data 
Collecting registered software depots 
Checking for incompletely installed software 
Checking system security  
Checking system diagnostics ..
Checking Ignite-UX.
Collecting ISEE data
Checking to see if ServiceGuard is installed.
Checking to see if Omniback/Data Protector is installed and running...not installed...
Collecting NNM information
  NNM is not installed
Collecting OVO information
  OVO is not installed
Collecting Glance/MeasureWare/Perfview information. 
Checking system logfiles 
Errors and/or Warnings were found. Please check output file /apps/support/sysinfo/data/sysinfo_wbnfwpd1_20100602.html

End SysInfo 6.21 


 @@@@             @@@@@
@                   @                       
@     @   @  @@@    @   @@   @ @@@@  @@@@ 
 @@@@  @ @  @       @   @ @  @ @    @    @
     @  @    @@@    @   @  @ @ @@@  @    @
     @  @       @   @   @   @@ @    @    @
 @@@@   @    @@@  @@@@@ @    @ @     @@@@

Copyright 1999-2009 Hewlett-Packard Company.
All rights reserved.

SysInfo 6.21 by HP Services

Configuration data for wbnfwpd1
Collected on Fri Jul  2 03:28:15 EDT 2010

The -a option has been deprecated and has been included in the -b and -H options...
The -T option has been deprecated and has been included in the -b and -H options...

Output file is /apps/support/sysinfo/data/sysinfo_wbnfwpd1_20100702.html
Gathering lvlnboot data...
Running HPUX 11.31
This is an Itanium system
Volume Manager(s): Logical Volume Manager (LVM)

Checking for config file - system_db
  Found config file = /usr/bin/system_db
Checking for serial number...USE913L39V
Launching ioscan
Finished ioscan
Gathering bdf information...OK...
Launching LVM scan; this could take a while...
  Processing Volume Groups...
  Processing logical volumes..............................
  lvdisplay /dev/vgroot/lvarchives timed out after 60 seconds. Skipping lvol /dev/vgroot/lvarchives
............................
  Processing physical volumes............................
   "pvdisplay -v /dev/disk/disk18" timed out. Skipping /dev/disk/disk18....................
   "pvdisplay -v /dev/disk/disk19" timed out. Skipping /dev/disk/disk19..............
Finished LVM scan
Checking to see if we're running in a partition; Not in partition
Checking cstm daemon....diagmond daemon is running.
Checking cstm version.....found D.06.00
SysInfo will wait up to 600 seconds to allow cstm to finish and then will resume processing..
  *** CSTM ERROR: no CPU data found
  Trying to gather CPU data using machinfo...
  Found CPU data using machinfo...
  *** CSTM ERROR: no disk data found
CSTM has completed. SysInfo will now resume processing.
Collecting system data...
  Gathering system memory information...
  Gathering system uptime information...
  Gathering last patch information...
  Looking for the Root Volume Group.../dev/vgroot
  Looking for the root dump device.../dev/vgroot/lvswapA 
  Checking to see if the system is a Trusted System...No
  Determining kernel size...
  Gathering dump data...
    SAVECRASH is undefined
    CRASHCONF_ENABLED is enabled
Collecting H/W partitionable complex information.../usr/sbin/parstatus not found
Collecting Virtual Partition information......no VPAR's found
Collecting Virtual Machine information......cannot find /opt/hpvm/bin/hpvmstatus...
Collecting kernel information....please wait....
Collecting /stand/bootconf data...
Scanning network cards...
Scanning filesystems.....................................
Retrieving io_scan data 
Checking for the Device File System (DevFS)...DevFS is not mounted...
Collecting ICOD/ICAP information...iCOD not supported
Collecting SCSI bus data using mptconfig...No mpt devices found...
Collecting Fibre Channel device information.....
Collecting Secure Path information...not supported on HPUX 11.31...
Collecting SmartArray RAID card data...No SmartArray devices found...
Collecting online addition/replacement of PCI IO cards...
Retrieving io_scan data 
Scanning physical disks...Processing 26 disks.............................
Getting lvlnboot data 
Getting physical disks that are not in a VG.............................
Getting persisent device attributes.........................................
Checking for EVA Information...No EVA Luns discovered...
Checking for XP Disk Array Information......Cannot find any XP disks...
Retrieving lvm_scan data 
Scanning volume groups..........
Scanning VG configuration backup files.......
Generating map files for all volume groups........
Checking volume group configuration backups.......
Checking for inactive volume groups........
Checking for volume groups that don't exist in the /etc/lvmtab file........
Verifying that /, /stand, /opt, /tmp, /usr, /var, and /home are in /dev/vgroot...
  The /stand file system is not in /dev/vgroot
Retrieving lvm_scan data 
Scanning logical volumes......................................
Generating VG to physical disk mappings........
Generating LVOL to physical disk mappings...................................
Collecting software data 
Collecting registered software depots 
Checking for incompletely installed software 
Checking system security  
Checking system diagnostics ..
Checking Ignite-UX.
Collecting ISEE data
Checking to see if ServiceGuard is installed.
Checking to see if Omniback/Data Protector is installed and running...not installed...
Collecting NNM information
  NNM is not installed
Collecting OVO information
  OVO is not installed
Collecting Glance/MeasureWare/Perfview information. 
Checking system logfiles 
Errors and/or Warnings were found. Please check output file /apps/support/sysinfo/data/sysinfo_wbnfwpd1_20100702.html

End SysInfo 6.21 


 @@@@             @@@@@
@                   @                       
@     @   @  @@@    @   @@   @ @@@@  @@@@ 
 @@@@  @ @  @       @   @ @  @ @    @    @
     @  @    @@@    @   @  @ @ @@@  @    @
     @  @       @   @   @   @@ @    @    @
 @@@@   @    @@@  @@@@@ @    @ @     @@@@

Copyright 1999-2009 Hewlett-Packard Company.
All rights reserved.

SysInfo 6.21 by HP Services

Configuration data for wbnfwpd1
Collected on Mon Aug  2 03:15:04 EDT 2010

The -a option has been deprecated and has been included in the -b and -H options...
The -T option has been deprecated and has been included in the -b and -H options...

Output file is /apps/support/sysinfo/data/sysinfo_wbnfwpd1_20100802.html
Gathering lvlnboot data...
Running HPUX 11.31
This is an Itanium system
Volume Manager(s): Logical Volume Manager (LVM)

Checking for config file - system_db
  Found config file = /usr/bin/system_db
Checking for serial number...USE913L39V
Launching ioscan
Finished ioscan
Gathering bdf information...OK...
Launching LVM scan; this could take a while...
  Processing Volume Groups...
  Processing logical volumes..............................................
  lvdisplay /dev/vgshrwbndata/lvu01_otwbndb timed out after 60 seconds. Skipping lvol /dev/vgshrwbndata/lvu01_otwbndb
.....................
  lvdisplay /dev/vgshrwbndata/lvu02_otwbndb timed out after 60 seconds. Skipping lvol /dev/vgshrwbndata/lvu02_otwbndb
...........
  Processing physical volumes........................
Finished LVM scan
Checking to see if we're running in a partition; Not in partition
Checking cstm daemon....diagmond daemon is running.
Checking cstm version.....found D.06.00
SysInfo will wait up to 600 seconds to allow cstm to finish and then will resume processing..
  *** CSTM ERROR: no CPU data found
  Trying to gather CPU data using machinfo...
  Found CPU data using machinfo...
  *** CSTM ERROR: no disk data found
CSTM has completed. SysInfo will now resume processing.
Collecting system data...
  Gathering system memory information...
  Gathering system uptime information...
  Gathering last patch information...
  Looking for the Root Volume Group.../dev/vgroot
  Looking for the root dump device.../dev/vgroot/lvswapA 
  Checking to see if the system is a Trusted System...No
  Determining kernel size...
  Gathering dump data...
    SAVECRASH is undefined
    CRASHCONF_ENABLED is enabled
Collecting H/W partitionable complex information.../usr/sbin/parstatus not found
Collecting Virtual Partition information......no VPAR's found
Collecting Virtual Machine information......cannot find /opt/hpvm/bin/hpvmstatus...
Collecting kernel information....please wait....
Collecting /stand/bootconf data...
Scanning network cards...
Scanning filesystems.....................................
Retrieving io_scan data 
Checking for the Device File System (DevFS)...DevFS is not mounted...
Collecting ICOD/ICAP information...iCOD not supported
Collecting SCSI bus data using mptconfig...No mpt devices found...
Collecting Fibre Channel device information.....
Collecting Secure Path information...not supported on HPUX 11.31...
Collecting SmartArray RAID card data...No SmartArray devices found...
Collecting online addition/replacement of PCI IO cards...
Retrieving io_scan data 
Scanning physical disks...Processing 26 disks.............................
Getting lvlnboot data ........................................"lvlnboot -v /dev/vgroot" timed out after 120 seconds.

Getting physical disks that are not in a VG.............................
Getting persisent device attributes.........................................
Checking for EVA Information...No EVA Luns discovered...
Checking for XP Disk Array Information......Cannot find any XP disks...
Retrieving lvm_scan data 
Scanning volume groups..........
Scanning VG configuration backup files.......
Generating map files for all volume groups........
Checking volume group configuration backups.......
Checking for inactive volume groups........
Checking for volume groups that don't exist in the /etc/lvmtab file........
Verifying that /, /stand, /opt, /tmp, /usr, /var, and /home are in /dev/vgroot...
  The /stand file system is not in /dev/vgroot
Retrieving lvm_scan data 
Scanning logical volumes..............................
  lvdisplay /dev/vgroot/lvbest1 timed out after 60 seconds. Skipping lvol /dev/vgroot/lvbest1
...........................
Generating VG to physical disk mappings........
Generating LVOL to physical disk mappings...................................
Collecting software data 
Collecting registered software depots 
Checking for incompletely installed software 
Checking system security  
Checking system diagnostics ..
Checking Ignite-UX.
Collecting ISEE data
Checking to see if ServiceGuard is installed.
Checking to see if Omniback/Data Protector is installed and running...not installed...
Collecting NNM information
  NNM is not installed
Collecting OVO information
  OVO is not installed
Collecting Glance/MeasureWare/Perfview information. 
Checking system logfiles 
Errors and/or Warnings were found. Please check output file /apps/support/sysinfo/data/sysinfo_wbnfwpd1_20100802.html

End SysInfo 6.21 


 @@@@             @@@@@
@                   @                       
@     @   @  @@@    @   @@   @ @@@@  @@@@ 
 @@@@  @ @  @       @   @ @  @ @    @    @
     @  @    @@@    @   @  @ @ @@@  @    @
     @  @       @   @   @   @@ @    @    @
 @@@@   @    @@@  @@@@@ @    @ @     @@@@

Copyright 1999-2009 Hewlett-Packard Company.
All rights reserved.

SysInfo 6.21 by HP Services

Configuration data for wbnfwpd1
Collected on Thu Sep  2 03:15:04 EDT 2010

The -a option has been deprecated and has been included in the -b and -H options...
The -T option has been deprecated and has been included in the -b and -H options...

Output file is /apps/support/sysinfo/data/sysinfo_wbnfwpd1_20100902.html
Gathering lvlnboot data...
Running HPUX 11.31
This is an Itanium system
Volume Manager(s): Logical Volume Manager (LVM)

Checking for config file - system_db
  Found config file = /usr/bin/system_db
Checking for serial number...USE913L39V
Launching ioscan
Finished ioscan
Gathering bdf information...OK...
Launching LVM scan; this could take a while...
  Processing Volume Groups...
  Processing logical volumes......................................
  Processing physical volumes........................
Finished LVM scan
Checking to see if we're running in a partition; Not in partition
Checking cstm daemon....diagmond daemon is running.
Checking cstm version.....found D.06.00
SysInfo will wait up to 600 seconds to allow cstm to finish and then will resume processing...
  *** CSTM ERROR: no CPU data found
  Trying to gather CPU data using machinfo...
  Found CPU data using machinfo...
  *** CSTM ERROR: no disk data found
CSTM has completed. SysInfo will now resume processing.
Collecting system data...
  Gathering system memory information...
  Gathering system uptime information...
  Gathering last patch information...
  Looking for the Root Volume Group.../dev/vgroot
  Looking for the root dump device.../dev/vgroot/lvswapA 
  Checking to see if the system is a Trusted System...No
  Determining kernel size...
  Gathering dump data...
    SAVECRASH is undefined
    CRASHCONF_ENABLED is enabled
Collecting H/W partitionable complex information.../usr/sbin/parstatus not found
Collecting Virtual Partition information......no VPAR's found
Collecting Virtual Machine information......cannot find /opt/hpvm/bin/hpvmstatus...
Collecting kernel information....please wait....
Collecting /stand/bootconf data...
Scanning network cards...
Scanning filesystems.....................................
Retrieving io_scan data 
Checking for the Device File System (DevFS)...DevFS is not mounted...
Collecting ICOD/ICAP information...iCOD not supported
Collecting SCSI bus data using mptconfig...No mpt devices found...
Collecting Fibre Channel device information.....
Collecting Secure Path information...not supported on HPUX 11.31...
Collecting SmartArray RAID card data...No SmartArray devices found...
Collecting online addition/replacement of PCI IO cards...
Retrieving io_scan data 
Scanning physical disks...Processing 26 disks.............
...Cannot access /dev/rdisk/disk6_p2..skipping............................
...Cannot access /dev/rdisk/disk26..skipping..........
Getting lvlnboot data 
Getting physical disks that are not in a VG...........................
Getting persisent device attributes.........................................
Checking for EVA Information...No EVA Luns discovered...
Checking for XP Disk Array Information......Cannot find any XP disks...
Retrieving lvm_scan data 
Scanning volume groups..........
Scanning VG configuration backup files.......
Generating map files for all volume groups........
Checking volume group configuration backups.......
Checking for inactive volume groups..........................ERROR: "vgdisplay /dev/vgroot" timed out. Skipping Volume Group /dev/vgroot
..
Checking for volume groups that don't exist in the /etc/lvmtab file........
Verifying that /, /stand, /opt, /tmp, /usr, /var, and /home are in /dev/vgroot...
  The /stand file system is not in /dev/vgroot
Retrieving lvm_scan data 
Scanning logical volumes......................................
Generating VG to physical disk mappings........
Generating LVOL to physical disk mappings....................
  lvdisplay /dev/vgapps1/lvoracle timed out after 60 seconds. Skipping lvol /dev/vgapps1/lvoracle
..................................
Collecting software data 
Collecting registered software depots 
Checking for incompletely installed software 
Checking system security  
Checking system diagnostics ..
Checking Ignite-UX.
Collecting ISEE data
Checking to see if ServiceGuard is installed.
Checking to see if Omniback/Data Protector is installed and running...not installed...
Collecting NNM information
  NNM is not installed
Collecting OVO information
  OVO is not installed
Collecting Glance/MeasureWare/Perfview information. 
Checking system logfiles 
Errors and/or Warnings were found. Please check output file /apps/support/sysinfo/data/sysinfo_wbnfwpd1_20100902.html

End SysInfo 6.21 


 @@@@             @@@@@
@                   @                       
@     @   @  @@@    @   @@   @ @@@@  @@@@ 
 @@@@  @ @  @       @   @ @  @ @    @    @
     @  @    @@@    @   @  @ @ @@@  @    @
     @  @       @   @   @   @@ @    @    @
 @@@@   @    @@@  @@@@@ @    @ @     @@@@

Copyright 1999-2009 Hewlett-Packard Company.
All rights reserved.

SysInfo 6.21 by HP Services

Configuration data for wbnfwpd1
Collected on Sat Oct  2 03:15:04 EDT 2010

The -a option has been deprecated and has been included in the -b and -H options...
The -T option has been deprecated and has been included in the -b and -H options...

Output file is /apps/support/sysinfo/data/sysinfo_wbnfwpd1_20101002.html
Gathering lvlnboot data...
Running HPUX 11.31
This is an Itanium system
Volume Manager(s): Logical Volume Manager (LVM)

Checking for config file - system_db
  Found config file = /usr/bin/system_db
Checking for serial number...USE913L39V
Launching ioscan
Finished ioscan
Gathering bdf information...OK...
Launching LVM scan; this could take a while...
  Processing Volume Groups...
  Processing logical volumes......................................
  Processing physical volumes........................
Finished LVM scan
Checking to see if we're running in a partition; Not in partition
Checking cstm daemon....diagmond daemon is running.
Checking cstm version.....found D.06.00
SysInfo will wait up to 600 seconds to allow cstm to finish and then will resume processing..
  *** CSTM ERROR: no CPU data found
  Trying to gather CPU data using machinfo...
  Found CPU data using machinfo...
  *** CSTM ERROR: no disk data found
CSTM has completed. SysInfo will now resume processing.
Collecting system data...
  Gathering system memory information...
  Gathering system uptime information...
  Gathering last patch information...
  Looking for the Root Volume Group.../dev/vgroot
  Looking for the root dump device.../dev/vgroot/lvswapA 
  Checking to see if the system is a Trusted System...No
  Determining kernel size...
  Gathering dump data...
    SAVECRASH is undefined
    CRASHCONF_ENABLED is enabled
Collecting H/W partitionable complex information.../usr/sbin/parstatus not found
Collecting Virtual Partition information......no VPAR's found
Collecting Virtual Machine information......cannot find /opt/hpvm/bin/hpvmstatus...
Collecting kernel information....please wait....
Collecting /stand/bootconf data...
Scanning network cards...
Scanning filesystems.....................................
Retrieving io_scan data 
Checking for the Device File System (DevFS)...DevFS is not mounted...
Collecting ICOD/ICAP information...iCOD not supported
Collecting SCSI bus data using mptconfig...No mpt devices found...
Collecting Fibre Channel device information.....
Collecting Secure Path information...not supported on HPUX 11.31...
Collecting SmartArray RAID card data...No SmartArray devices found...
Collecting online addition/replacement of PCI IO cards...
Retrieving io_scan data 
Scanning physical disks...Processing 26 disks.............................
Getting lvlnboot data 
Getting physical disks that are not in a VG.............................
Getting persisent device attributes.........................................
Checking for EVA Information...No EVA Luns discovered...
Checking for XP Disk Array Information......Cannot find any XP disks...
Retrieving lvm_scan data 
Scanning volume groups..........
Scanning VG configuration backup files.......
Generating map files for all volume groups........
Checking volume group configuration backups.......
Checking for inactive volume groups........
Checking for volume groups that don't exist in the /etc/lvmtab file........
Verifying that /, /stand, /opt, /tmp, /usr, /var, and /home are in /dev/vgroot...
  The /stand file system is not in /dev/vgroot
Retrieving lvm_scan data 
Scanning logical volumes......................................
Generating VG to physical disk mappings........
Generating LVOL to physical disk mappings...................................
Collecting software data 
Collecting registered software depots 
Checking for incompletely installed software 
Checking system security  
Checking system diagnostics ..
Checking Ignite-UX.
Collecting ISEE data
Checking to see if ServiceGuard is installed.
Checking to see if Omniback/Data Protector is installed and running...not installed...
Collecting NNM information
  NNM is not installed
Collecting OVO information
  OVO is not installed
Collecting Glance/MeasureWare/Perfview information. 
Checking system logfiles 
Errors and/or Warnings were found. Please check output file /apps/support/sysinfo/data/sysinfo_wbnfwpd1_20101002.html

End SysInfo 6.21 


 @@@@             @@@@@
@                   @                       
@     @   @  @@@    @   @@   @ @@@@  @@@@ 
 @@@@  @ @  @       @   @ @  @ @    @    @
     @  @    @@@    @   @  @ @ @@@  @    @
     @  @       @   @   @   @@ @    @    @
 @@@@   @    @@@  @@@@@ @    @ @     @@@@

Copyright 1999-2009 Hewlett-Packard Company.
All rights reserved.

SysInfo 6.21 by HP Services

Configuration data for wbnfwpd1
Collected on Tue Nov  2 03:15:03 EDT 2010

The -a option has been deprecated and has been included in the -b and -H options...
The -T option has been deprecated and has been included in the -b and -H options...

Output file is /apps/support/sysinfo/data/sysinfo_wbnfwpd1_20101102.html
Gathering lvlnboot data...
Running HPUX 11.31
This is an Itanium system
Volume Manager(s): Logical Volume Manager (LVM)

Checking for config file - system_db
  Found config file = /usr/bin/system_db
Checking for serial number...USE913L39V
Launching ioscan
Finished ioscan
Gathering bdf information...OK...
Launching LVM scan; this could take a while...
  Processing Volume Groups...
  Processing logical volumes......................................
  Processing physical volumes........................
Finished LVM scan
Checking to see if we're running in a partition; Not in partition
Checking cstm daemon....diagmond daemon is running.
Checking cstm version......found D.06.00
SysInfo will wait up to 600 seconds to allow cstm to finish and then will resume processing..
  *** CSTM ERROR: no CPU data found
  Trying to gather CPU data using machinfo...
  Found CPU data using machinfo...
  *** CSTM ERROR: no disk data found
CSTM has completed. SysInfo will now resume processing.
Collecting system data...
  Gathering system memory information...
  Gathering system uptime information...
  Gathering last patch information...
  Looking for the Root Volume Group.../dev/vgroot
  Looking for the root dump device.../dev/vgroot/lvswapA 
  Checking to see if the system is a Trusted System...No
  Determining kernel size...
  Gathering dump data...
    SAVECRASH is undefined
    CRASHCONF_ENABLED is enabled
Collecting H/W partitionable complex information.../usr/sbin/parstatus not found
Collecting Virtual Partition information......no VPAR's found
Collecting Virtual Machine information......cannot find /opt/hpvm/bin/hpvmstatus...
Collecting kernel information....please wait....
Collecting /stand/bootconf data...
Scanning network cards...
Scanning filesystems.....................................
Retrieving io_scan data 
Checking for the Device File System (DevFS)...DevFS is not mounted...
Collecting ICOD/ICAP information...iCOD not supported
Collecting SCSI bus data using mptconfig...No mpt devices found...
Collecting Fibre Channel device information.....
Collecting Secure Path information...not supported on HPUX 11.31...
Collecting SmartArray RAID card data...No SmartArray devices found...
Collecting online addition/replacement of PCI IO cards...
Retrieving io_scan data 
Scanning physical disks...Processing 26 disks.............
...Cannot access /dev/rdisk/disk6_p2..skipping...........................
Getting lvlnboot data 
Getting physical disks that are not in a VG............................
Getting persisent device attributes.........................................
Checking for EVA Information...No EVA Luns discovered...
Checking for XP Disk Array Information......Cannot find any XP disks...
Retrieving lvm_scan data 
....................ERROR: "vgdisplay -v" timed out. Skipping Volume Group scan
Verifying that /, /stand, /opt, /tmp, /usr, /var, and /home are in /dev/vgroot...
  The /stand file system is not in /dev/vgroot
Retrieving lvm_scan data 
Scanning logical volumes......................................
Generating VG to physical disk mappings........
Generating LVOL to physical disk mappings...........................................
  lvdisplay /dev/vgshrwbndata/lvu02_otwbndb timed out after 60 seconds. Skipping lvol /dev/vgshrwbndata/lvu02_otwbndb
...........
Collecting software data 
Collecting registered software depots 
Checking for incompletely installed software 
Checking system security  
Checking system diagnostics ..
Checking Ignite-UX.
Collecting ISEE data
Checking to see if ServiceGuard is installed.
Checking to see if Omniback/Data Protector is installed and running...not installed...
Collecting NNM information
  NNM is not installed
Collecting OVO information
  OVO is not installed
Collecting Glance/MeasureWare/Perfview information. 
Checking system logfiles 
Errors and/or Warnings were found. Please check output file /apps/support/sysinfo/data/sysinfo_wbnfwpd1_20101102.html

End SysInfo 6.21 


 @@@@             @@@@@
@                   @                       
@     @   @  @@@    @   @@   @ @@@@  @@@@ 
 @@@@  @ @  @       @   @ @  @ @    @    @
     @  @    @@@    @   @  @ @ @@@  @    @
     @  @       @   @   @   @@ @    @    @
 @@@@   @    @@@  @@@@@ @    @ @     @@@@

Copyright 1999-2009 Hewlett-Packard Company.
All rights reserved.

SysInfo 6.21 by HP Services

Configuration data for wbnfwpd1
Collected on Thu Dec  2 03:15:04 EST 2010

The -a option has been deprecated and has been included in the -b and -H options...
The -T option has been deprecated and has been included in the -b and -H options...

Output file is /apps/support/sysinfo/data/sysinfo_wbnfwpd1_20101202.html
Gathering lvlnboot data...
Running HPUX 11.31
This is an Itanium system
Volume Manager(s): Logical Volume Manager (LVM)

Checking for config file - system_db
  Found config file = /usr/bin/system_db
Checking for serial number...USE913L39V
Launching ioscan
Finished ioscan
Gathering bdf information...OK...
Launching LVM scan; this could take a while...
  Processing Volume Groups...
  Processing logical volumes......................................
  Processing physical volumes........................
Finished LVM scan
Checking to see if we're running in a partition; Not in partition
Checking cstm daemon....diagmond daemon is running.
Checking cstm version.....found D.06.00
SysInfo will wait up to 600 seconds to allow cstm to finish and then will resume processing..
  *** CSTM ERROR: no CPU data found
  Trying to gather CPU data using machinfo...
  Found CPU data using machinfo...
  *** CSTM ERROR: no disk data found
CSTM has completed. SysInfo will now resume processing.
Collecting system data...
  Gathering system memory information...
  Gathering system uptime information...
  Gathering last patch information...
  Looking for the Root Volume Group.../dev/vgroot
  Looking for the root dump device.../dev/vgroot/lvswapA 
  Checking to see if the system is a Trusted System...No
  Determining kernel size...
  Gathering dump data...
    SAVECRASH is undefined
    CRASHCONF_ENABLED is enabled
Collecting H/W partitionable complex information.../usr/sbin/parstatus not found
Collecting Virtual Partition information......no VPAR's found
Collecting Virtual Machine information......cannot find /opt/hpvm/bin/hpvmstatus...
Collecting kernel information....please wait....
Collecting /stand/bootconf data...
Scanning network cards...
Scanning filesystems.....................................
Retrieving io_scan data 
Checking for the Device File System (DevFS)...DevFS is not mounted...
Collecting ICOD/ICAP information...iCOD not supported
Collecting SCSI bus data using mptconfig...No mpt devices found...
Collecting Fibre Channel device information.....
Collecting Secure Path information...not supported on HPUX 11.31...
Collecting SmartArray RAID card data...No SmartArray devices found...
Collecting online addition/replacement of PCI IO cards...
Retrieving io_scan data 
Scanning physical disks...Processing 26 disks.............................
Getting lvlnboot data 
Getting physical disks that are not in a VG.............................
Getting persisent device attributes.........................................
Checking for EVA Information...No EVA Luns discovered...
Checking for XP Disk Array Information......Cannot find any XP disks...
Retrieving lvm_scan data 
Scanning volume groups..........
Scanning VG configuration backup files.......
Generating map files for all volume groups........
Checking volume group configuration backups.......
Checking for inactive volume groups........
Checking for volume groups that don't exist in the /etc/lvmtab file........
Verifying that /, /stand, /opt, /tmp, /usr, /var, and /home are in /dev/vgroot...
  The /stand file system is not in /dev/vgroot
Retrieving lvm_scan data 
Scanning logical volumes......................................
Generating VG to physical disk mappings........
Generating LVOL to physical disk mappings...................................
Collecting software data 
Collecting registered software depots 
Checking for incompletely installed software 
Checking system security  
Checking system diagnostics ..
Checking Ignite-UX.
Collecting ISEE data
Checking to see if ServiceGuard is installed.
Checking to see if Omniback/Data Protector is installed and running...not installed...
Collecting NNM information
  NNM is not installed
Collecting OVO information
  OVO is not installed
Collecting Glance/MeasureWare/Perfview information. 
Checking system logfiles 
Errors and/or Warnings were found. Please check output file /apps/support/sysinfo/data/sysinfo_wbnfwpd1_20101202.html

End SysInfo 6.21 


 @@@@             @@@@@
@                   @                       
@     @   @  @@@    @   @@   @ @@@@  @@@@ 
 @@@@  @ @  @       @   @ @  @ @    @    @
     @  @    @@@    @   @  @ @ @@@  @    @
     @  @       @   @   @   @@ @    @    @
 @@@@   @    @@@  @@@@@ @    @ @     @@@@

Copyright 1999-2009 Hewlett-Packard Company.
All rights reserved.

SysInfo 6.21 by HP Services

Configuration data for wbnfwpd1
Collected on Sun Jan  2 03:15:04 EST 2011

The -a option has been deprecated and has been included in the -b and -H options...
The -T option has been deprecated and has been included in the -b and -H options...

Output file is /apps/support/sysinfo/data/sysinfo_wbnfwpd1_20110102.html
Gathering lvlnboot data...
Running HPUX 11.31
This is an Itanium system
Volume Manager(s): Logical Volume Manager (LVM)

Checking for config file - system_db
  Found config file = /usr/bin/system_db
Checking for serial number...USE913L39V
Launching ioscan
Finished ioscan
Gathering bdf information...OK...
Launching LVM scan; this could take a while...
  Processing Volume Groups...
  Processing logical volumes......................................
  Processing physical volumes........................
Finished LVM scan
Checking to see if we're running in a partition; Not in partition
Checking cstm daemon....diagmond daemon is running.
Checking cstm version.....found D.06.00
SysInfo will wait up to 600 seconds to allow cstm to finish and then will resume processing..
  *** CSTM ERROR: no CPU data found
  Trying to gather CPU data using machinfo...
  Found CPU data using machinfo...
  *** CSTM ERROR: no disk data found
CSTM has completed. SysInfo will now resume processing.
Collecting system data...
  Gathering system memory information...
  Gathering system uptime information...
  Gathering last patch information...
  Looking for the Root Volume Group.../dev/vgroot
  Looking for the root dump device.../dev/vgroot/lvswapA 
  Checking to see if the system is a Trusted System...No
  Determining kernel size...
  Gathering dump data...
    SAVECRASH is undefined
    CRASHCONF_ENABLED is enabled
Collecting H/W partitionable complex information.../usr/sbin/parstatus not found
Collecting Virtual Partition information......no VPAR's found
Collecting Virtual Machine information......cannot find /opt/hpvm/bin/hpvmstatus...
Collecting kernel information....please wait....
Collecting /stand/bootconf data...
Scanning network cards...
Scanning filesystems.....................................
Retrieving io_scan data 
Checking for the Device File System (DevFS)...DevFS is not mounted...
Collecting ICOD/ICAP information...iCOD not supported
Collecting SCSI bus data using mptconfig...No mpt devices found...
Collecting Fibre Channel device information.....
Collecting Secure Path information...not supported on HPUX 11.31...
Collecting SmartArray RAID card data...No SmartArray devices found...
Collecting online addition/replacement of PCI IO cards...
Retrieving io_scan data 
Scanning physical disks...Processing 26 disks.............................
Getting lvlnboot data 
Getting physical disks that are not in a VG.............................
Getting persisent device attributes.........................................
Checking for EVA Information...No EVA Luns discovered...
Checking for XP Disk Array Information......Cannot find any XP disks...
Retrieving lvm_scan data 
Scanning volume groups..........
Scanning VG configuration backup files.......
Generating map files for all volume groups........
Checking volume group configuration backups.......
Checking for inactive volume groups........
Checking for volume groups that don't exist in the /etc/lvmtab file........
Verifying that /, /stand, /opt, /tmp, /usr, /var, and /home are in /dev/vgroot...
  The /stand file system is not in /dev/vgroot
Retrieving lvm_scan data 
Scanning logical volumes......................................
Generating VG to physical disk mappings........
Generating LVOL to physical disk mappings...................................
Collecting software data 
Collecting registered software depots 
Checking for incompletely installed software 
Checking system security  
Checking system diagnostics ..
Checking Ignite-UX.
Collecting ISEE data
Checking to see if ServiceGuard is installed.
Checking to see if Omniback/Data Protector is installed and running...not installed...
Collecting NNM information
  NNM is not installed
Collecting OVO information
  OVO is not installed
Collecting Glance/MeasureWare/Perfview information. 
Checking system logfiles 
Errors and/or Warnings were found. Please check output file /apps/support/sysinfo/data/sysinfo_wbnfwpd1_20110102.html

End SysInfo 6.21 


 @@@@             @@@@@
@                   @                       
@     @   @  @@@    @   @@   @ @@@@  @@@@ 
 @@@@  @ @  @       @   @ @  @ @    @    @
     @  @    @@@    @   @  @ @ @@@  @    @
     @  @       @   @   @   @@ @    @    @
 @@@@   @    @@@  @@@@@ @    @ @     @@@@

Copyright 1999-2009 Hewlett-Packard Company.
All rights reserved.

SysInfo 6.21 by HP Services

Configuration data for wbnfwpd1
Collected on Wed Feb  2 03:15:04 EST 2011

The -a option has been deprecated and has been included in the -b and -H options...
The -T option has been deprecated and has been included in the -b and -H options...

Output file is /apps/support/sysinfo/data/sysinfo_wbnfwpd1_20110202.html
Gathering lvlnboot data...
Running HPUX 11.31
This is an Itanium system
Volume Manager(s): Logical Volume Manager (LVM)

Checking for config file - system_db
  Found config file = /usr/bin/system_db
Checking for serial number...USE913L39V
Launching ioscan
Finished ioscan
Gathering bdf information...OK...
Launching LVM scan; this could take a while...
  Processing Volume Groups...
  Processing logical volumes......................................
  Processing physical volumes........................
Finished LVM scan
Checking to see if we're running in a partition; Not in partition
Checking cstm daemon....diagmond daemon is running.
Checking cstm version.....found D.06.00
SysInfo will wait up to 600 seconds to allow cstm to finish and then will resume processing..
  *** CSTM ERROR: no CPU data found
  Trying to gather CPU data using machinfo...
  Found CPU data using machinfo...
  *** CSTM ERROR: no disk data found
CSTM has completed. SysInfo will now resume processing.
Collecting system data...
  Gathering system memory information...
  Gathering system uptime information...
  Gathering last patch information...
  Looking for the Root Volume Group.../dev/vgroot
  Looking for the root dump device.../dev/vgroot/lvswapA 
  Checking to see if the system is a Trusted System...No
  Determining kernel size...
  Gathering dump data...
    SAVECRASH is undefined
    CRASHCONF_ENABLED is enabled
Collecting H/W partitionable complex information.../usr/sbin/parstatus not found
Collecting Virtual Partition information......no VPAR's found
Collecting Virtual Machine information......cannot find /opt/hpvm/bin/hpvmstatus...
Collecting kernel information....please wait....
Collecting /stand/bootconf data...
Scanning network cards...
Scanning filesystems.....................................
Retrieving io_scan data 
Checking for the Device File System (DevFS)...DevFS is not mounted...
Collecting ICOD/ICAP information...iCOD not supported
Collecting SCSI bus data using mptconfig...No mpt devices found...
Collecting Fibre Channel device information.....
Collecting Secure Path information...not supported on HPUX 11.31...
Collecting SmartArray RAID card data...No SmartArray devices found...
Collecting online addition/replacement of PCI IO cards...
Retrieving io_scan data 
Scanning physical disks...Processing 26 disks.............................
Getting lvlnboot data 
Getting physical disks that are not in a VG.............................
Getting persisent device attributes.........................................
Checking for EVA Information...No EVA Luns discovered...
Checking for XP Disk Array Information......Cannot find any XP disks...
Retrieving lvm_scan data 
Scanning volume groups..........
Scanning VG configuration backup files.......
Generating map files for all volume groups........
Checking volume group configuration backups.......
Checking for inactive volume groups........
Checking for volume groups that don't exist in the /etc/lvmtab file........
Verifying that /, /stand, /opt, /tmp, /usr, /var, and /home are in /dev/vgroot...
  The /stand file system is not in /dev/vgroot
Retrieving lvm_scan data 
Scanning logical volumes......................................
Generating VG to physical disk mappings........
Generating LVOL to physical disk mappings...................................
Collecting software data 
Collecting registered software depots 
Checking for incompletely installed software 
Checking system security  
Checking system diagnostics ..
Checking Ignite-UX.
Collecting ISEE data
Checking to see if ServiceGuard is installed.
Checking to see if Omniback/Data Protector is installed and running...not installed...
Collecting NNM information
  NNM is not installed
Collecting OVO information
  OVO is not installed
Collecting Glance/MeasureWare/Perfview information. 
Checking system logfiles 
Errors and/or Warnings were found. Please check output file /apps/support/sysinfo/data/sysinfo_wbnfwpd1_20110202.html

End SysInfo 6.21 


 @@@@             @@@@@
@                   @                       
@     @   @  @@@    @   @@   @ @@@@  @@@@ 
 @@@@  @ @  @       @   @ @  @ @    @    @
     @  @    @@@    @   @  @ @ @@@  @    @
     @  @       @   @   @   @@ @    @    @
 @@@@   @    @@@  @@@@@ @    @ @     @@@@

Copyright 1999-2009 Hewlett-Packard Company.
All rights reserved.

SysInfo 6.21 by HP Services

Configuration data for wbnfwpd1
Collected on Wed Mar  2 03:15:09 EST 2011

The -a option has been deprecated and has been included in the -b and -H options...
The -T option has been deprecated and has been included in the -b and -H options...

Output file is /apps/support/sysinfo/data/sysinfo_wbnfwpd1_20110302.html
Gathering lvlnboot data...
Running HPUX 11.31
This is an Itanium system
Volume Manager(s): Logical Volume Manager (LVM)

Checking for config file - system_db
  Found config file = /usr/bin/system_db
Checking for serial number...USE913L39V
Launching ioscan
Finished ioscan
Gathering bdf information...OK...
Launching LVM scan; this could take a while...
  Processing Volume Groups...
  Processing logical volumes......................................
  Processing physical volumes........................
Finished LVM scan
Checking to see if we're running in a partition; Not in partition
Checking cstm daemon....diagmond daemon is running.
Checking cstm version.....found D.06.00
SysInfo will wait up to 600 seconds to allow cstm to finish and then will resume processing..
  *** CSTM ERROR: no CPU data found
  Trying to gather CPU data using machinfo...
  Found CPU data using machinfo...
  *** CSTM ERROR: no disk data found
CSTM has completed. SysInfo will now resume processing.
Collecting system data...
  Gathering system memory information...
  Gathering system uptime information...
  Gathering last patch information...
  Looking for the Root Volume Group.../dev/vgroot
  Looking for the root dump device.../dev/vgroot/lvswapA 
  Checking to see if the system is a Trusted System...No
  Determining kernel size...
  Gathering dump data...
    SAVECRASH is undefined
    CRASHCONF_ENABLED is enabled
Collecting H/W partitionable complex information.../usr/sbin/parstatus not found
Collecting Virtual Partition information......no VPAR's found
Collecting Virtual Machine information......cannot find /opt/hpvm/bin/hpvmstatus...
Collecting kernel information....please wait....
Collecting /stand/bootconf data...
Scanning network cards...
Scanning filesystems.....................................
Retrieving io_scan data 
Checking for the Device File System (DevFS)...DevFS is not mounted...
Collecting ICOD/ICAP information...iCOD not supported
Collecting SCSI bus data using mptconfig...No mpt devices found...
Collecting Fibre Channel device information.....
Collecting Secure Path information...not supported on HPUX 11.31...
Collecting SmartArray RAID card data...No SmartArray devices found...
Collecting online addition/replacement of PCI IO cards...
Retrieving io_scan data 
Scanning physical disks...Processing 26 disks.............................
Getting lvlnboot data 
Getting physical disks that are not in a VG.............................
Getting persisent device attributes.........................................
Checking for EVA Information...No EVA Luns discovered...
Checking for XP Disk Array Information......Cannot find any XP disks...
Retrieving lvm_scan data 
Scanning volume groups..........
Scanning VG configuration backup files.......
Generating map files for all volume groups........
Checking volume group configuration backups.......
Checking for inactive volume groups........
Checking for volume groups that don't exist in the /etc/lvmtab file........
Verifying that /, /stand, /opt, /tmp, /usr, /var, and /home are in /dev/vgroot...
  The /stand file system is not in /dev/vgroot
Retrieving lvm_scan data 
Scanning logical volumes......................................
Generating VG to physical disk mappings........
Generating LVOL to physical disk mappings...................................
Collecting software data 
Collecting registered software depots 
Checking for incompletely installed software 
Checking system security  
Checking system diagnostics ..
Checking Ignite-UX.
Collecting ISEE data
Checking to see if ServiceGuard is installed.
Checking to see if Omniback/Data Protector is installed and running...not installed...
Collecting NNM information
  NNM is not installed
Collecting OVO information
  OVO is not installed
Collecting Glance/MeasureWare/Perfview information. 
Checking system logfiles 
Errors and/or Warnings were found. Please check output file /apps/support/sysinfo/data/sysinfo_wbnfwpd1_20110302.html

End SysInfo 6.21 

